{
  "stats": {
    "suites": 1,
    "tests": 24,
    "passes": 24,
    "pending": 0,
    "failures": 0,
    "start": "2024-04-15T21:13:57.759Z",
    "end": "2024-04-15T21:17:30.536Z",
    "duration": 212777,
    "testsRegistered": 24,
    "passPercent": 100,
    "pendingPercent": 0,
    "other": 0,
    "hasOther": false,
    "skipped": 0,
    "hasSkipped": false
  },
  "results": [
    {
      "uuid": "5bedab64-837a-4190-8f9d-09dd08ddcad8",
      "title": "",
      "fullFile": "cypress\\e2e\\_CAFunding\\Credentialing-Assistance-MOS.ts",
      "file": "cypress\\e2e\\_CAFunding\\Credentialing-Assistance-MOS.ts",
      "beforeHooks": [],
      "afterHooks": [],
      "tests": [],
      "suites": [
        {
          "uuid": "6dcc08d2-1153-4962-ba8f-b78b1a70a7b0",
          "title": "Create CA MOS Funding Request",
          "fullFile": "",
          "file": "",
          "beforeHooks": [],
          "afterHooks": [],
          "tests": [
            {
              "title": "I can navigate to student search page",
              "fullTitle": "Create CA MOS Funding Request I can navigate to student search page",
              "timedOut": null,
              "duration": 7996,
              "state": "passed",
              "speed": "medium",
              "pass": true,
              "fail": false,
              "pending": false,
              "context": null,
              "code": "cy.defaultLogin();\ncy.wait(1000);\ncy.VisitMenuPage('Student', 'Search');\ncy.wait(2000);",
              "err": {},
              "uuid": "001a2109-2675-4c61-a126-72ada98e333b",
              "parentUUID": "6dcc08d2-1153-4962-ba8f-b78b1a70a7b0",
              "isHook": false,
              "skipped": false
            },
            {
              "title": "I can find Active MOS, cypress Student",
              "fullTitle": "Create CA MOS Funding Request I can find Active MOS, cypress Student",
              "timedOut": null,
              "duration": 7205,
              "state": "passed",
              "speed": "medium",
              "pass": true,
              "fail": false,
              "pending": false,
              "context": null,
              "code": "cy.SearchStudent('Cypress', 'MosTest');\ncy.contains(' Funding Requests ').click().wait(1500);",
              "err": {},
              "uuid": "6efa57c9-9b80-462f-a3e9-3ff9ee5ed00a",
              "parentUUID": "6dcc08d2-1153-4962-ba8f-b78b1a70a7b0",
              "isHook": false,
              "skipped": false
            },
            {
              "title": "deletes first CA Funding item",
              "fullTitle": "Create CA MOS Funding Request deletes first CA Funding item",
              "timedOut": null,
              "duration": 7525,
              "state": "passed",
              "speed": "medium",
              "pass": true,
              "fail": false,
              "pending": false,
              "context": null,
              "code": "cy.wait(1500);\ncy.get('app-all').then((body) => {\n    if (body.find('mat-card').length) {\n        cy.contains(' View Details ').click().wait(2000);\n        cy.contains('button', 'Delete').click();\n        cy.get('[formcontrolname=remarks]').click().type('Delete').wait(300);\n        cy.contains('Save').click().wait(1500);\n        cy.contains('Yes').click().wait(300);\n    }\n});\ncy.wait(1000);",
              "err": {},
              "uuid": "fcfcb00e-1997-4d5b-b12e-236e27327c87",
              "parentUUID": "6dcc08d2-1153-4962-ba8f-b78b1a70a7b0",
              "isHook": false,
              "skipped": false
            },
            {
              "title": "deletes second CA Funding item",
              "fullTitle": "Create CA MOS Funding Request deletes second CA Funding item",
              "timedOut": null,
              "duration": 10229,
              "state": "passed",
              "speed": "slow",
              "pass": true,
              "fail": false,
              "pending": false,
              "context": null,
              "code": "cy.wait(1500);\ncy.get('app-all').then((body) => {\n    if (body.find('mat-card').length) {\n        cy.contains(' Funding Requests ').click().wait(2500);\n        cy.contains(' View Details ').click().wait(2000);\n        cy.contains('button', 'Delete').click();\n        cy.get('[formcontrolname=remarks]').click().type('Delete').wait(300);\n        cy.contains('Save').click().wait(1500);\n        cy.contains('Yes').click().wait(300);\n    }\n});\ncy.wait(1000);",
              "err": {},
              "uuid": "113e52d3-7a23-41aa-8dff-05af89d3b43c",
              "parentUUID": "6dcc08d2-1153-4962-ba8f-b78b1a70a7b0",
              "isHook": false,
              "skipped": false
            },
            {
              "title": "deletes third CA Funding item",
              "fullTitle": "Create CA MOS Funding Request deletes third CA Funding item",
              "timedOut": null,
              "duration": 9052,
              "state": "passed",
              "speed": "medium",
              "pass": true,
              "fail": false,
              "pending": false,
              "context": null,
              "code": "cy.wait(1500);\ncy.get('app-all').then((body) => {\n    if (body.find('mat-card').length) {\n        cy.contains(' Funding Requests ').click().wait(2500);\n        cy.contains(' View Details ').click().wait(1000);\n        cy.contains('button', 'Delete').click();\n        cy.get('[formcontrolname=remarks]').click().type('Delete').wait(300);\n        cy.contains('Save').click().wait(1500);\n        cy.contains('Yes').click().wait(300);\n    }\n});\ncy.wait(1000);",
              "err": {},
              "uuid": "ad1ddcc4-db44-46d2-a505-fd737b5ef061",
              "parentUUID": "6dcc08d2-1153-4962-ba8f-b78b1a70a7b0",
              "isHook": false,
              "skipped": false
            },
            {
              "title": "deletes Fourth CA Funding item",
              "fullTitle": "Create CA MOS Funding Request deletes Fourth CA Funding item",
              "timedOut": null,
              "duration": 2525,
              "state": "passed",
              "speed": "fast",
              "pass": true,
              "fail": false,
              "pending": false,
              "context": null,
              "code": "cy.wait(1500);\ncy.get('app-all').then((body) => {\n    if (body.find('mat-card').length) {\n        cy.contains(' Funding Requests ').click().wait(1500);\n        cy.contains(' View Details ').click().wait(1000);\n        cy.contains('button', 'Delete').click();\n        cy.get('[formcontrolname=remarks]').click().type('Delete').wait(300);\n        cy.contains('Save').click().wait(1500);\n        cy.contains('Yes').click().wait(1300);\n    }\n});\ncy.wait(1000);",
              "err": {},
              "uuid": "d1e46877-b432-4dc6-b5fa-44aed723f9a9",
              "parentUUID": "6dcc08d2-1153-4962-ba8f-b78b1a70a7b0",
              "isHook": false,
              "skipped": false
            },
            {
              "title": "Navigates to funding",
              "fullTitle": "Create CA MOS Funding Request Navigates to funding",
              "timedOut": null,
              "duration": 14915,
              "state": "passed",
              "speed": "slow",
              "pass": true,
              "fail": false,
              "pending": false,
              "context": null,
              "code": "cy.contains(' Education Goals ').click().wait(3000);\ncy.contains(' Issue Funding ').click().wait(4000);\n//Demographic\ncy.contains('Create Credentialing Assistance Request');\ncy.contains('button', 'Start Application').click().wait(2000);\ncy.getMatSelectControl('fundingRequestReasonId').click().get('mat-option').contains(' Credentialing ').click().wait(1000);\ncy.get('[type=\"radio\"]').check('false', { force: true }).wait(1000);\ncy.get('#demographic').click().wait(3000);",
              "err": {},
              "uuid": "92f97c88-bb00-4824-8f90-607e98cfa7b9",
              "parentUUID": "6dcc08d2-1153-4962-ba8f-b78b1a70a7b0",
              "isHook": false,
              "skipped": false
            },
            {
              "title": "Enters Exam Center",
              "fullTitle": "Create CA MOS Funding Request Enters Exam Center",
              "timedOut": null,
              "duration": 14139,
              "state": "passed",
              "speed": "slow",
              "pass": true,
              "fail": false,
              "pending": false,
              "context": null,
              "code": "//Exam Center\ncy.contains('Create Credentialing Assistance Request').wait(3000);\ncy.getInputControl('institution').click().type('comptia').wait(2000).type('{downarrow}').click().wait(1000);\ncy.contains(' COMPTIA ').click().wait(1000);\ncy.getInputControl('campus').click().wait(1000);\ncy.contains(' COMPTIA - MAIN CAMPUS ').click().wait(1000);\ncy.get('[role=\"tabpanel\"]').should('not.include.text', 'The institution you have selected is not eligible for any programs.');\ncy.get('#institution').click().wait(3000);",
              "err": {},
              "uuid": "ec576c52-20b2-4816-9682-3646fdba01f3",
              "parentUUID": "6dcc08d2-1153-4962-ba8f-b78b1a70a7b0",
              "isHook": false,
              "skipped": false
            },
            {
              "title": "Enters term dates",
              "fullTitle": "Create CA MOS Funding Request Enters term dates",
              "timedOut": null,
              "duration": 9419,
              "state": "passed",
              "speed": "medium",
              "pass": true,
              "fail": false,
              "pending": false,
              "context": null,
              "code": "//get more than 60 days away\nvar todayDate = moment__WEBPACK_IMPORTED_MODULE_1__().add(60, 'days').format(\"M/DD/YYYY\");\nvar tomorrowDate = moment__WEBPACK_IMPORTED_MODULE_1__().add(62, 'days').format(\"M/DD/YYYY\");\n// check for only manual input\ncy.get('.termTitle').should('not.exist').wait(1000);\n//add course dates\ncy.get('[for=endDateSelector]')\n    .type(tomorrowDate).wait(1500);\n// .type(tomorrowDate.toString());\n//add course dates\ncy.get('[for=startDateSelector]')\n    .type(todayDate);\n//.type(todayDate.toString());\ncy.get('[for=endDateSelector]').click();\ncy.wait(4000);\n//submit search \ncy.get('#termDates').click();",
              "err": {},
              "uuid": "34a353fa-228e-4869-b81a-df8cfacdce5d",
              "parentUUID": "6dcc08d2-1153-4962-ba8f-b78b1a70a7b0",
              "isHook": false,
              "skipped": false
            },
            {
              "title": "Submits funding type",
              "fullTitle": "Create CA MOS Funding Request Submits funding type",
              "timedOut": null,
              "duration": 9171,
              "state": "passed",
              "speed": "medium",
              "pass": true,
              "fail": false,
              "pending": false,
              "context": null,
              "code": "//Funding selector\ncy.contains('button', 'Add Exam').click().wait(1500);\ncy.contains('Select Exam').click().wait(500);\ncy.get('[formcontrolname=courseLocationId]').click().wait(500);\ncy.contains(' Off Installation ').click().wait(500);\ncy.getInputControl('creditCost').click().type('350').wait(1500);\ncy.contains('Add Exam').click().wait(1500);\ncy.get('#courses').click().wait(1500);",
              "err": {},
              "uuid": "07471957-bb05-4078-ab94-056efa32fdcb",
              "parentUUID": "6dcc08d2-1153-4962-ba8f-b78b1a70a7b0",
              "isHook": false,
              "skipped": false
            },
            {
              "title": "I can attach supporting documentation",
              "fullTitle": "Create CA MOS Funding Request I can attach supporting documentation",
              "timedOut": null,
              "duration": 7755,
              "state": "passed",
              "speed": "medium",
              "pass": true,
              "fail": false,
              "pending": false,
              "context": null,
              "code": "cy.wait(500);\nconst fixtureFile = 'DummyDoc.pdf';\ncy.get('input[type=\"file\"]').eq(0).attachFile(fixtureFile);\ncy.wait(3000);\ncy.get('input[type=\"file\"').eq(2).attachFile(fixtureFile);\ncy.wait(3000);\ncy.contains('button', 'Submit').click();\ncy.wait(1000);",
              "err": {},
              "uuid": "8ce28733-b283-40fa-aedc-ed8793993cd4",
              "parentUUID": "6dcc08d2-1153-4962-ba8f-b78b1a70a7b0",
              "isHook": false,
              "skipped": false
            },
            {
              "title": "Navigates to funding",
              "fullTitle": "Create CA MOS Funding Request Navigates to funding",
              "timedOut": null,
              "duration": 12092,
              "state": "passed",
              "speed": "slow",
              "pass": true,
              "fail": false,
              "pending": false,
              "context": null,
              "code": "cy.contains(' Education Goals ').click().wait(3000);\ncy.contains(' Issue Funding ').click().wait(4000);\n//Demographic\ncy.contains('Create Credentialing Assistance Request');\ncy.contains('button', 'Start Application').click();\ncy.get('[type=\"radio\"]').check('false', { force: true }).wait(1000);\ncy.get('#demographic').click().wait(3000);",
              "err": {},
              "uuid": "28ca334b-739e-4ab9-a3bd-0f3a46bf1091",
              "parentUUID": "6dcc08d2-1153-4962-ba8f-b78b1a70a7b0",
              "isHook": false,
              "skipped": false
            },
            {
              "title": "Enters Exam Center",
              "fullTitle": "Create CA MOS Funding Request Enters Exam Center",
              "timedOut": null,
              "duration": 11277,
              "state": "passed",
              "speed": "slow",
              "pass": true,
              "fail": false,
              "pending": false,
              "context": null,
              "code": "//Exam Center\ncy.contains('Create Credentialing Assistance Request').wait(2000);\ncy.getInputControl('institution').click().type('comptia').wait(2000).type('{downarrow}').click().wait(1000);\ncy.contains(' COMPTIA ').click().wait(1000);\ncy.getInputControl('campus').click().wait(1000);\ncy.contains(' COMPTIA - MAIN CAMPUS ').click().wait(1000);\ncy.get('#institution').click().wait(2000);",
              "err": {},
              "uuid": "090328a6-5f5c-4a81-8745-9df9410d8b80",
              "parentUUID": "6dcc08d2-1153-4962-ba8f-b78b1a70a7b0",
              "isHook": false,
              "skipped": false
            },
            {
              "title": "Enters term dates",
              "fullTitle": "Create CA MOS Funding Request Enters term dates",
              "timedOut": null,
              "duration": 10483,
              "state": "passed",
              "speed": "slow",
              "pass": true,
              "fail": false,
              "pending": false,
              "context": null,
              "code": "//get more than 60 days away\nvar todayDate = moment__WEBPACK_IMPORTED_MODULE_1__().add(60, 'days').format(\"M/DD/YYYY\");\nvar tomorrowDate = moment__WEBPACK_IMPORTED_MODULE_1__().add(62, 'days').format(\"M/DD/YYYY\");\n// check for only manual input\ncy.get('.termTitle').should('not.exist');\ncy.get('[for=endDateSelector]')\n    .type(tomorrowDate).wait(1500);\n// .type(tomorrowDate.toString());\n//add course dates\ncy.get('[for=startDateSelector]')\n    .type(todayDate);\n//.type(todayDate.toString());\ncy.get('[for=endDateSelector]').click();\ncy.wait(4000);\n//submit search \ncy.get('#termDates').click();\ncy.wait(2000);",
              "err": {},
              "uuid": "c8d60d6f-d83b-4778-a4ed-f18fe9c85971",
              "parentUUID": "6dcc08d2-1153-4962-ba8f-b78b1a70a7b0",
              "isHook": false,
              "skipped": false
            },
            {
              "title": "Verify exam cannot be added through funding screen",
              "fullTitle": "Create CA MOS Funding Request Verify exam cannot be added through funding screen",
              "timedOut": null,
              "duration": 3421,
              "state": "passed",
              "speed": "fast",
              "pass": true,
              "fail": false,
              "pending": false,
              "context": null,
              "code": "cy.get('button, [title=\"Exam\"]').should('be.disabled');\n// Should see correct status\ncy.screenshot().wait(3000);",
              "err": {},
              "uuid": "ca25e6ef-1c7b-4726-98d8-ea08bb117d44",
              "parentUUID": "6dcc08d2-1153-4962-ba8f-b78b1a70a7b0",
              "isHook": false,
              "skipped": false
            },
            {
              "title": "Enters funding type",
              "fullTitle": "Create CA MOS Funding Request Enters funding type",
              "timedOut": null,
              "duration": 5075,
              "state": "passed",
              "speed": "medium",
              "pass": true,
              "fail": false,
              "pending": false,
              "context": null,
              "code": "//Funding selector - training\ncy.contains('button', 'Add Training').click().wait(1000);\ncy.get('[formcontrolname=\"title\"]').click().type('Test Training');\ncy.get('[formcontrolname=\"creditCost\"]').click().type('250');\ncy.get('[formcontrolname=\"feeDescription\"]').click().type('Cypress Testing');\ncy.contains('button', 'Add Training').click().wait(1000);\ncy.get('#courses').click().wait(1000);",
              "err": {},
              "uuid": "49585a4e-3372-475b-8a1c-ee4dcbc07526",
              "parentUUID": "6dcc08d2-1153-4962-ba8f-b78b1a70a7b0",
              "isHook": false,
              "skipped": false
            },
            {
              "title": "Upload attachments, submit training",
              "fullTitle": "Create CA MOS Funding Request Upload attachments, submit training",
              "timedOut": null,
              "duration": 7714,
              "state": "passed",
              "speed": "medium",
              "pass": true,
              "fail": false,
              "pending": false,
              "context": null,
              "code": "cy.wait(500);\nconst fixtureFile = 'DummyDoc.pdf';\ncy.get('input[type=\"file\"]').eq(0).attachFile(fixtureFile);\ncy.wait(3000);\ncy.get('input[type=\"file\"').eq(2).attachFile(fixtureFile);\ncy.wait(3000);\ncy.contains('button', 'Submit').click();\ncy.wait(1000);",
              "err": {},
              "uuid": "af6d0fdd-35f3-4626-b0db-1bf94b920acd",
              "parentUUID": "6dcc08d2-1153-4962-ba8f-b78b1a70a7b0",
              "isHook": false,
              "skipped": false
            },
            {
              "title": "Verify ACAPO Concurs status status for funding",
              "fullTitle": "Create CA MOS Funding Request Verify ACAPO Concurs status status for funding",
              "timedOut": null,
              "duration": 5440,
              "state": "passed",
              "speed": "medium",
              "pass": true,
              "fail": false,
              "pending": false,
              "context": null,
              "code": "// Should see correct status\ncy.screenshot().wait(3000);\ncy.contains('PENDING SIGNATURE', { matchCase: false }).wait(2000);",
              "err": {},
              "uuid": "8c482601-bde1-4a22-a69f-8e4ea2edf638",
              "parentUUID": "6dcc08d2-1153-4962-ba8f-b78b1a70a7b0",
              "isHook": false,
              "skipped": false
            },
            {
              "title": "Navigates to funding",
              "fullTitle": "Create CA MOS Funding Request Navigates to funding",
              "timedOut": null,
              "duration": 11875,
              "state": "passed",
              "speed": "slow",
              "pass": true,
              "fail": false,
              "pending": false,
              "context": null,
              "code": "cy.contains(' Education Goals ').click().wait(3000);\ncy.contains(' Issue Funding ').click().wait(4000);\n//Demographic\ncy.contains('Create Credentialing Assistance Request');\ncy.contains('button', 'Start Application').click();\ncy.get('[type=\"radio\"]').check('false', { force: true }).wait(1000);\ncy.get('#demographic').click().wait(3000);",
              "err": {},
              "uuid": "f0e63209-9d74-4ed4-b4ac-49913c7dd4fa",
              "parentUUID": "6dcc08d2-1153-4962-ba8f-b78b1a70a7b0",
              "isHook": false,
              "skipped": false
            },
            {
              "title": "Enters Exam Center",
              "fullTitle": "Create CA MOS Funding Request Enters Exam Center",
              "timedOut": null,
              "duration": 12193,
              "state": "passed",
              "speed": "slow",
              "pass": true,
              "fail": false,
              "pending": false,
              "context": null,
              "code": "//Exam Center\ncy.contains('Create Credentialing Assistance Request').wait(2000);\ncy.getInputControl('institution').click().type('comptia').wait(2000).type('{downarrow}').click().wait(1000);\ncy.contains(' COMPTIA ').click().wait(1000);\ncy.getInputControl('campus').click().wait(1000);\ncy.contains(' COMPTIA - MAIN CAMPUS ').click().wait(1000);\ncy.get('#institution').click().wait(3000);",
              "err": {},
              "uuid": "aa40a894-8282-4c97-8bdc-9be9935d4471",
              "parentUUID": "6dcc08d2-1153-4962-ba8f-b78b1a70a7b0",
              "isHook": false,
              "skipped": false
            },
            {
              "title": "Enters term dates",
              "fullTitle": "Create CA MOS Funding Request Enters term dates",
              "timedOut": null,
              "duration": 16397,
              "state": "passed",
              "speed": "slow",
              "pass": true,
              "fail": false,
              "pending": false,
              "context": null,
              "code": "//get more than 60 days away\nvar todayDate = moment__WEBPACK_IMPORTED_MODULE_1__().add(60, 'days').format(\"M/DD/YYYY\");\nvar tomorrowDate = moment__WEBPACK_IMPORTED_MODULE_1__().add(62, 'days').format(\"M/DD/YYYY\");\n// check for only manual input\ncy.get('.termTitle').should('not.exist');\ncy.get('[for=endDateSelector]')\n    .type(tomorrowDate).wait(1500);\n// .type(tomorrowDate.toString());\n//add course dates\ncy.get('[for=startDateSelector]')\n    .type(todayDate);\n//.type(todayDate.toString());\ncy.get('[for=endDateSelector]').click();\ncy.wait(4000);\n//submit search \ncy.get('#termDates').click();\ncy.wait(1000);",
              "err": {},
              "uuid": "207e113f-5eb0-44c8-a294-1857b8e1825a",
              "parentUUID": "6dcc08d2-1153-4962-ba8f-b78b1a70a7b0",
              "isHook": false,
              "skipped": false
            },
            {
              "title": "Selects Book and Materials",
              "fullTitle": "Create CA MOS Funding Request Selects Book and Materials",
              "timedOut": null,
              "duration": 6498,
              "state": "passed",
              "speed": "medium",
              "pass": true,
              "fail": false,
              "pending": false,
              "context": null,
              "code": "//Funding selector - books\ncy.contains('button', ' Add Books and Materials ').click().wait(1000);\ncy.get('[formcontrolname=associatedTrainingExamID]').click().wait(2000);\ncy.contains(' Test Training - TRAINING ').click().wait(1000);\ncy.get('[formcontrolname=\"fundingRequestItemFeeTypeId\"]').click();\ncy.contains('mat-option', ' Books ').click();\ncy.get('[formcontrolname=\"creditCost\"]').click().type('250');\ncy.get('[formcontrolname=\"feeDescription\"]').click().type('Cypress Testing');\ncy.contains('button', 'Add Book and Material').click().wait(500);\ncy.get('#courses').click().wait(500);",
              "err": {},
              "uuid": "8dac01e5-cea5-4d2a-93ce-d92df8bbbd8f",
              "parentUUID": "6dcc08d2-1153-4962-ba8f-b78b1a70a7b0",
              "isHook": false,
              "skipped": false
            },
            {
              "title": "Upload attachments, submit training",
              "fullTitle": "Create CA MOS Funding Request Upload attachments, submit training",
              "timedOut": null,
              "duration": 7718,
              "state": "passed",
              "speed": "medium",
              "pass": true,
              "fail": false,
              "pending": false,
              "context": null,
              "code": "cy.wait(500);\nconst fixtureFile = 'DummyDoc.pdf';\ncy.get('input[type=\"file\"]').eq(0).attachFile(fixtureFile);\ncy.wait(3000);\ncy.get('input[type=\"file\"').eq(2).attachFile(fixtureFile);\ncy.wait(3000);\ncy.contains('button', 'Submit').click();\ncy.wait(1000);",
              "err": {},
              "uuid": "c9494abe-0b37-4382-ad00-c517b80a26d6",
              "parentUUID": "6dcc08d2-1153-4962-ba8f-b78b1a70a7b0",
              "isHook": false,
              "skipped": false
            },
            {
              "title": "I should see AC/PF status for funding",
              "fullTitle": "Create CA MOS Funding Request I should see AC/PF status for funding",
              "timedOut": null,
              "duration": 2055,
              "state": "passed",
              "speed": "fast",
              "pass": true,
              "fail": false,
              "pending": false,
              "context": null,
              "code": "// Should see correct status\ncy.contains('PENDING SIGNATURE', { matchCase: false }).wait(2000);",
              "err": {},
              "uuid": "0e771cd6-459b-4343-9c4e-f6e5f6a30c17",
              "parentUUID": "6dcc08d2-1153-4962-ba8f-b78b1a70a7b0",
              "isHook": false,
              "skipped": false
            }
          ],
          "suites": [],
          "passes": [
            "001a2109-2675-4c61-a126-72ada98e333b",
            "6efa57c9-9b80-462f-a3e9-3ff9ee5ed00a",
            "fcfcb00e-1997-4d5b-b12e-236e27327c87",
            "113e52d3-7a23-41aa-8dff-05af89d3b43c",
            "ad1ddcc4-db44-46d2-a505-fd737b5ef061",
            "d1e46877-b432-4dc6-b5fa-44aed723f9a9",
            "92f97c88-bb00-4824-8f90-607e98cfa7b9",
            "ec576c52-20b2-4816-9682-3646fdba01f3",
            "34a353fa-228e-4869-b81a-df8cfacdce5d",
            "07471957-bb05-4078-ab94-056efa32fdcb",
            "8ce28733-b283-40fa-aedc-ed8793993cd4",
            "28ca334b-739e-4ab9-a3bd-0f3a46bf1091",
            "090328a6-5f5c-4a81-8745-9df9410d8b80",
            "c8d60d6f-d83b-4778-a4ed-f18fe9c85971",
            "ca25e6ef-1c7b-4726-98d8-ea08bb117d44",
            "49585a4e-3372-475b-8a1c-ee4dcbc07526",
            "af6d0fdd-35f3-4626-b0db-1bf94b920acd",
            "8c482601-bde1-4a22-a69f-8e4ea2edf638",
            "f0e63209-9d74-4ed4-b4ac-49913c7dd4fa",
            "aa40a894-8282-4c97-8bdc-9be9935d4471",
            "207e113f-5eb0-44c8-a294-1857b8e1825a",
            "8dac01e5-cea5-4d2a-93ce-d92df8bbbd8f",
            "c9494abe-0b37-4382-ad00-c517b80a26d6",
            "0e771cd6-459b-4343-9c4e-f6e5f6a30c17"
          ],
          "failures": [],
          "pending": [],
          "skipped": [],
          "duration": 212169,
          "root": false,
          "rootEmpty": false,
          "_timeout": 2000
        }
      ],
      "passes": [],
      "failures": [],
      "pending": [],
      "skipped": [],
      "duration": 0,
      "root": true,
      "rootEmpty": true,
      "_timeout": 2000
    }
  ],
  "meta": {
    "mocha": {
      "version": "7.0.1"
    },
    "mochawesome": {
      "options": {
        "quiet": false,
        "reportFilename": "mochawesome",
        "saveHtml": false,
        "saveJson": true,
        "consoleReporter": "spec",
        "useInlineDiffs": false,
        "code": true
      },
      "version": "7.1.3"
    },
    "marge": {
      "options": {
        "reportDir": "cypress/reports/mocha",
        "overwrite": false,
        "html": false,
        "json": true
      },
      "version": "6.2.0"
    }
  }
}