{
  "stats": {
    "suites": 1,
    "tests": 6,
    "passes": 6,
    "pending": 0,
    "failures": 0,
    "start": "2024-04-15T22:19:41.374Z",
    "end": "2024-04-15T22:20:05.294Z",
    "duration": 23920,
    "testsRegistered": 6,
    "passPercent": 100,
    "pendingPercent": 0,
    "other": 0,
    "hasOther": false,
    "skipped": 0,
    "hasSkipped": false
  },
  "results": [
    {
      "uuid": "e1162885-5648-4419-bae0-509838221879",
      "title": "",
      "fullFile": "cypress\\e2e\\_CadetFunding\\Cadets\\PMS-XO-Approves-CPR.ts",
      "file": "cypress\\e2e\\_CadetFunding\\Cadets\\PMS-XO-Approves-CPR.ts",
      "beforeHooks": [],
      "afterHooks": [],
      "tests": [],
      "suites": [
        {
          "uuid": "02b414d5-fb17-4110-addb-56d1b4b0a40e",
          "title": "PMSXO Approves CPR",
          "fullFile": "",
          "file": "",
          "beforeHooks": [],
          "afterHooks": [],
          "tests": [
            {
              "title": "clean up request",
              "fullTitle": "PMSXO Approves CPR clean up request",
              "timedOut": null,
              "duration": 336,
              "state": "passed",
              "speed": "fast",
              "pass": true,
              "fail": false,
              "pending": false,
              "context": null,
              "code": "cy.impersonateToken('3323715');\ncy.getFundingRequest('3323828').then((response) => {\n    const cadetBooksItem = response.body.find(item => item.fundingRequestTypeDescription === 'Cadet Books');\n    if (cadetBooksItem) {\n        const fundingRequestVar = cadetBooksItem.id;\n        console.log(fundingRequestVar);\n        const fundingRequestVarString = JSON.stringify(fundingRequestVar);\n        // Pass fundingRequestVarString to the PowerShell script\n        cy.exec(`powershell.exe -File ./cypress/support/DeleteFundingRequest.ps1 -fundingRequestVar '${fundingRequestVarString}'`).then((result) => {\n            console.log(result.stdout);\n            console.log(fundingRequestVar);\n            console.log(fundingRequestVarString);\n        });\n    }\n    else {\n        console.log('No item found with fundingRequestTypeDescription of Cadet Books');\n    }\n    // Convert fundingRequestVar to a JSON string\n});",
              "err": {},
              "uuid": "fa669bbd-39dd-497a-b989-7ec8f7efa0b3",
              "parentUUID": "02b414d5-fb17-4110-addb-56d1b4b0a40e",
              "isHook": false,
              "skipped": false
            },
            {
              "title": "Sets up the test",
              "fullTitle": "PMSXO Approves CPR Sets up the test",
              "timedOut": null,
              "duration": 3468,
              "state": "passed",
              "speed": "fast",
              "pass": true,
              "fail": false,
              "pending": false,
              "context": null,
              "code": "cy.impersonateToken('3323715');\ncy.getFundingRequest('3323828').then((response) => {\n    const CPR = response.body.find(item => item.fundingRequestTypeDescription === 'Cadet Tuition And Fees');\n    if (CPR) {\n        const fundingRequestVar = CPR.id;\n        console.log(fundingRequestVar);\n        const fundingRequestVarString = JSON.stringify(fundingRequestVar);\n        // Pass fundingRequestVarString to the PowerShell script\n        cy.exec(`powershell.exe -File ./cypress/support/setNeutralCPRstatus.ps1 -fundingRequestVar '${fundingRequestVarString}'`).then((result) => {\n            console.log(result.stdout);\n            console.log(fundingRequestVar);\n            console.log(fundingRequestVarString);\n        });\n    }\n    else {\n        console.log('No item found with fundingRequestTypeDescription of Cadet Books');\n    }\n});\ncy.impersonateToken('3323715');\ncy.PostFundingRequestStatus('3323828', '21394', '35');",
              "err": {},
              "uuid": "94c34b6f-6704-452e-babe-02b6cb6eed05",
              "parentUUID": "02b414d5-fb17-4110-addb-56d1b4b0a40e",
              "isHook": false,
              "skipped": false
            },
            {
              "title": "Log in as PMSXO, find student",
              "fullTitle": "PMSXO Approves CPR Log in as PMSXO, find student",
              "timedOut": null,
              "duration": 11413,
              "state": "passed",
              "speed": "slow",
              "pass": true,
              "fail": false,
              "pending": false,
              "context": null,
              "code": "cy.visit('/account/impersonate');\ncy.wait(2000);\ncy.login('Bilal', 'PMS-XO');\ncy.visit('/student/view/3323828');\ncy.contains(' Funding Requests ').click().wait(2000);",
              "err": {},
              "uuid": "c8b835ac-5edf-40f0-9555-859269ce3c70",
              "parentUUID": "02b414d5-fb17-4110-addb-56d1b4b0a40e",
              "isHook": false,
              "skipped": false
            },
            {
              "title": "View request, verifies attachment",
              "fullTitle": "PMSXO Approves CPR View request, verifies attachment",
              "timedOut": null,
              "duration": 4544,
              "state": "passed",
              "speed": "fast",
              "pass": true,
              "fail": false,
              "pending": false,
              "context": null,
              "code": "Cypress.on('uncaught:exception', (err) => {\n    if (/ResizeObserver loop limit exceeded/.test(err.message)) {\n        // returning false here prevents Cypress from failing test\n        // this was throwing an error when clicking the attachment and the screen switching back to the funding request.\n        return false;\n    }\n});\ncy.get('.mat-accordion').eq(0).within(() => {\n    cy.contains('ID #21394-BOSTON UNIVERSITY');\n    cy.contains('Spring Term'); //verify spring term appears on CPR\n    cy.contains('button', 'View Details').click().wait(1000);\n});\ncy.contains('Spring Term');\ncy.contains('attachment').click().wait(1000);\ncy.contains('DummyDoc.pdf').click().wait(2000);",
              "err": {},
              "uuid": "005011a9-7d24-4548-933b-e0eaaf715f4e",
              "parentUUID": "02b414d5-fb17-4110-addb-56d1b4b0a40e",
              "isHook": false,
              "skipped": false
            },
            {
              "title": "Selects Approve button",
              "fullTitle": "PMSXO Approves CPR Selects Approve button",
              "timedOut": null,
              "duration": 3707,
              "state": "passed",
              "speed": "fast",
              "pass": true,
              "fail": false,
              "pending": false,
              "context": null,
              "code": "cy.contains('button', ' Approve ').click().wait(2000);\ncy.get('[formcontrolname=\"remarks\"]').click().type(messageKey + 'Approved Message');\ncy.contains('button', 'Change Status').click().wait(1000);\ncy.contains(' PMS or XO Concurs / Pending G8 Preapprover ');",
              "err": {},
              "uuid": "d36b2152-c76a-4be0-a4b1-95e7bfbf2c05",
              "parentUUID": "02b414d5-fb17-4110-addb-56d1b4b0a40e",
              "isHook": false,
              "skipped": false
            },
            {
              "title": "logs out",
              "fullTitle": "PMSXO Approves CPR logs out",
              "timedOut": null,
              "duration": 341,
              "state": "passed",
              "speed": "fast",
              "pass": true,
              "fail": false,
              "pending": false,
              "context": null,
              "code": "cy.contains('Bilal PMS-XO').click();\ncy.contains('Logout').click();",
              "err": {},
              "uuid": "9f700901-296b-4191-b44e-c27760a589cf",
              "parentUUID": "02b414d5-fb17-4110-addb-56d1b4b0a40e",
              "isHook": false,
              "skipped": false
            }
          ],
          "suites": [],
          "passes": [
            "fa669bbd-39dd-497a-b989-7ec8f7efa0b3",
            "94c34b6f-6704-452e-babe-02b6cb6eed05",
            "c8b835ac-5edf-40f0-9555-859269ce3c70",
            "005011a9-7d24-4548-933b-e0eaaf715f4e",
            "d36b2152-c76a-4be0-a4b1-95e7bfbf2c05",
            "9f700901-296b-4191-b44e-c27760a589cf"
          ],
          "failures": [],
          "pending": [],
          "skipped": [],
          "duration": 23809,
          "root": false,
          "rootEmpty": false,
          "_timeout": 2000
        }
      ],
      "passes": [],
      "failures": [],
      "pending": [],
      "skipped": [],
      "duration": 0,
      "root": true,
      "rootEmpty": true,
      "_timeout": 2000
    }
  ],
  "meta": {
    "mocha": {
      "version": "7.0.1"
    },
    "mochawesome": {
      "options": {
        "quiet": false,
        "reportFilename": "mochawesome",
        "saveHtml": false,
        "saveJson": true,
        "consoleReporter": "spec",
        "useInlineDiffs": false,
        "code": true
      },
      "version": "7.1.3"
    },
    "marge": {
      "options": {
        "reportDir": "cypress/reports/mocha",
        "overwrite": false,
        "html": false,
        "json": true
      },
      "version": "6.2.0"
    }
  }
}