{
  "stats": {
    "suites": 1,
    "tests": 6,
    "passes": 6,
    "pending": 0,
    "failures": 0,
    "start": "2024-04-15T21:36:31.266Z",
    "end": "2024-04-15T21:36:46.623Z",
    "duration": 15357,
    "testsRegistered": 6,
    "passPercent": 100,
    "pendingPercent": 0,
    "other": 0,
    "hasOther": false,
    "skipped": 0,
    "hasSkipped": false
  },
  "results": [
    {
      "uuid": "538128f3-bb22-48d8-8983-846660e6fe63",
      "title": "",
      "fullFile": "cypress\\e2e\\accounting\\manage-accounts\\create-reimburse-account.ts",
      "file": "cypress\\e2e\\accounting\\manage-accounts\\create-reimburse-account.ts",
      "beforeHooks": [],
      "afterHooks": [],
      "tests": [],
      "suites": [
        {
          "uuid": "9b7989b0-c4a0-4877-a6b1-ed5a4681b410",
          "title": "Create Recoup account tests",
          "fullFile": "",
          "file": "",
          "beforeHooks": [],
          "afterHooks": [],
          "tests": [
            {
              "title": "I can navigate to page",
              "fullTitle": "Create Recoup account tests I can navigate to page",
              "timedOut": null,
              "duration": 5405,
              "state": "passed",
              "speed": "medium",
              "pass": true,
              "fail": false,
              "pending": false,
              "context": null,
              "code": "cy.defaultLogin();\ncy.get('fuse-sidebar').within(() => {\n    cy.contains('Accounting').click();\n    cy.wait(100);\n    cy.contains('Manage Accounts').click();\n});",
              "err": {},
              "uuid": "8dabf68a-e9ec-4cd7-bec6-17b936fce398",
              "parentUUID": "9b7989b0-c4a0-4877-a6b1-ed5a4681b410",
              "isHook": false,
              "skipped": false
            },
            {
              "title": "Create account",
              "fullTitle": "Create Recoup account tests Create account",
              "timedOut": null,
              "duration": 3503,
              "state": "passed",
              "speed": "fast",
              "pass": true,
              "fail": false,
              "pending": false,
              "context": null,
              "code": "cy.wait(3000);\ncy.contains('button', 'Add Account').click();\ncy.url().should('include', 'accounting/accounts/add-account');\ncy.get('mat-select').click()\n    .wait(100)\n    .get('mat-option')\n    .contains('Recoup').click();",
              "err": {},
              "uuid": "2f389d11-d7fe-4b31-8166-3f02bf1c8d6f",
              "parentUUID": "9b7989b0-c4a0-4877-a6b1-ed5a4681b410",
              "isHook": false,
              "skipped": false
            },
            {
              "title": "I can add required fields",
              "fullTitle": "Create Recoup account tests I can add required fields",
              "timedOut": null,
              "duration": 1894,
              "state": "passed",
              "speed": "fast",
              "pass": true,
              "fail": false,
              "pending": false,
              "context": null,
              "code": "cy.getInputControl('accountName').type('test recoup account');\ncy.getMatSelectControl('fundingRequestType').click()\n    .wait(100)\n    .get('mat-option')\n    .eq(1).click();\ncy.getInputControl('documentNumber').type('123');\ncy.getInputControl('sfis').type('sfis');\ncy.getInputControl('accountOwner').click()\n    .wait(100)\n    .get('mat-option')\n    .eq(1).click();\ncy.getInputControl('nameOnCard').type('card name');\ncy.contains('button', 'Add').click();",
              "err": {},
              "uuid": "1c8574d0-4952-4677-a801-70b65cf630c1",
              "parentUUID": "9b7989b0-c4a0-4877-a6b1-ed5a4681b410",
              "isHook": false,
              "skipped": false
            },
            {
              "title": "I can update record",
              "fullTitle": "Create Recoup account tests I can update record",
              "timedOut": null,
              "duration": 2444,
              "state": "passed",
              "speed": "fast",
              "pass": true,
              "fail": false,
              "pending": false,
              "context": null,
              "code": "cy.wait(500);\ncy.get('datatable-body-cell').contains('test recoup account').click();\ncy.wait(500);\ncy.getInputControl('accountName').clear().type('update recoup account');\ncy.getMatSelectControl('fundingRequestType').click()\n    .wait(100)\n    .get('mat-option')\n    .eq(2).click();\ncy.getInputControl('documentNumber').clear().type('321');\ncy.contains('button', 'Update').click();",
              "err": {},
              "uuid": "cfb80330-76fc-4dfd-997d-64022ed6fa3a",
              "parentUUID": "9b7989b0-c4a0-4877-a6b1-ed5a4681b410",
              "isHook": false,
              "skipped": false
            },
            {
              "title": "I can delete record",
              "fullTitle": "Create Recoup account tests I can delete record",
              "timedOut": null,
              "duration": 1515,
              "state": "passed",
              "speed": "fast",
              "pass": true,
              "fail": false,
              "pending": false,
              "context": null,
              "code": "cy.wait(500);\ncy.get('datatable-body-cell').contains('update recoup account').click();\ncy.wait(500);\ncy.contains('button', 'Delete').click();\ncy.wait(100);\ncy.contains('button', 'Yes').click();",
              "err": {},
              "uuid": "be19a602-ee6a-4857-8ac2-4f5ff8089d55",
              "parentUUID": "9b7989b0-c4a0-4877-a6b1-ed5a4681b410",
              "isHook": false,
              "skipped": false
            },
            {
              "title": "Clean up Accounts via API if needed",
              "fullTitle": "Create Recoup account tests Clean up Accounts via API if needed",
              "timedOut": null,
              "duration": 234,
              "state": "passed",
              "speed": "fast",
              "pass": true,
              "fail": false,
              "pending": false,
              "context": null,
              "code": "cy.retrieveToken();\ncy.GetInvoiceAccounts('2024').then((response) => {\n    response.body.forEach((item) => {\n        const alias = item.alias;\n        const id = item.id;\n        if (alias === 'update recoup account') {\n            cy.DeleteInvoicingAccount(id);\n            console.log('Account deleted on API Check to see why button did not work');\n        }\n        else\n            console.log('No account to delete');\n    });\n});",
              "err": {},
              "uuid": "ccdf8f3c-440a-4d6a-83fe-03d9ba39cd49",
              "parentUUID": "9b7989b0-c4a0-4877-a6b1-ed5a4681b410",
              "isHook": false,
              "skipped": false
            }
          ],
          "suites": [],
          "passes": [
            "8dabf68a-e9ec-4cd7-bec6-17b936fce398",
            "2f389d11-d7fe-4b31-8166-3f02bf1c8d6f",
            "1c8574d0-4952-4677-a801-70b65cf630c1",
            "cfb80330-76fc-4dfd-997d-64022ed6fa3a",
            "be19a602-ee6a-4857-8ac2-4f5ff8089d55",
            "ccdf8f3c-440a-4d6a-83fe-03d9ba39cd49"
          ],
          "failures": [],
          "pending": [],
          "skipped": [],
          "duration": 14995,
          "root": false,
          "rootEmpty": false,
          "_timeout": 2000
        }
      ],
      "passes": [],
      "failures": [],
      "pending": [],
      "skipped": [],
      "duration": 0,
      "root": true,
      "rootEmpty": true,
      "_timeout": 2000
    }
  ],
  "meta": {
    "mocha": {
      "version": "7.0.1"
    },
    "mochawesome": {
      "options": {
        "quiet": false,
        "reportFilename": "mochawesome",
        "saveHtml": false,
        "saveJson": true,
        "consoleReporter": "spec",
        "useInlineDiffs": false,
        "code": true
      },
      "version": "7.1.3"
    },
    "marge": {
      "options": {
        "reportDir": "cypress/reports/mocha",
        "overwrite": false,
        "html": false,
        "json": true
      },
      "version": "6.2.0"
    }
  }
}