{
  "stats": {
    "suites": 1,
    "tests": 4,
    "passes": 4,
    "pending": 0,
    "failures": 0,
    "start": "2024-04-15T21:56:58.807Z",
    "end": "2024-04-15T21:57:24.092Z",
    "duration": 25285,
    "testsRegistered": 4,
    "passPercent": 100,
    "pendingPercent": 0,
    "other": 0,
    "hasOther": false,
    "skipped": 0,
    "hasSkipped": false
  },
  "results": [
    {
      "uuid": "3e9b73e4-2273-4e78-a036-ff338844ccb9",
      "title": "",
      "fullFile": "cypress\\e2e\\_CIVFunding\\CivilianFunding\\TrainingOfficers\\UpdateGroupSF-182.ts",
      "file": "cypress\\e2e\\_CIVFunding\\CivilianFunding\\TrainingOfficers\\UpdateGroupSF-182.ts",
      "beforeHooks": [],
      "afterHooks": [],
      "tests": [],
      "suites": [
        {
          "uuid": "56656499-0d7f-42bf-b2a3-b57f86e27939",
          "title": "Training Officer Updates a group SF-182",
          "fullFile": "",
          "file": "",
          "beforeHooks": [],
          "afterHooks": [],
          "tests": [
            {
              "title": "create a new group SF-182 via api command",
              "fullTitle": "Training Officer Updates a group SF-182 create a new group SF-182 via api command",
              "timedOut": null,
              "duration": 205,
              "state": "passed",
              "speed": "fast",
              "pass": true,
              "fail": false,
              "pending": false,
              "context": null,
              "code": "cy.retrieveToken();\ncy.CreateGroupSF182();",
              "err": {},
              "uuid": "92fc893f-e0e4-47a4-ad9b-ec7ee0948059",
              "parentUUID": "56656499-0d7f-42bf-b2a3-b57f86e27939",
              "isHook": false,
              "skipped": false
            },
            {
              "title": "logs in as a training officer,navigate to Group SF-182",
              "fullTitle": "Training Officer Updates a group SF-182 logs in as a training officer,navigate to Group SF-182",
              "timedOut": null,
              "duration": 8212,
              "state": "passed",
              "speed": "medium",
              "pass": true,
              "fail": false,
              "pending": false,
              "context": null,
              "code": "cy.login('JJ', 'TrainingOfficer');\ncy.wait(1000);\ncy.visit('/student/funding-requests/group-training/all').wait(2000);\ncy.contains('button', 'View Details').first().click();",
              "err": {},
              "uuid": "9e2d36ac-7b98-4974-9946-f4b388bb2bf4",
              "parentUUID": "56656499-0d7f-42bf-b2a3-b57f86e27939",
              "isHook": false,
              "skipped": false
            },
            {
              "title": "I can update the Group SF-182",
              "fullTitle": "Training Officer Updates a group SF-182 I can update the Group SF-182",
              "timedOut": null,
              "duration": 14557,
              "state": "passed",
              "speed": "slow",
              "pass": true,
              "fail": false,
              "pending": false,
              "context": null,
              "code": "var startDate = moment__WEBPACK_IMPORTED_MODULE_0__().add(20, 'days').format(\"M/DD/YYYY\");\nvar endDate = moment__WEBPACK_IMPORTED_MODULE_0__().add(50, 'days').format(\"M/DD/YYYY\");\ncy.getInputControl('startDate').clear().click().type(startDate.toString());\ncy.getInputControl('endDate').clear().click().type(endDate.toString());\ncy.wait(1500);\ncy.getInputControl('dutyHours').clear().click().type('3').wait(1500);\ncy.getInputControl('nonDutyHours').clear().click().type('3').wait(500);\ncy.get('[formcontrolname=civilianTrainingPurposeTypeId]').type('{downarrow}{downarrow}{enter}');\ncy.getMatSelectControl('civilianTrainingTypeId').type('{downarrow}{downarrow}{enter}');\ncy.get('[formcontrolname=civilianTrainingSubTypeId]').type('{downarrow}{downarrow}{enter}');\ncy.get('[formcontrolname=civilianTrainingDeliveryTypeId]').type('{downarrow}{downarrow}{enter}');\ncy.get('[formcontrolname=civilianTrainingDesignationTypeId]').type('{downarrow}{downarrow}{enter}');\ncy.getMatSelectControl('civilianTrainingSourceTypeId').type('{downarrow}{enter}');\ncy.get('[formcontrolname=skillLearningObjective]').clear()\n    .type(startDate + endDate + \" Here is a learning objective for this course. It is a very good learning objective. It is the best learning objective.\")\n    .wait(500);\ncy.getInputControl('tuitionAndFeesCost').clear().type(\"200\").wait(500);\ncy.getInputControl('bookAndMaterialsCost').clear().type(\"25\").wait(1500);\ncy.getInputControl('nonGovernmentContributionCost').clear().type(\"25\").wait(1500);",
              "err": {},
              "uuid": "78fbefc7-c67f-4c1a-b15b-e005217a4aa3",
              "parentUUID": "56656499-0d7f-42bf-b2a3-b57f86e27939",
              "isHook": false,
              "skipped": false
            },
            {
              "title": "verfies fields are disabled",
              "fullTitle": "Training Officer Updates a group SF-182 verfies fields are disabled",
              "timedOut": null,
              "duration": 2187,
              "state": "passed",
              "speed": "fast",
              "pass": true,
              "fail": false,
              "pending": false,
              "context": null,
              "code": "cy.getInputControl('institutionCampusInstitutionName').should('be.disabled');\ncy.getInputControl('street1').should('be.disabled');\ncy.getInputControl('street2').should('be.disabled');\ncy.getInputControl('institutionCampusName').should('be.disabled');\ncy.getInputControl('city').should('be.disabled');\ncy.getInputControl('zip').should('be.disabled');\ncy.getInputControl('institutionPhone').should('be.disabled');\ncy.getInputControl('institutionEmail').should('be.disabled');\ncy.getInputControl('institutionWebsite').should('be.disabled');\ncy.getInputControl('institutionPOC').should('be.disabled');\ncy.contains('button', 'Update').click().wait(2000);",
              "err": {},
              "uuid": "85de9c42-10b8-480d-972b-ca5bbac53760",
              "parentUUID": "56656499-0d7f-42bf-b2a3-b57f86e27939",
              "isHook": false,
              "skipped": false
            }
          ],
          "suites": [],
          "passes": [
            "92fc893f-e0e4-47a4-ad9b-ec7ee0948059",
            "9e2d36ac-7b98-4974-9946-f4b388bb2bf4",
            "78fbefc7-c67f-4c1a-b15b-e005217a4aa3",
            "85de9c42-10b8-480d-972b-ca5bbac53760"
          ],
          "failures": [],
          "pending": [],
          "skipped": [],
          "duration": 25161,
          "root": false,
          "rootEmpty": false,
          "_timeout": 2000
        }
      ],
      "passes": [],
      "failures": [],
      "pending": [],
      "skipped": [],
      "duration": 0,
      "root": true,
      "rootEmpty": true,
      "_timeout": 2000
    }
  ],
  "meta": {
    "mocha": {
      "version": "7.0.1"
    },
    "mochawesome": {
      "options": {
        "quiet": false,
        "reportFilename": "mochawesome",
        "saveHtml": false,
        "saveJson": true,
        "consoleReporter": "spec",
        "useInlineDiffs": false,
        "code": true
      },
      "version": "7.1.3"
    },
    "marge": {
      "options": {
        "reportDir": "cypress/reports/mocha",
        "overwrite": false,
        "html": false,
        "json": true
      },
      "version": "6.2.0"
    }
  }
}