{
  "stats": {
    "suites": 1,
    "tests": 10,
    "passes": 10,
    "pending": 0,
    "failures": 0,
    "start": "2024-04-15T21:39:19.654Z",
    "end": "2024-04-15T21:39:34.767Z",
    "duration": 15113,
    "testsRegistered": 10,
    "passPercent": 100,
    "pendingPercent": 0,
    "other": 0,
    "hasOther": false,
    "skipped": 0,
    "hasSkipped": false
  },
  "results": [
    {
      "uuid": "599bcc1f-ff35-4dbb-8cac-901332ef83fa",
      "title": "",
      "fullFile": "cypress\\e2e\\reports\\civilianTraining\\SF182-Training-Cost-Report.ts",
      "file": "cypress\\e2e\\reports\\civilianTraining\\SF182-Training-Cost-Report.ts",
      "beforeHooks": [],
      "afterHooks": [],
      "tests": [],
      "suites": [
        {
          "uuid": "405ca5ad-645a-4f86-b9be-26a1f6d4898a",
          "title": "Admin Runs SF182 Training Cost Report",
          "fullFile": "",
          "file": "",
          "beforeHooks": [],
          "afterHooks": [],
          "tests": [
            {
              "title": "I can navigate to Civilian Reports page",
              "fullTitle": "Admin Runs SF182 Training Cost Report I can navigate to Civilian Reports page",
              "timedOut": null,
              "duration": 8361,
              "state": "passed",
              "speed": "medium",
              "pass": true,
              "fail": false,
              "pending": false,
              "context": null,
              "code": "cy.login('Cypress', 'Training Officer-P');\ncy.wait(3000);\ncy.contains('Reports').click();\ncy.contains('General Reports').click();\ncy.contains('mat-panel-title', 'Civilian Training').click();",
              "err": {},
              "uuid": "472d38a9-5621-4637-8bbd-41141790ed23",
              "parentUUID": "405ca5ad-645a-4f86-b9be-26a1f6d4898a",
              "isHook": false,
              "skipped": false
            },
            {
              "title": "I can navigate to the SF182 Training Cost report page",
              "fullTitle": "Admin Runs SF182 Training Cost Report I can navigate to the SF182 Training Cost report page",
              "timedOut": null,
              "duration": 225,
              "state": "passed",
              "speed": "fast",
              "pass": true,
              "fail": false,
              "pending": false,
              "context": null,
              "code": "cy.contains('.reportHeader', ' SF182 Training Cost ').click();\ncy.contains('div', 'SF182 Training Cost');\ncy.contains('span', 'No Records');",
              "err": {},
              "uuid": "669fc25a-c7e9-4c44-b170-a677a816265c",
              "parentUUID": "405ca5ad-645a-4f86-b9be-26a1f6d4898a",
              "isHook": false,
              "skipped": false
            },
            {
              "title": "I can Run Report for current FY without any filters",
              "fullTitle": "Admin Runs SF182 Training Cost Report I can Run Report for current FY without any filters",
              "timedOut": null,
              "duration": 115,
              "state": "passed",
              "speed": "fast",
              "pass": true,
              "fail": false,
              "pending": false,
              "context": null,
              "code": "cy.contains('Run Report').click();\ncy.contains('strong', 'Total Records');",
              "err": {},
              "uuid": "caf649cf-0c24-49ab-9585-b2477d1ac29f",
              "parentUUID": "405ca5ad-645a-4f86-b9be-26a1f6d4898a",
              "isHook": false,
              "skipped": false
            },
            {
              "title": "Check report column headers for visibility",
              "fullTitle": "Admin Runs SF182 Training Cost Report Check report column headers for visibility",
              "timedOut": null,
              "duration": 704,
              "state": "passed",
              "speed": "fast",
              "pass": true,
              "fail": false,
              "pending": false,
              "context": null,
              "code": "cy.contains('mat-header-cell', 'Title').should('exist');\ncy.contains('mat-header-cell', 'C-Individual').should('exist');\ncy.contains('mat-header-cell', 'C-Group').should('exist');\ncy.contains('mat-header-cell', 'C-All').should('exist');\ncy.contains('mat-header-cell', 'F-Individual').should('exist');\ncy.contains('mat-header-cell', 'F-Group').should('exist');\ncy.contains('mat-header-cell', 'F-All').should('exist');\ncy.contains('mat-header-cell', 'Civilians-All').should('exist');",
              "err": {},
              "uuid": "35204e78-cac0-49a6-aab2-55b090acf0e0",
              "parentUUID": "405ca5ad-645a-4f86-b9be-26a1f6d4898a",
              "isHook": false,
              "skipped": false
            },
            {
              "title": "I can export results",
              "fullTitle": "Admin Runs SF182 Training Cost Report I can export results",
              "timedOut": null,
              "duration": 2637,
              "state": "passed",
              "speed": "fast",
              "pass": true,
              "fail": false,
              "pending": false,
              "context": null,
              "code": "cy.intercept('POST', '/api/api/reports/excel').as('post');\ncy.contains('button', 'Export To Excel').click();\ncy.wait(\"@post\");\ncy.get('@post').its('request.body').should('have.property', 'fiscalYear');",
              "err": {},
              "uuid": "158de473-f140-4361-a6eb-549160e17c23",
              "parentUUID": "405ca5ad-645a-4f86-b9be-26a1f6d4898a",
              "isHook": false,
              "skipped": false
            },
            {
              "title": "I can can select date range",
              "fullTitle": "Admin Runs SF182 Training Cost Report I can can select date range",
              "timedOut": null,
              "duration": 775,
              "state": "passed",
              "speed": "fast",
              "pass": true,
              "fail": false,
              "pending": false,
              "context": null,
              "code": "cy.get('mat-radio-button[value=\"range\"]').click();\ncy.getInputControl('start').type('1/01/2023').should('have.value', '1/01/2023');\ncy.getInputControl('end').type('10/01/2023').should('have.value', '10/01/2023');",
              "err": {},
              "uuid": "e74c262e-1401-4f25-9c65-55d59cc9b2a8",
              "parentUUID": "405ca5ad-645a-4f86-b9be-26a1f6d4898a",
              "isHook": false,
              "skipped": false
            },
            {
              "title": "I can select different FYs",
              "fullTitle": "Admin Runs SF182 Training Cost Report I can select different FYs",
              "timedOut": null,
              "duration": 671,
              "state": "passed",
              "speed": "fast",
              "pass": true,
              "fail": false,
              "pending": false,
              "context": null,
              "code": "cy.get('mat-radio-button[value=\"fiscal\"]').click();\ncy.get('app-fiscal-year').click();\ncy.contains('2023').click();\ncy.get('mat-radio-button[value=\"fiscal\"]').click();\ncy.get('app-fiscal-year').click();\ncy.contains('2024').click();",
              "err": {},
              "uuid": "2d9adb60-13a1-4ec4-8220-0cccdca750b8",
              "parentUUID": "405ca5ad-645a-4f86-b9be-26a1f6d4898a",
              "isHook": false,
              "skipped": false
            },
            {
              "title": "I can select a spec Quarter",
              "fullTitle": "Admin Runs SF182 Training Cost Report I can select a spec Quarter",
              "timedOut": null,
              "duration": 105,
              "state": "passed",
              "speed": "fast",
              "pass": true,
              "fail": false,
              "pending": false,
              "context": null,
              "code": "cy.get('[type=\"checkbox\"]').eq(0).check();",
              "err": {},
              "uuid": "398cfb55-0d26-4751-b2fe-b3059ff1fd7d",
              "parentUUID": "405ca5ad-645a-4f86-b9be-26a1f6d4898a",
              "isHook": false,
              "skipped": false
            },
            {
              "title": "I can export results",
              "fullTitle": "Admin Runs SF182 Training Cost Report I can export results",
              "timedOut": null,
              "duration": 921,
              "state": "passed",
              "speed": "fast",
              "pass": true,
              "fail": false,
              "pending": false,
              "context": null,
              "code": "cy.intercept('POST', '/api/api/reports/excel').as('post');\ncy.contains('button', 'Export To Excel').click();\ncy.wait(\"@post\");\ncy.get('@post').its('request.body').should('have.property', 'fiscalYear');",
              "err": {},
              "uuid": "59d9c97e-c8ae-45fd-bfc4-ebc307eb1d32",
              "parentUUID": "405ca5ad-645a-4f86-b9be-26a1f6d4898a",
              "isHook": false,
              "skipped": false
            },
            {
              "title": "I can search using Career Field Group filters",
              "fullTitle": "Admin Runs SF182 Training Cost Report I can search using Career Field Group filters",
              "timedOut": null,
              "duration": 355,
              "state": "passed",
              "speed": "fast",
              "pass": true,
              "fail": false,
              "pending": false,
              "context": null,
              "code": "cy.get('[placeholder=\"Career Field Group\"]').click();\ncy.contains(' Career Fields Dir ').click();\ncy.contains('Run Report').click();",
              "err": {},
              "uuid": "07705c18-8d7a-43d4-a07d-7616e71ec5b0",
              "parentUUID": "405ca5ad-645a-4f86-b9be-26a1f6d4898a",
              "isHook": false,
              "skipped": false
            }
          ],
          "suites": [],
          "passes": [
            "472d38a9-5621-4637-8bbd-41141790ed23",
            "669fc25a-c7e9-4c44-b170-a677a816265c",
            "caf649cf-0c24-49ab-9585-b2477d1ac29f",
            "35204e78-cac0-49a6-aab2-55b090acf0e0",
            "158de473-f140-4361-a6eb-549160e17c23",
            "e74c262e-1401-4f25-9c65-55d59cc9b2a8",
            "2d9adb60-13a1-4ec4-8220-0cccdca750b8",
            "398cfb55-0d26-4751-b2fe-b3059ff1fd7d",
            "59d9c97e-c8ae-45fd-bfc4-ebc307eb1d32",
            "07705c18-8d7a-43d4-a07d-7616e71ec5b0"
          ],
          "failures": [],
          "pending": [],
          "skipped": [],
          "duration": 14869,
          "root": false,
          "rootEmpty": false,
          "_timeout": 2000
        }
      ],
      "passes": [],
      "failures": [],
      "pending": [],
      "skipped": [],
      "duration": 0,
      "root": true,
      "rootEmpty": true,
      "_timeout": 2000
    }
  ],
  "meta": {
    "mocha": {
      "version": "7.0.1"
    },
    "mochawesome": {
      "options": {
        "quiet": false,
        "reportFilename": "mochawesome",
        "saveHtml": false,
        "saveJson": true,
        "consoleReporter": "spec",
        "useInlineDiffs": false,
        "code": true
      },
      "version": "7.1.3"
    },
    "marge": {
      "options": {
        "reportDir": "cypress/reports/mocha",
        "overwrite": false,
        "html": false,
        "json": true
      },
      "version": "6.2.0"
    }
  }
}