{
  "stats": {
    "suites": 1,
    "tests": 21,
    "passes": 21,
    "pending": 0,
    "failures": 0,
    "start": "2024-06-13T13:09:50.135Z",
    "end": "2024-06-13T13:10:49.935Z",
    "duration": 59800,
    "testsRegistered": 21,
    "passPercent": 100,
    "pendingPercent": 0,
    "other": 0,
    "hasOther": false,
    "skipped": 0,
    "hasSkipped": false
  },
  "results": [
    {
      "uuid": "3d3d2a52-0573-49bd-aca7-3bd12de80d81",
      "title": "",
      "fullFile": "cypress\\e2e\\_TAFunding\\EducationGoal\\BachelorsGoals\\bachelors\\active.cy.ts",
      "file": "cypress\\e2e\\_TAFunding\\EducationGoal\\BachelorsGoals\\bachelors\\active.cy.ts",
      "beforeHooks": [],
      "afterHooks": [],
      "tests": [],
      "suites": [
        {
          "uuid": "ad6c7c24-c0a5-415a-81b3-b92bd7483ac1",
          "title": "Active Army Student Applies for Bachelor Ed Goal and Funding",
          "fullFile": "",
          "file": "",
          "beforeHooks": [],
          "afterHooks": [],
          "tests": [
            {
              "title": "I can login as tudent",
              "fullTitle": "Active Army Student Applies for Bachelor Ed Goal and Funding I can login as tudent",
              "timedOut": null,
              "duration": 7815,
              "state": "passed",
              "speed": "medium",
              "pass": true,
              "fail": false,
              "pending": false,
              "context": null,
              "code": "cy.login('Cypress', 'ActiveBachelorsGoal');\ncy.wait(500);",
              "err": {},
              "uuid": "450f646a-99ce-4af6-9f9d-f400324f597d",
              "parentUUID": "ad6c7c24-c0a5-415a-81b3-b92bd7483ac1",
              "isHook": false,
              "skipped": false
            },
            {
              "title": "Validates Career Path Decide Plan Exisits",
              "fullTitle": "Active Army Student Applies for Bachelor Ed Goal and Funding Validates Career Path Decide Plan Exisits",
              "timedOut": null,
              "duration": 3603,
              "state": "passed",
              "speed": "fast",
              "pass": true,
              "fail": false,
              "pending": false,
              "context": null,
              "code": "cy.visit('/student/career-path-decide').wait(3000);\ncy.contains('Cypress Test Plan').should('exist');",
              "err": {},
              "uuid": "7fc950a0-f221-4d61-a1fb-53ec55fd5a63",
              "parentUUID": "ad6c7c24-c0a5-415a-81b3-b92bd7483ac1",
              "isHook": false,
              "skipped": false
            },
            {
              "title": "Delete existing Ed Goal if it exists",
              "fullTitle": "Active Army Student Applies for Bachelor Ed Goal and Funding Delete existing Ed Goal if it exists",
              "timedOut": null,
              "duration": 599,
              "state": "passed",
              "speed": "fast",
              "pass": true,
              "fail": false,
              "pending": false,
              "context": null,
              "code": "cy.retrieveToken();\ncy.GetEducationGoal('3323771').then((response) => {\n    const goalId = response.body[0].id;\n    cy.DeleteEducationGoal('3323771', goalId);\n});",
              "err": {},
              "uuid": "2c0659bb-8fb5-458e-9c28-4478e69c70c0",
              "parentUUID": "ad6c7c24-c0a5-415a-81b3-b92bd7483ac1",
              "isHook": false,
              "skipped": false
            },
            {
              "title": "I can start creating Education Goal if none exist",
              "fullTitle": "Active Army Student Applies for Bachelor Ed Goal and Funding I can start creating Education Goal if none exist",
              "timedOut": null,
              "duration": 2432,
              "state": "passed",
              "speed": "fast",
              "pass": true,
              "fail": false,
              "pending": false,
              "context": null,
              "code": "cy.contains('Education Goals').click().wait(500);\ncy.contains('CREATE NEW GOAL').click().wait(500);\ncy.contains('Bachelors Degree').click().wait(1000);",
              "err": {},
              "uuid": "91cd2940-b91e-4b95-8460-3dc8f6b6c959",
              "parentUUID": "ad6c7c24-c0a5-415a-81b3-b92bd7483ac1",
              "isHook": false,
              "skipped": false
            },
            {
              "title": "I can enter Institution information",
              "fullTitle": "Active Army Student Applies for Bachelor Ed Goal and Funding I can enter Institution information",
              "timedOut": null,
              "duration": 5209,
              "state": "passed",
              "speed": "medium",
              "pass": true,
              "fail": false,
              "pending": false,
              "context": null,
              "code": "cy.getInputControl('institution').type('AMERICAN MILITARY UNIVERSITY (AMU)').wait(3000).type('{downarrow}{enter}');\ncy.getInputControl('institutionStudentId').type('666312').wait(1000);\ncy.contains('Next').click();",
              "err": {},
              "uuid": "cdb7abca-811a-4047-a527-9204e3b27d9b",
              "parentUUID": "ad6c7c24-c0a5-415a-81b3-b92bd7483ac1",
              "isHook": false,
              "skipped": false
            },
            {
              "title": "I can enter Degree Program information",
              "fullTitle": "Active Army Student Applies for Bachelor Ed Goal and Funding I can enter Degree Program information",
              "timedOut": null,
              "duration": 2694,
              "state": "passed",
              "speed": "fast",
              "pass": true,
              "fail": false,
              "pending": false,
              "context": null,
              "code": "cy.getInputControl(\"TitleKeyWord\").type('Accounting{downarrow}{enter}');\ncy.wait(1000);\ncy.get('.row-header').first().click();\ncy.wait(1000);\ncy.get('button').contains('Next').click({ force: true });",
              "err": {},
              "uuid": "a8bf9b68-f4a2-4809-a8e0-56daa165639b",
              "parentUUID": "ad6c7c24-c0a5-415a-81b3-b92bd7483ac1",
              "isHook": false,
              "skipped": false
            },
            {
              "title": "I can enter Degree Plan File information",
              "fullTitle": "Active Army Student Applies for Bachelor Ed Goal and Funding I can enter Degree Plan File information",
              "timedOut": null,
              "duration": 98,
              "state": "passed",
              "speed": "fast",
              "pass": true,
              "fail": false,
              "pending": false,
              "context": null,
              "code": "cy.contains('Next').click({ force: true });",
              "err": {},
              "uuid": "20aa98c4-557b-40b0-92e5-b8b47b451850",
              "parentUUID": "ad6c7c24-c0a5-415a-81b3-b92bd7483ac1",
              "isHook": false,
              "skipped": false
            },
            {
              "title": "I can enter Credits information",
              "fullTitle": "Active Army Student Applies for Bachelor Ed Goal and Funding I can enter Credits information",
              "timedOut": null,
              "duration": 210,
              "state": "passed",
              "speed": "fast",
              "pass": true,
              "fail": false,
              "pending": false,
              "context": null,
              "code": "cy.getInputControl('previouslyCompletedCredits').type('1');",
              "err": {},
              "uuid": "e2b7ad8a-350d-417a-a2de-63923a4b9e1c",
              "parentUUID": "ad6c7c24-c0a5-415a-81b3-b92bd7483ac1",
              "isHook": false,
              "skipped": false
            },
            {
              "title": "I can submit Ed Goal",
              "fullTitle": "Active Army Student Applies for Bachelor Ed Goal and Funding I can submit Ed Goal",
              "timedOut": null,
              "duration": 3779,
              "state": "passed",
              "speed": "fast",
              "pass": true,
              "fail": false,
              "pending": false,
              "context": null,
              "code": "cy.contains('Submit Goal').click().wait(500);\ncy.get('button').contains('Yes').click().wait(3000);",
              "err": {},
              "uuid": "2edcf5d2-e863-466f-88d2-39a1e9e1779a",
              "parentUUID": "ad6c7c24-c0a5-415a-81b3-b92bd7483ac1",
              "isHook": false,
              "skipped": false
            },
            {
              "title": "I recieved message of Ed Goal successfully created",
              "fullTitle": "Active Army Student Applies for Bachelor Ed Goal and Funding I recieved message of Ed Goal successfully created",
              "timedOut": null,
              "duration": 3344,
              "state": "passed",
              "speed": "fast",
              "pass": true,
              "fail": false,
              "pending": false,
              "context": null,
              "code": "cy.visit('/messaging');\ncy.wait(2000);\ncy.contains('Your education goal has been created');",
              "err": {},
              "uuid": "71762851-f7f2-4e61-9f13-6ed9be93df7e",
              "parentUUID": "ad6c7c24-c0a5-415a-81b3-b92bd7483ac1",
              "isHook": false,
              "skipped": false
            },
            {
              "title": "Approves ed goal via API",
              "fullTitle": "Active Army Student Applies for Bachelor Ed Goal and Funding Approves ed goal via API",
              "timedOut": null,
              "duration": 685,
              "state": "passed",
              "speed": "fast",
              "pass": true,
              "fail": false,
              "pending": false,
              "context": null,
              "code": "cy.retrieveToken();\ncy.GetEducationGoal('3323771').then((response) => {\n    const goalId = response.body[0].id;\n    cy.ApproveEducationGoal('3323771', goalId);\n});",
              "err": {},
              "uuid": "c59223b7-0fb6-4922-8b57-6e2cf9ad9001",
              "parentUUID": "ad6c7c24-c0a5-415a-81b3-b92bd7483ac1",
              "isHook": false,
              "skipped": false
            },
            {
              "title": "I recieved message of Ed Goal successfully approved",
              "fullTitle": "Active Army Student Applies for Bachelor Ed Goal and Funding I recieved message of Ed Goal successfully approved",
              "timedOut": null,
              "duration": 2767,
              "state": "passed",
              "speed": "fast",
              "pass": true,
              "fail": false,
              "pending": false,
              "context": null,
              "code": "cy.visit('/messaging');\ncy.wait(2000);\ncy.contains('Education Goal Approved');",
              "err": {},
              "uuid": "86ececd5-5411-468e-ab6a-3722b5a4fdfe",
              "parentUUID": "ad6c7c24-c0a5-415a-81b3-b92bd7483ac1",
              "isHook": false,
              "skipped": false
            },
            {
              "title": "I can apply for funding",
              "fullTitle": "Active Army Student Applies for Bachelor Ed Goal and Funding I can apply for funding",
              "timedOut": null,
              "duration": 2224,
              "state": "passed",
              "speed": "fast",
              "pass": true,
              "fail": false,
              "pending": false,
              "context": null,
              "code": "cy.contains('Education Goals').click();\ncy.wait(2000);\ncy.contains('Apply For Funding').click({ force: true });",
              "err": {},
              "uuid": "b35e597c-f694-412b-8405-bb64114456e0",
              "parentUUID": "ad6c7c24-c0a5-415a-81b3-b92bd7483ac1",
              "isHook": false,
              "skipped": false
            },
            {
              "title": "I can verify and proceed",
              "fullTitle": "Active Army Student Applies for Bachelor Ed Goal and Funding I can verify and proceed",
              "timedOut": null,
              "duration": 2377,
              "state": "passed",
              "speed": "fast",
              "pass": true,
              "fail": false,
              "pending": false,
              "context": null,
              "code": "cy.contains('Verify and Proceed').click();\ncy.wait(1000);\ncy.get('[type=\"checkbox\"]').check({ force: true });",
              "err": {},
              "uuid": "679902b3-569f-495d-a868-64bf27b14033",
              "parentUUID": "ad6c7c24-c0a5-415a-81b3-b92bd7483ac1",
              "isHook": false,
              "skipped": false
            },
            {
              "title": "I can see Military Service Obligation text",
              "fullTitle": "Active Army Student Applies for Bachelor Ed Goal and Funding I can see Military Service Obligation text",
              "timedOut": null,
              "duration": 2053,
              "state": "passed",
              "speed": "fast",
              "pass": true,
              "fail": false,
              "pending": false,
              "context": null,
              "code": "cy.contains('I acknowledge (Commissioned Officers, CW2/2LT & up) that I incur a Military Service Obligation (MSO) IAW Title 10 USC, Section 2007. As a regular Army, Active Guard and Reserve, or Title 10/Title 32 mobilized Officer, I acknowledge that I incur an Active Duty Service Obligation (ADSO) of two years. As a Reserve Component (USAR/ARNG) officer, I acknowledge that I incur a Reserve Duty Service Obligation (RDSO) of four years. The TA MSO begins on the ending term date of each class for which TA was approved. I understand that I may not under any circumstances reimburse an institution or a TA-funded class to avoid an MSO. Only the Secretary of the Army or designee may waive my TA-imposed MSO; if waived, I am subject to recoupment of TA.');\ncy.wait(2000);",
              "err": {},
              "uuid": "39d36cf0-c3c1-4ec9-af26-7d78aab75943",
              "parentUUID": "ad6c7c24-c0a5-415a-81b3-b92bd7483ac1",
              "isHook": false,
              "skipped": false
            },
            {
              "title": "I agree to conditions",
              "fullTitle": "Active Army Student Applies for Bachelor Ed Goal and Funding I agree to conditions",
              "timedOut": null,
              "duration": 1546,
              "state": "passed",
              "speed": "fast",
              "pass": true,
              "fail": false,
              "pending": false,
              "context": null,
              "code": "cy.contains('I Agree, Continue').click();\ncy.get('mat-radio-button input').check('false', { force: true });\ncy.contains('Next').click();",
              "err": {},
              "uuid": "f49aa100-7265-4ce9-aeff-d397d438cfa3",
              "parentUUID": "ad6c7c24-c0a5-415a-81b3-b92bd7483ac1",
              "isHook": false,
              "skipped": false
            },
            {
              "title": "I answer deployed location question",
              "fullTitle": "Active Army Student Applies for Bachelor Ed Goal and Funding I answer deployed location question",
              "timedOut": null,
              "duration": 1146,
              "state": "passed",
              "speed": "fast",
              "pass": true,
              "fail": false,
              "pending": false,
              "context": null,
              "code": "cy.get('input[formControlName=campus]').click().wait(1000);",
              "err": {},
              "uuid": "4a7a2fd6-c92b-4e42-832a-f79626b4a5aa",
              "parentUUID": "ad6c7c24-c0a5-415a-81b3-b92bd7483ac1",
              "isHook": false,
              "skipped": false
            },
            {
              "title": "I choose my campus",
              "fullTitle": "Active Army Student Applies for Bachelor Ed Goal and Funding I choose my campus",
              "timedOut": null,
              "duration": 420,
              "state": "passed",
              "speed": "fast",
              "pass": true,
              "fail": false,
              "pending": false,
              "context": null,
              "code": "cy.getInputControl('campus').type('{downarrow}{enter}');\n//submit next button \ncy.contains('Next').click({ force: true });\ncy.contains('Next').click({ force: true });",
              "err": {},
              "uuid": "1601f7aa-9143-478f-8ef5-3dcc3a3e1b9b",
              "parentUUID": "ad6c7c24-c0a5-415a-81b3-b92bd7483ac1",
              "isHook": false,
              "skipped": false
            },
            {
              "title": "I provide term dates",
              "fullTitle": "Active Army Student Applies for Bachelor Ed Goal and Funding I provide term dates",
              "timedOut": null,
              "duration": 3486,
              "state": "passed",
              "speed": "fast",
              "pass": true,
              "fail": false,
              "pending": false,
              "context": null,
              "code": "// add term dates though pre-populated options\ncy.get('.termTitle').first().click().wait(1000);\n// get more than 30 days away\n/* var todayDate = moment().add(30,'days').format(\"M/DD/YYYY\");\nvar tomorrowDate = moment().add(32,'days').format(\"M/DD/YYYY\");\n// add course dates\ncy.getInputControl('endDate').type(tomorrowDate);\ncy.getInputControl('startDate').type(todayDate);\ncy.wait(2000); */\n// submit search \ncy.get('button').contains('Next').click({ force: true });\ncy.wait(2000);",
              "err": {},
              "uuid": "3d4dfdbd-3cc1-4c89-8278-f4175550abe3",
              "parentUUID": "ad6c7c24-c0a5-415a-81b3-b92bd7483ac1",
              "isHook": false,
              "skipped": false
            },
            {
              "title": "I choose add course",
              "fullTitle": "Active Army Student Applies for Bachelor Ed Goal and Funding I choose add course",
              "timedOut": null,
              "duration": 11211,
              "state": "passed",
              "speed": "slow",
              "pass": true,
              "fail": false,
              "pending": false,
              "context": null,
              "code": "cy.contains('Add Course').click();\ncy.wait(3000);\n// add preloaded course\ncy.get('#addCourseBtn').click();\ncy.wait(2000);\n// add cost per credit\ncy.get('[formcontrolname=creditCost]').contains('$250 - MyCAA').click();\ncy.wait(2000);\n//submit added course\ncy.contains('Add Course').click();\ncy.wait(2000);\ncy.contains('Submit').click();\n//submit next button\ncy.contains('Submit').click();\ncy.contains(' FINISHED ').click();",
              "err": {},
              "uuid": "534a87bc-bc85-4b6b-a86f-66971f1128b9",
              "parentUUID": "ad6c7c24-c0a5-415a-81b3-b92bd7483ac1",
              "isHook": false,
              "skipped": false
            },
            {
              "title": "I can cancel Funding Request as student",
              "fullTitle": "Active Army Student Applies for Bachelor Ed Goal and Funding I can cancel Funding Request as student",
              "timedOut": null,
              "duration": 1584,
              "state": "passed",
              "speed": "fast",
              "pass": true,
              "fail": false,
              "pending": false,
              "context": null,
              "code": "cy.wait(500);\ncy.contains('Funding Requests').click();\ncy.wait(100);\ncy.contains('Cancel').click();\ncy.get('button').contains('Yes').click();\ncy.screenshot();",
              "err": {},
              "uuid": "6e4e5ef0-1c0b-4f83-b850-7ac65a734e06",
              "parentUUID": "ad6c7c24-c0a5-415a-81b3-b92bd7483ac1",
              "isHook": false,
              "skipped": false
            }
          ],
          "suites": [],
          "passes": [
            "450f646a-99ce-4af6-9f9d-f400324f597d",
            "7fc950a0-f221-4d61-a1fb-53ec55fd5a63",
            "2c0659bb-8fb5-458e-9c28-4478e69c70c0",
            "91cd2940-b91e-4b95-8460-3dc8f6b6c959",
            "cdb7abca-811a-4047-a527-9204e3b27d9b",
            "a8bf9b68-f4a2-4809-a8e0-56daa165639b",
            "20aa98c4-557b-40b0-92e5-b8b47b451850",
            "e2b7ad8a-350d-417a-a2de-63923a4b9e1c",
            "2edcf5d2-e863-466f-88d2-39a1e9e1779a",
            "71762851-f7f2-4e61-9f13-6ed9be93df7e",
            "c59223b7-0fb6-4922-8b57-6e2cf9ad9001",
            "86ececd5-5411-468e-ab6a-3722b5a4fdfe",
            "b35e597c-f694-412b-8405-bb64114456e0",
            "679902b3-569f-495d-a868-64bf27b14033",
            "39d36cf0-c3c1-4ec9-af26-7d78aab75943",
            "f49aa100-7265-4ce9-aeff-d397d438cfa3",
            "4a7a2fd6-c92b-4e42-832a-f79626b4a5aa",
            "1601f7aa-9143-478f-8ef5-3dcc3a3e1b9b",
            "3d4dfdbd-3cc1-4c89-8278-f4175550abe3",
            "534a87bc-bc85-4b6b-a86f-66971f1128b9",
            "6e4e5ef0-1c0b-4f83-b850-7ac65a734e06"
          ],
          "failures": [],
          "pending": [],
          "skipped": [],
          "duration": 59282,
          "root": false,
          "rootEmpty": false,
          "_timeout": 2000
        }
      ],
      "passes": [],
      "failures": [],
      "pending": [],
      "skipped": [],
      "duration": 0,
      "root": true,
      "rootEmpty": true,
      "_timeout": 2000
    }
  ],
  "meta": {
    "mocha": {
      "version": "7.0.1"
    },
    "mochawesome": {
      "options": {
        "quiet": false,
        "reportFilename": "mochawesome",
        "saveHtml": false,
        "saveJson": true,
        "consoleReporter": "spec",
        "useInlineDiffs": false,
        "code": true
      },
      "version": "7.1.3"
    },
    "marge": {
      "options": {
        "reportDir": "cypress/reports/mocha",
        "overwrite": false,
        "html": false,
        "json": true
      },
      "version": "6.2.0"
    }
  }
}