{
  "stats": {
    "suites": 1,
    "tests": 30,
    "passes": 30,
    "pending": 0,
    "failures": 0,
    "start": "2024-04-15T21:24:18.767Z",
    "end": "2024-04-15T21:26:19.030Z",
    "duration": 120263,
    "testsRegistered": 30,
    "passPercent": 100,
    "pendingPercent": 0,
    "other": 0,
    "hasOther": false,
    "skipped": 0,
    "hasSkipped": false
  },
  "results": [
    {
      "uuid": "6156270b-59bd-4bcc-916c-60c46de35d39",
      "title": "",
      "fullFile": "cypress\\e2e\\_TAFunding\\Civ-Ed-Level-Goal-Check-Reserve.ts",
      "file": "cypress\\e2e\\_TAFunding\\Civ-Ed-Level-Goal-Check-Reserve.ts",
      "beforeHooks": [],
      "afterHooks": [],
      "tests": [],
      "suites": [
        {
          "uuid": "20bd914f-cca6-4d70-a406-4021e9001bb3",
          "title": "Test Various Civ Ed Levels for Reserve Student Military Goal",
          "fullFile": "",
          "file": "",
          "beforeHooks": [],
          "afterHooks": [],
          "tests": [
            {
              "title": "I can navigate to student search page",
              "fullTitle": "Test Various Civ Ed Levels for Reserve Student Military Goal I can navigate to student search page",
              "timedOut": null,
              "duration": 6292,
              "state": "passed",
              "speed": "medium",
              "pass": true,
              "fail": false,
              "pending": false,
              "context": null,
              "code": "cy.defaultLogin();\ncy.VisitMenuPage('Student', 'Search');",
              "err": {},
              "uuid": "4455ff2d-9a42-4eb5-9ddb-934ce4e5b4dc",
              "parentUUID": "20bd914f-cca6-4d70-a406-4021e9001bb3",
              "isHook": false,
              "skipped": false
            },
            {
              "title": "I can find cypress test student with ADULT/ALT DIPLOMA",
              "fullTitle": "Test Various Civ Ed Levels for Reserve Student Military Goal I can find cypress test student with ADULT/ALT DIPLOMA",
              "timedOut": null,
              "duration": 3872,
              "state": "passed",
              "speed": "fast",
              "pass": true,
              "fail": false,
              "pending": false,
              "context": null,
              "code": "cy.getInputControl('userLastName').type('ReserveStudent');\ncy.getInputControl('userFirstName').type('Cypress');\n//cy.get('[data-placeholder=\"Assigned Installation\"]').click().clear()\ncy.wait(500);\ncy.get('button[type=submit]').click();\ncy.wait(1000);\ncy.get('.d-flex .flex-column', { timeout: 30000 }).contains('ReserveStudent, Cypress').click();\ncy.wait(1500);",
              "err": {},
              "uuid": "87816cba-f8a0-4586-bf69-49c4b821290d",
              "parentUUID": "20bd914f-cca6-4d70-a406-4021e9001bb3",
              "isHook": false,
              "skipped": false
            },
            {
              "title": "deletes TA Funding item",
              "fullTitle": "Test Various Civ Ed Levels for Reserve Student Military Goal deletes TA Funding item",
              "timedOut": null,
              "duration": 4665,
              "state": "passed",
              "speed": "fast",
              "pass": true,
              "fail": false,
              "pending": false,
              "context": null,
              "code": "cy.wait(500);\ncy.contains(' Funding Requests ').click().wait(1500);\ncy.wait(1500);\ncy.get('app-all').then((body) => {\n    if (body.find('mat-card').length) {\n        cy.contains('button', ' View Details ').click().wait(1000);\n        cy.contains('button', 'Delete').click();\n        cy.get('[formcontrolname=remarks]').click().type('Delete').wait(300);\n        cy.contains('button', 'Save').click().wait(1500);\n        cy.contains('button', 'Yes').click().wait(300);\n    }\n});\ncy.wait(1000);",
              "err": {},
              "uuid": "169caebf-11f2-48cc-bd31-b9f55502033a",
              "parentUUID": "20bd914f-cca6-4d70-a406-4021e9001bb3",
              "isHook": false,
              "skipped": false
            },
            {
              "title": "Delete existing Ed Goal if it exists",
              "fullTitle": "Test Various Civ Ed Levels for Reserve Student Military Goal Delete existing Ed Goal if it exists",
              "timedOut": null,
              "duration": 194,
              "state": "passed",
              "speed": "fast",
              "pass": true,
              "fail": false,
              "pending": false,
              "context": null,
              "code": "cy.retrieveToken();\ncy.GetEducationGoal('3327043').then((response) => {\n    response.body.forEach((item) => {\n        const goalId = item.id;\n        if (goalId) {\n            cy.DeleteEducationGoal('3327043', goalId);\n            console.log('Goal deleted');\n        }\n        else {\n            console.log('No goal to delete');\n        }\n    });\n});",
              "err": {},
              "uuid": "9d1e7246-7218-4f62-a2bf-8e3752736379",
              "parentUUID": "20bd914f-cca6-4d70-a406-4021e9001bb3",
              "isHook": false,
              "skipped": false
            },
            {
              "title": "I can navigate to create new ASSOCIATES goal page verify I cannot create masters goal",
              "fullTitle": "Test Various Civ Ed Levels for Reserve Student Military Goal I can navigate to create new ASSOCIATES goal page verify I cannot create masters goal",
              "timedOut": null,
              "duration": 3918,
              "state": "passed",
              "speed": "fast",
              "pass": true,
              "fail": false,
              "pending": false,
              "context": null,
              "code": "cy.contains('Education Goals').click();\ncy.wait(1500);\ncy.contains('Create New Goal', { timeout: 30000, matchCase: false }).click();\ncy.contains('Masters Degree', { timeout: 30000, matchCase: false }).click();\ncy.screenshot();\ncy.contains('Associates Degree', { timeout: 30000, matchCase: false }).click().wait(1500);",
              "err": {},
              "uuid": "8d265ffb-5727-422b-9664-b71110580ee7",
              "parentUUID": "20bd914f-cca6-4d70-a406-4021e9001bb3",
              "isHook": false,
              "skipped": false
            },
            {
              "title": "I can start creating a goal",
              "fullTitle": "Test Various Civ Ed Levels for Reserve Student Military Goal I can start creating a goal",
              "timedOut": null,
              "duration": 4448,
              "state": "passed",
              "speed": "fast",
              "pass": true,
              "fail": false,
              "pending": false,
              "context": null,
              "code": "// Institution\ncy.wait(1500);\ncy.get('[formControlName=institution]').type('American Military University');\ncy.wait(1000);\ncy.get('[formControlName=institution]').type('value{downarrow}{enter}').click({ force: true });\ncy.get('#institution').click().wait(1000);",
              "err": {},
              "uuid": "fd02ad4d-a95a-45e9-a79e-6281f4e64415",
              "parentUUID": "20bd914f-cca6-4d70-a406-4021e9001bb3",
              "isHook": false,
              "skipped": false
            },
            {
              "title": "Selects Degree Program",
              "fullTitle": "Test Various Civ Ed Levels for Reserve Student Military Goal Selects Degree Program",
              "timedOut": null,
              "duration": 4915,
              "state": "passed",
              "speed": "fast",
              "pass": true,
              "fail": false,
              "pending": false,
              "context": null,
              "code": "// Degree Program\ncy.get('#titleKeyword').type('Business Administration').wait(1500);\ncy.get('.d-flex .flex-column').contains('Business Administration').first().click();\n// Next\ncy.get('#degreeprogram').click();\ncy.get('#degreefile').click();\n// Credits\ncy.getInputControl('previouslyCompletedCredits').type('1');\n// Submit\ncy.get('#goalareasubmitgoal').click();\ncy.wait(2000);\n// Confirm\ncy.contains('button', 'Yes').click();",
              "err": {},
              "uuid": "58bd495a-7dbb-47be-a2a6-a6519da99572",
              "parentUUID": "20bd914f-cca6-4d70-a406-4021e9001bb3",
              "isHook": false,
              "skipped": false
            },
            {
              "title": "I should see correct status for goal",
              "fullTitle": "Test Various Civ Ed Levels for Reserve Student Military Goal I should see correct status for goal",
              "timedOut": null,
              "duration": 5845,
              "state": "passed",
              "speed": "medium",
              "pass": true,
              "fail": false,
              "pending": false,
              "context": null,
              "code": "cy.contains('View Details').click();\ncy.wait(5000);\n// Should see correct status\ncy.screenshot();\ncy.contains('Approved', { matchCase: false });",
              "err": {},
              "uuid": "c826fa8c-aafc-4a42-90a4-cd052b2453a3",
              "parentUUID": "20bd914f-cca6-4d70-a406-4021e9001bb3",
              "isHook": false,
              "skipped": false
            },
            {
              "title": "Delete existing Ed Goal if it exists",
              "fullTitle": "Test Various Civ Ed Levels for Reserve Student Military Goal Delete existing Ed Goal if it exists",
              "timedOut": null,
              "duration": 241,
              "state": "passed",
              "speed": "fast",
              "pass": true,
              "fail": false,
              "pending": false,
              "context": null,
              "code": "cy.retrieveToken();\ncy.GetEducationGoal('3327043').then((response) => {\n    response.body.forEach((item) => {\n        const goalId = item.id;\n        if (goalId) {\n            cy.DeleteEducationGoal('3327043', goalId);\n            console.log('Goal deleted');\n        }\n        else {\n            console.log('No goal to delete');\n        }\n    });\n});",
              "err": {},
              "uuid": "c609e59e-772e-4d88-b01a-7af63cc893db",
              "parentUUID": "20bd914f-cca6-4d70-a406-4021e9001bb3",
              "isHook": false,
              "skipped": false
            },
            {
              "title": "I can can create bachelors goal after validating I cannot create masters",
              "fullTitle": "Test Various Civ Ed Levels for Reserve Student Military Goal I can can create bachelors goal after validating I cannot create masters",
              "timedOut": null,
              "duration": 4530,
              "state": "passed",
              "speed": "fast",
              "pass": true,
              "fail": false,
              "pending": false,
              "context": null,
              "code": "cy.contains('Education Goals').click();\ncy.wait(1500);\ncy.contains('Create New Goal', { timeout: 30000, matchCase: false }).click();\ncy.wait(500);\ncy.contains('Masters Degree', { timeout: 30000, matchCase: false }).click();\ncy.screenshot();\ncy.contains('Bachelors Degree', { timeout: 30000, matchCase: false }).click().wait(1500);\ncy.screenshot();",
              "err": {},
              "uuid": "c6fce205-95a0-4ac5-95f1-64e9b184fcc0",
              "parentUUID": "20bd914f-cca6-4d70-a406-4021e9001bb3",
              "isHook": false,
              "skipped": false
            },
            {
              "title": "I can start creating a goal",
              "fullTitle": "Test Various Civ Ed Levels for Reserve Student Military Goal I can start creating a goal",
              "timedOut": null,
              "duration": 3422,
              "state": "passed",
              "speed": "fast",
              "pass": true,
              "fail": false,
              "pending": false,
              "context": null,
              "code": "// Institution\ncy.wait(500);\ncy.get('[formControlName=institution]').type('American Military University');\ncy.wait(1000);\ncy.get('[formControlName=institution]').type('value{downarrow}{enter}').click({ force: true });\ncy.get('#institution').click().wait(1000);",
              "err": {},
              "uuid": "f729ace9-264a-4f1b-b6ff-cb40dcc85f46",
              "parentUUID": "20bd914f-cca6-4d70-a406-4021e9001bb3",
              "isHook": false,
              "skipped": false
            },
            {
              "title": "Selects Degree Program",
              "fullTitle": "Test Various Civ Ed Levels for Reserve Student Military Goal Selects Degree Program",
              "timedOut": null,
              "duration": 4894,
              "state": "passed",
              "speed": "fast",
              "pass": true,
              "fail": false,
              "pending": false,
              "context": null,
              "code": "// Degree Program\ncy.get('#titleKeyword').type('Business Administration').wait(1500);\ncy.get('.d-flex .flex-column').contains('Business Administration').first().click();\n// Next\ncy.get('#degreeprogram').click({ force: true });\ncy.get('#degreefile').click();\n// Credits\ncy.getInputControl('previouslyCompletedCredits').type('1');\n// Submit\ncy.get('#goalareasubmitgoal').click();\ncy.wait(2000);\n// Confirm\ncy.contains('button', 'Yes').click();",
              "err": {},
              "uuid": "c7546602-985c-4fea-880a-ed93b4bf73e2",
              "parentUUID": "20bd914f-cca6-4d70-a406-4021e9001bb3",
              "isHook": false,
              "skipped": false
            },
            {
              "title": "I should see correct status for goal",
              "fullTitle": "Test Various Civ Ed Levels for Reserve Student Military Goal I should see correct status for goal",
              "timedOut": null,
              "duration": 5770,
              "state": "passed",
              "speed": "medium",
              "pass": true,
              "fail": false,
              "pending": false,
              "context": null,
              "code": "cy.contains('View Details').click();\ncy.wait(5000);\n// Should see correct status\ncy.screenshot();\ncy.contains('Approved', { matchCase: false });",
              "err": {},
              "uuid": "2248439f-3b27-48ed-9cb1-783395b9791b",
              "parentUUID": "20bd914f-cca6-4d70-a406-4021e9001bb3",
              "isHook": false,
              "skipped": false
            },
            {
              "title": "I can update Civ Ed Level to ASSOCIATE",
              "fullTitle": "Test Various Civ Ed Levels for Reserve Student Military Goal I can update Civ Ed Level to ASSOCIATE",
              "timedOut": null,
              "duration": 3542,
              "state": "passed",
              "speed": "fast",
              "pass": true,
              "fail": false,
              "pending": false,
              "context": null,
              "code": "cy.contains('ReserveStudent, Cypress').click().wait(1000);\ncy.get('[formcontrolname=civilianEducationLevelId]').click();\ncy.contains(' ASSOCIATE ').click();\ncy.contains('button', 'Update').click().wait(2000);",
              "err": {},
              "uuid": "da228262-af19-4a94-958a-71d5475160c0",
              "parentUUID": "20bd914f-cca6-4d70-a406-4021e9001bb3",
              "isHook": false,
              "skipped": false
            },
            {
              "title": "Delete existing Ed Goal if it exists",
              "fullTitle": "Test Various Civ Ed Levels for Reserve Student Military Goal Delete existing Ed Goal if it exists",
              "timedOut": null,
              "duration": 246,
              "state": "passed",
              "speed": "fast",
              "pass": true,
              "fail": false,
              "pending": false,
              "context": null,
              "code": "cy.retrieveToken();\ncy.GetEducationGoal('3327043').then((response) => {\n    response.body.forEach((item) => {\n        const goalId = item.id;\n        if (goalId) {\n            cy.DeleteEducationGoal('3327043', goalId);\n            console.log('Goal deleted');\n        }\n        else {\n            console.log('No goal to delete');\n        }\n    });\n});",
              "err": {},
              "uuid": "a0bd61bc-6a8c-40f0-b06c-523ca46b2b95",
              "parentUUID": "20bd914f-cca6-4d70-a406-4021e9001bb3",
              "isHook": false,
              "skipped": false
            },
            {
              "title": "I can can navigate to create new goal page, verify I cannot choose Associates and Masters. Choose Bachelors",
              "fullTitle": "Test Various Civ Ed Levels for Reserve Student Military Goal I can can navigate to create new goal page, verify I cannot choose Associates and Masters. Choose Bachelors",
              "timedOut": null,
              "duration": 5100,
              "state": "passed",
              "speed": "medium",
              "pass": true,
              "fail": false,
              "pending": false,
              "context": null,
              "code": "cy.contains('Education Goals').click();\ncy.wait(500);\ncy.contains('Create New Goal', { timeout: 30000, matchCase: false }).click().wait(500);\ncy.contains('Associates Degree', { timeout: 30000, matchCase: false }).click().wait(500);\ncy.screenshot();\ncy.contains('Masters Degree', { timeout: 30000, matchCase: false }).click().wait(500);\ncy.screenshot();\ncy.contains('Bachelors Degree', { timeout: 30000, matchCase: false }).click().wait(2000);",
              "err": {},
              "uuid": "bb38ab9b-82cc-4f75-9828-44757bff75f4",
              "parentUUID": "20bd914f-cca6-4d70-a406-4021e9001bb3",
              "isHook": false,
              "skipped": false
            },
            {
              "title": "I can start creating a goal",
              "fullTitle": "Test Various Civ Ed Levels for Reserve Student Military Goal I can start creating a goal",
              "timedOut": null,
              "duration": 3403,
              "state": "passed",
              "speed": "fast",
              "pass": true,
              "fail": false,
              "pending": false,
              "context": null,
              "code": "// Institution\ncy.wait(500);\ncy.get('[formControlName=institution]').type('American Military University');\ncy.wait(1000);\ncy.get('[formControlName=institution]').type('value{downarrow}{enter}').click({ force: true });\ncy.get('#institution').click().wait(1000);",
              "err": {},
              "uuid": "40b0a48c-c69f-418d-a281-68370052a329",
              "parentUUID": "20bd914f-cca6-4d70-a406-4021e9001bb3",
              "isHook": false,
              "skipped": false
            },
            {
              "title": "Selects Degree Program",
              "fullTitle": "Test Various Civ Ed Levels for Reserve Student Military Goal Selects Degree Program",
              "timedOut": null,
              "duration": 4930,
              "state": "passed",
              "speed": "fast",
              "pass": true,
              "fail": false,
              "pending": false,
              "context": null,
              "code": "// Degree Program\ncy.get('#titleKeyword').type('Business Administration').wait(1500);\ncy.get('.d-flex .flex-column').contains('Business Administration').first().click();\n// Next\ncy.get('#degreeprogram').click();\ncy.get('#degreefile').click();\n// Credits\ncy.getInputControl('previouslyCompletedCredits').type('1');\n// Submit\ncy.get('#goalareasubmitgoal').click();\ncy.wait(2000);\n// Confirm\ncy.contains('button', 'Yes').click();",
              "err": {},
              "uuid": "5950d9c9-22a9-46fa-bc8f-4c102d597408",
              "parentUUID": "20bd914f-cca6-4d70-a406-4021e9001bb3",
              "isHook": false,
              "skipped": false
            },
            {
              "title": "I should see correct status for goal",
              "fullTitle": "Test Various Civ Ed Levels for Reserve Student Military Goal I should see correct status for goal",
              "timedOut": null,
              "duration": 5766,
              "state": "passed",
              "speed": "medium",
              "pass": true,
              "fail": false,
              "pending": false,
              "context": null,
              "code": "cy.contains('View Details').click();\ncy.wait(5000);\n// Should see correct status\ncy.screenshot();\ncy.contains('Approved', { matchCase: false });",
              "err": {},
              "uuid": "eaf17273-8855-4746-abe6-2dc08e7618ee",
              "parentUUID": "20bd914f-cca6-4d70-a406-4021e9001bb3",
              "isHook": false,
              "skipped": false
            },
            {
              "title": "I can update Civ Ed Level to BACCALAUREATE",
              "fullTitle": "Test Various Civ Ed Levels for Reserve Student Military Goal I can update Civ Ed Level to BACCALAUREATE",
              "timedOut": null,
              "duration": 3535,
              "state": "passed",
              "speed": "fast",
              "pass": true,
              "fail": false,
              "pending": false,
              "context": null,
              "code": "cy.contains('ReserveStudent, Cypress').click().wait(1000);\ncy.get('[formcontrolname=civilianEducationLevelId]').click();\ncy.contains(' BACCALAUREATE ').click();\ncy.contains('button', 'Update').click().wait(2000);",
              "err": {},
              "uuid": "e74369ba-44ac-40d8-95ae-e37d9ed3c432",
              "parentUUID": "20bd914f-cca6-4d70-a406-4021e9001bb3",
              "isHook": false,
              "skipped": false
            },
            {
              "title": "Delete existing Ed Goal if it exists",
              "fullTitle": "Test Various Civ Ed Levels for Reserve Student Military Goal Delete existing Ed Goal if it exists",
              "timedOut": null,
              "duration": 277,
              "state": "passed",
              "speed": "fast",
              "pass": true,
              "fail": false,
              "pending": false,
              "context": null,
              "code": "cy.retrieveToken();\ncy.GetEducationGoal('3327043').then((response) => {\n    response.body.forEach((item) => {\n        const goalId = item.id;\n        if (goalId) {\n            cy.DeleteEducationGoal('3327043', goalId);\n            console.log('Goal deleted');\n        }\n        else {\n            console.log('No goal to delete');\n        }\n    });\n});",
              "err": {},
              "uuid": "42916e7e-a693-4861-81ac-c30b9115d661",
              "parentUUID": "20bd914f-cca6-4d70-a406-4021e9001bb3",
              "isHook": false,
              "skipped": false
            },
            {
              "title": "I can can navigate to create new goal page and verify I can only create Masters Degree",
              "fullTitle": "Test Various Civ Ed Levels for Reserve Student Military Goal I can can navigate to create new goal page and verify I can only create Masters Degree",
              "timedOut": null,
              "duration": 5792,
              "state": "passed",
              "speed": "medium",
              "pass": true,
              "fail": false,
              "pending": false,
              "context": null,
              "code": "cy.contains('Education Goals').click();\ncy.wait(1500);\ncy.contains(' CREATE NEW GOAL ').click();\ncy.contains('Associates Degree', { timeout: 30000, matchCase: false }).click().wait(1000);\ncy.screenshot();\ncy.contains('Bachelors Degree', { timeout: 30000, matchCase: false }).click().wait(1000);\ncy.screenshot();\ncy.contains('Masters Degree', { timeout: 30000, matchCase: false }).click().wait(1000);",
              "err": {},
              "uuid": "9049eb42-7db0-41f8-87f0-8f4657acd778",
              "parentUUID": "20bd914f-cca6-4d70-a406-4021e9001bb3",
              "isHook": false,
              "skipped": false
            },
            {
              "title": "I can start creating a Masters goal",
              "fullTitle": "Test Various Civ Ed Levels for Reserve Student Military Goal I can start creating a Masters goal",
              "timedOut": null,
              "duration": 4108,
              "state": "passed",
              "speed": "fast",
              "pass": true,
              "fail": false,
              "pending": false,
              "context": null,
              "code": "// Institution\ncy.wait(500);\ncy.getInputControl('institution').type('American Military University');\ncy.wait(1000);\ncy.getInputControl('institution').type('value{downarrow}{enter}').click({ force: true }).wait(200);\ncy.get('#institution').click().wait(1500);",
              "err": {},
              "uuid": "9f1dfaa0-5a5e-41a4-bc06-e1fece27a13d",
              "parentUUID": "20bd914f-cca6-4d70-a406-4021e9001bb3",
              "isHook": false,
              "skipped": false
            },
            {
              "title": "Selects Degree Program",
              "fullTitle": "Test Various Civ Ed Levels for Reserve Student Military Goal Selects Degree Program",
              "timedOut": null,
              "duration": 4882,
              "state": "passed",
              "speed": "fast",
              "pass": true,
              "fail": false,
              "pending": false,
              "context": null,
              "code": "// Degree Program\ncy.get('#titleKeyword').type('Business Administration').wait(1500);\ncy.get('.d-flex .flex-column').contains('Business Administration').first().click();\n// Next\ncy.get('#degreeprogram').click();\ncy.get('#degreefile').click();\n// Credits\ncy.getInputControl('previouslyCompletedCredits').type('1');\n// Submit\ncy.get('#goalareasubmitgoal').click();\ncy.wait(2000);\n// Confirm\ncy.contains('button', 'Yes').click();",
              "err": {},
              "uuid": "dd028872-6f2d-4eb0-aa42-11a225ebbeec",
              "parentUUID": "20bd914f-cca6-4d70-a406-4021e9001bb3",
              "isHook": false,
              "skipped": false
            },
            {
              "title": "I should see correct status for goal",
              "fullTitle": "Test Various Civ Ed Levels for Reserve Student Military Goal I should see correct status for goal",
              "timedOut": null,
              "duration": 5792,
              "state": "passed",
              "speed": "medium",
              "pass": true,
              "fail": false,
              "pending": false,
              "context": null,
              "code": "cy.contains('View Details').click();\ncy.wait(5000);\n// Should see correct status\ncy.screenshot();\ncy.contains('Approved', { matchCase: false });",
              "err": {},
              "uuid": "0e723be7-bc3f-4bd1-99b2-97555bf905c5",
              "parentUUID": "20bd914f-cca6-4d70-a406-4021e9001bb3",
              "isHook": false,
              "skipped": false
            },
            {
              "title": "I can update Civ Ed Level to Masters",
              "fullTitle": "Test Various Civ Ed Levels for Reserve Student Military Goal I can update Civ Ed Level to Masters",
              "timedOut": null,
              "duration": 3509,
              "state": "passed",
              "speed": "fast",
              "pass": true,
              "fail": false,
              "pending": false,
              "context": null,
              "code": "cy.contains('ReserveStudent, Cypress').click().wait(1000);\ncy.get('[formcontrolname=civilianEducationLevelId]').click();\ncy.contains(' MASTERS ').click();\ncy.contains('button', 'Update').click();\ncy.wait(2000);",
              "err": {},
              "uuid": "8d445ae7-f038-4625-8e26-e594a4880a4e",
              "parentUUID": "20bd914f-cca6-4d70-a406-4021e9001bb3",
              "isHook": false,
              "skipped": false
            },
            {
              "title": "Delete existing Ed Goal if it exists",
              "fullTitle": "Test Various Civ Ed Levels for Reserve Student Military Goal Delete existing Ed Goal if it exists",
              "timedOut": null,
              "duration": 346,
              "state": "passed",
              "speed": "fast",
              "pass": true,
              "fail": false,
              "pending": false,
              "context": null,
              "code": "cy.retrieveToken();\ncy.GetEducationGoal('3327043').then((response) => {\n    response.body.forEach((item) => {\n        const goalId = item.id;\n        if (goalId) {\n            cy.DeleteEducationGoal('3327043', goalId);\n            console.log('Goal deleted');\n        }\n        else {\n            console.log('No goal to delete');\n        }\n    });\n});",
              "err": {},
              "uuid": "6fcea3f6-e260-4b0a-af8f-2320df0b2539",
              "parentUUID": "20bd914f-cca6-4d70-a406-4021e9001bb3",
              "isHook": false,
              "skipped": false
            },
            {
              "title": "I can can navigate to create new goal page, verify selection for Associates/Bachelors/Masters does not work",
              "fullTitle": "Test Various Civ Ed Levels for Reserve Student Military Goal I can can navigate to create new goal page, verify selection for Associates/Bachelors/Masters does not work",
              "timedOut": null,
              "duration": 5458,
              "state": "passed",
              "speed": "medium",
              "pass": true,
              "fail": false,
              "pending": false,
              "context": null,
              "code": "cy.wait(500);\ncy.contains('Education Goals').click();\ncy.wait(500);\ncy.contains(' CREATE NEW GOAL ').click();\ncy.contains('Associates Degree', { timeout: 30000, matchCase: false }).click().wait(500);\ncy.screenshot();\ncy.contains('Bachelors Degree', { timeout: 30000, matchCase: false }).click().wait(500);\ncy.screenshot();\ncy.contains('Masters Degree', { timeout: 30000, matchCase: false }).click().wait(2000);\ncy.screenshot();",
              "err": {},
              "uuid": "ea3ca3d4-0cf5-4acc-9d48-1f13cacb13b2",
              "parentUUID": "20bd914f-cca6-4d70-a406-4021e9001bb3",
              "isHook": false,
              "skipped": false
            },
            {
              "title": "I navigate back to the student",
              "fullTitle": "Test Various Civ Ed Levels for Reserve Student Military Goal I navigate back to the student",
              "timedOut": null,
              "duration": 7243,
              "state": "passed",
              "speed": "medium",
              "pass": true,
              "fail": false,
              "pending": false,
              "context": null,
              "code": "cy.defaultLogin();\ncy.VisitMenuPage('Student', 'Search');\ncy.getInputControl('userLastName').type('ReserveStudent');\ncy.getInputControl('userFirstName').type('Cypress');\ncy.wait(500);\ncy.get('button[type=submit]').click();\ncy.wait(1000);",
              "err": {},
              "uuid": "e42c673a-5ab9-46c4-aac1-4d3878f647c0",
              "parentUUID": "20bd914f-cca6-4d70-a406-4021e9001bb3",
              "isHook": false,
              "skipped": false
            },
            {
              "title": "Updates Ed Level",
              "fullTitle": "Test Various Civ Ed Levels for Reserve Student Military Goal Updates Ed Level",
              "timedOut": null,
              "duration": 2559,
              "state": "passed",
              "speed": "fast",
              "pass": true,
              "fail": false,
              "pending": false,
              "context": null,
              "code": "cy.get('.d-flex .flex-column', { timeout: 30000 }).contains('ReserveStudent, Cypress').click();\ncy.wait(2000);\ncy.get('[formcontrolname=civilianEducationLevelId]').click();\ncy.contains('ADULT/ALT DIPLOMA').click();\ncy.contains('button', 'Update').click();",
              "err": {},
              "uuid": "b0077123-2bb6-4078-9aca-1a8790ec3b22",
              "parentUUID": "20bd914f-cca6-4d70-a406-4021e9001bb3",
              "isHook": false,
              "skipped": false
            }
          ],
          "suites": [],
          "passes": [
            "4455ff2d-9a42-4eb5-9ddb-934ce4e5b4dc",
            "87816cba-f8a0-4586-bf69-49c4b821290d",
            "169caebf-11f2-48cc-bd31-b9f55502033a",
            "9d1e7246-7218-4f62-a2bf-8e3752736379",
            "8d265ffb-5727-422b-9664-b71110580ee7",
            "fd02ad4d-a95a-45e9-a79e-6281f4e64415",
            "58bd495a-7dbb-47be-a2a6-a6519da99572",
            "c826fa8c-aafc-4a42-90a4-cd052b2453a3",
            "c609e59e-772e-4d88-b01a-7af63cc893db",
            "c6fce205-95a0-4ac5-95f1-64e9b184fcc0",
            "f729ace9-264a-4f1b-b6ff-cb40dcc85f46",
            "c7546602-985c-4fea-880a-ed93b4bf73e2",
            "2248439f-3b27-48ed-9cb1-783395b9791b",
            "da228262-af19-4a94-958a-71d5475160c0",
            "a0bd61bc-6a8c-40f0-b06c-523ca46b2b95",
            "bb38ab9b-82cc-4f75-9828-44757bff75f4",
            "40b0a48c-c69f-418d-a281-68370052a329",
            "5950d9c9-22a9-46fa-bc8f-4c102d597408",
            "eaf17273-8855-4746-abe6-2dc08e7618ee",
            "e74369ba-44ac-40d8-95ae-e37d9ed3c432",
            "42916e7e-a693-4861-81ac-c30b9115d661",
            "9049eb42-7db0-41f8-87f0-8f4657acd778",
            "9f1dfaa0-5a5e-41a4-bc06-e1fece27a13d",
            "dd028872-6f2d-4eb0-aa42-11a225ebbeec",
            "0e723be7-bc3f-4bd1-99b2-97555bf905c5",
            "8d445ae7-f038-4625-8e26-e594a4880a4e",
            "6fcea3f6-e260-4b0a-af8f-2320df0b2539",
            "ea3ca3d4-0cf5-4acc-9d48-1f13cacb13b2",
            "e42c673a-5ab9-46c4-aac1-4d3878f647c0",
            "b0077123-2bb6-4078-9aca-1a8790ec3b22"
          ],
          "failures": [],
          "pending": [],
          "skipped": [],
          "duration": 119494,
          "root": false,
          "rootEmpty": false,
          "_timeout": 2000
        }
      ],
      "passes": [],
      "failures": [],
      "pending": [],
      "skipped": [],
      "duration": 0,
      "root": true,
      "rootEmpty": true,
      "_timeout": 2000
    }
  ],
  "meta": {
    "mocha": {
      "version": "7.0.1"
    },
    "mochawesome": {
      "options": {
        "quiet": false,
        "reportFilename": "mochawesome",
        "saveHtml": false,
        "saveJson": true,
        "consoleReporter": "spec",
        "useInlineDiffs": false,
        "code": true
      },
      "version": "7.1.3"
    },
    "marge": {
      "options": {
        "reportDir": "cypress/reports/mocha",
        "overwrite": false,
        "html": false,
        "json": true
      },
      "version": "6.2.0"
    }
  }
}