{
  "stats": {
    "suites": 1,
    "tests": 9,
    "passes": 9,
    "pending": 0,
    "failures": 0,
    "start": "2024-04-15T21:02:39.960Z",
    "end": "2024-04-15T21:03:38.364Z",
    "duration": 58404,
    "testsRegistered": 9,
    "passPercent": 100,
    "pendingPercent": 0,
    "other": 0,
    "hasOther": false,
    "skipped": 0,
    "hasSkipped": false
  },
  "results": [
    {
      "uuid": "093aa474-7b23-4a1d-ab96-b3cea5cad425",
      "title": "",
      "fullFile": "cypress\\e2e\\skill bridge\\skill-bridge.ts",
      "file": "cypress\\e2e\\skill bridge\\skill-bridge.ts",
      "beforeHooks": [],
      "afterHooks": [],
      "tests": [],
      "suites": [
        {
          "uuid": "e77f92ad-05c5-4d77-ad58-1b68807bb13e",
          "title": "Create Skill bridge test",
          "fullFile": "",
          "file": "",
          "beforeHooks": [],
          "afterHooks": [],
          "tests": [
            {
              "title": "i can navigate to skill bridge",
              "fullTitle": "Create Skill bridge test i can navigate to skill bridge",
              "timedOut": null,
              "duration": 7957,
              "state": "passed",
              "speed": "medium",
              "pass": true,
              "fail": false,
              "pending": false,
              "context": null,
              "code": "cy.defaultLogin();\ncy.wait(3000);",
              "err": {},
              "uuid": "d8dc668e-c8ae-4a11-99c3-0651074cc90b",
              "parentUUID": "e77f92ad-05c5-4d77-ad58-1b68807bb13e",
              "isHook": false,
              "skipped": false
            },
            {
              "title": "I can navigate to student search page",
              "fullTitle": "Create Skill bridge test I can navigate to student search page",
              "timedOut": null,
              "duration": 5853,
              "state": "passed",
              "speed": "medium",
              "pass": true,
              "fail": false,
              "pending": false,
              "context": null,
              "code": "cy.VisitMenuPage('Student', 'Search');\ncy.SearchStudent('Cypress', 'Student');\ncy.get('a[routerlink=\"/student/skillbridge-application\"]').click();",
              "err": {},
              "uuid": "2f30eaa7-f951-4e30-9a3c-249a3a407a41",
              "parentUUID": "e77f92ad-05c5-4d77-ad58-1b68807bb13e",
              "isHook": false,
              "skipped": false
            },
            {
              "title": "i can delete if exists",
              "fullTitle": "Create Skill bridge test i can delete if exists",
              "timedOut": null,
              "duration": 6227,
              "state": "passed",
              "speed": "medium",
              "pass": true,
              "fail": false,
              "pending": false,
              "context": null,
              "code": "cy.wait(5000);\ncy.get('.datatable-body').contains('Provider Name').click().wait(500);\ncy.contains('button', 'Delete Application').click();\ncy.get('[formcontrolname=remarks]').click().type('Delete- Cypress');\ncy.get('mat-dialog-actions').contains('Delete').click();",
              "err": {},
              "uuid": "0194dc48-a33a-4e87-be7d-d1fe267117a1",
              "parentUUID": "e77f92ad-05c5-4d77-ad58-1b68807bb13e",
              "isHook": false,
              "skipped": false
            },
            {
              "title": "I can create skill bridge application",
              "fullTitle": "Create Skill bridge test I can create skill bridge application",
              "timedOut": null,
              "duration": 5730,
              "state": "passed",
              "speed": "medium",
              "pass": true,
              "fail": false,
              "pending": false,
              "context": null,
              "code": "cy.wait(5000);\ncy.contains('button', 'Create SkillBridge Application').click();\ncy.getInputControl('studentPhone').type('1234567890');\ncy.contains('button', 'Verify and Proceed').click({ force: true });",
              "err": {},
              "uuid": "35ac7bf3-9b30-4cae-a5f9-de95966d2ebc",
              "parentUUID": "e77f92ad-05c5-4d77-ad58-1b68807bb13e",
              "isHook": false,
              "skipped": false
            },
            {
              "title": "Provides military information",
              "fullTitle": "Create Skill bridge test Provides military information",
              "timedOut": null,
              "duration": 6642,
              "state": "passed",
              "speed": "medium",
              "pass": true,
              "fail": false,
              "pending": false,
              "context": null,
              "code": "cy.getInputControl('studentOfficeSymbol').type('hyt').wait(500);\ncy.getInputControl('commanderName').type('Commander Name').wait(500);\ncy.getInputControl('commanderPhone').type('123456789').wait(500);\ncy.getInputControl('commanderEmail').type('commander@fakemail.com').wait(500);\ncy.getInputControl('supervisorName').type('Supervisor Name').wait(500);\ncy.getInputControl('supervisorPhone').type('123456789').wait(500);\ncy.getInputControl('supervisorEmail').type('supervisor@fakemail.com').wait(500);\ncy.get('#militaryInformationNext').click().wait(500);",
              "err": {},
              "uuid": "db91fc3c-fadc-47c4-8953-8dda5bfe37f4",
              "parentUUID": "e77f92ad-05c5-4d77-ad58-1b68807bb13e",
              "isHook": false,
              "skipped": false
            },
            {
              "title": "Provides program details",
              "fullTitle": "Create Skill bridge test Provides program details",
              "timedOut": null,
              "duration": 9643,
              "state": "passed",
              "speed": "medium",
              "pass": true,
              "fail": false,
              "pending": false,
              "context": null,
              "code": "cy.getInputControl('providerName').type('Provider Name');\ncy.getMatSelectControl('providerOpportunityType').click()\n    .wait(500)\n    .get('mat-option')\n    .eq(1)\n    .click();\ncy.getMatSelectControl('providerDeliveryMethod').click()\n    .wait(500)\n    .get('mat-option')\n    .eq(1)\n    .click();\ncy.getTextAreaControl('jobTrainingDescription').type('job training description').wait(500);\ncy.get('[type=\"radio\"]').first().check('true', { force: true }).wait(500);\ncy.getInputControl('providerPoc').type('Provider POC').wait(500);\ncy.getInputControl('providerPhone').type('123456789').wait(500);\ncy.getInputControl('providerEmail').type('ProviderPOC@fakemail.com').wait(500);\ncy.getInputControl('providerStreet1').type('100 Provider St.').wait(500);\ncy.getInputControl('providerCity').type('Provider City').wait(500);\ncy.getMatSelectControl('providerStateId').wait(500)\n    .click().get('mat-option')\n    .contains('Alabama')\n    .click().wait(500);\ncy.getInputControl('providerZip').type('12345');\ncy.get('mat-radio-group[formcontrolname=\"skillBridgeProviderOutside50MiRadiusId\"]').within(() => {\n    cy.get('mat-radio-button').first().click();\n});\ncy.get('#programDetailNext').click();",
              "err": {},
              "uuid": "11c5faa5-11db-468b-bd95-d4fa2a72aede",
              "parentUUID": "e77f92ad-05c5-4d77-ad58-1b68807bb13e",
              "isHook": false,
              "skipped": false
            },
            {
              "title": "Provides program dates",
              "fullTitle": "Create Skill bridge test Provides program dates",
              "timedOut": null,
              "duration": 8061,
              "state": "passed",
              "speed": "medium",
              "pass": true,
              "fail": false,
              "pending": false,
              "context": null,
              "code": "cy.wait(500);\ncy.getMatSelectControl('programDuration').click()\n    .wait(500)\n    .get('mat-option')\n    .eq(1)\n    .click();\ncy.get('mat-radio-group[formcontrolname=\"isTrainingPartTime\"]').within(() => {\n    cy.get('mat-radio-button').first().click();\n});\ncy.getInputControl('trainingStartDate').type('7/01/2027').wait(500);\ncy.getInputControl('trainingEndDate').type('7/03/2027').wait(500);\ncy.getInputControl('permissiveTdyStartDate').type('7/01/2027').wait(500);\ncy.getInputControl('permissiveTdyEndDate').type('7/03/2027').wait(500);\ncy.getInputControl('terminalLeaveStartDate').type('7/01/2027').wait(500);\ncy.getInputControl('terminalLeaveEndDate').type('7/03/2027').wait(500);\ncy.getInputControl('entireProgramStartDate').type('7/01/2027').wait(500);\ncy.getInputControl('entireProgramEndDate').type('7/03/2027').wait(500);\ncy.get('#programDatesNext').click();",
              "err": {},
              "uuid": "bcf49388-6df7-4858-b15e-7724e1e0e51d",
              "parentUUID": "e77f92ad-05c5-4d77-ad58-1b68807bb13e",
              "isHook": false,
              "skipped": false
            },
            {
              "title": "Uploads supporting documentation",
              "fullTitle": "Create Skill bridge test Uploads supporting documentation",
              "timedOut": null,
              "duration": 914,
              "state": "passed",
              "speed": "fast",
              "pass": true,
              "fail": false,
              "pending": false,
              "context": null,
              "code": "cy.wait(500);\nconst fixtureFile = 'SchoolRefundSearch1.png';\ncy.get('input[type=\"file\"]').first().attachFile(fixtureFile);\ncy.get('#skillBridgeSubmit').click();\ncy.wait(100);\ncy.contains('button', 'Yes').click();",
              "err": {},
              "uuid": "1018f20b-d5bc-423b-b154-ce15055545e0",
              "parentUUID": "e77f92ad-05c5-4d77-ad58-1b68807bb13e",
              "isHook": false,
              "skipped": false
            },
            {
              "title": "i can edit",
              "fullTitle": "Create Skill bridge test i can edit",
              "timedOut": null,
              "duration": 7115,
              "state": "passed",
              "speed": "medium",
              "pass": true,
              "fail": false,
              "pending": false,
              "context": null,
              "code": "cy.wait(5000);\ncy.contains('Provider Name').click().wait(500);\ncy.contains('Edit Application').click();\ncy.contains('Add Remark').click();\ncy.get('mat-dialog-container').within(() => {\n    cy.getInputControl('subject').type('subject');\n    cy.getTextAreaControl('remark').type('remark');\n    cy.contains('button', 'Add Remark').click();\n});\ncy.contains('button', 'Update Application').click();",
              "err": {},
              "uuid": "1035cba2-84b7-4098-b410-000fe38dc8c9",
              "parentUUID": "e77f92ad-05c5-4d77-ad58-1b68807bb13e",
              "isHook": false,
              "skipped": false
            }
          ],
          "suites": [],
          "passes": [
            "d8dc668e-c8ae-4a11-99c3-0651074cc90b",
            "2f30eaa7-f951-4e30-9a3c-249a3a407a41",
            "0194dc48-a33a-4e87-be7d-d1fe267117a1",
            "35ac7bf3-9b30-4cae-a5f9-de95966d2ebc",
            "db91fc3c-fadc-47c4-8953-8dda5bfe37f4",
            "11c5faa5-11db-468b-bd95-d4fa2a72aede",
            "bcf49388-6df7-4858-b15e-7724e1e0e51d",
            "1018f20b-d5bc-423b-b154-ce15055545e0",
            "1035cba2-84b7-4098-b410-000fe38dc8c9"
          ],
          "failures": [],
          "pending": [],
          "skipped": [],
          "duration": 58142,
          "root": false,
          "rootEmpty": false,
          "_timeout": 2000
        }
      ],
      "passes": [],
      "failures": [],
      "pending": [],
      "skipped": [],
      "duration": 0,
      "root": true,
      "rootEmpty": true,
      "_timeout": 2000
    }
  ],
  "meta": {
    "mocha": {
      "version": "7.0.1"
    },
    "mochawesome": {
      "options": {
        "quiet": false,
        "reportFilename": "mochawesome",
        "saveHtml": false,
        "saveJson": true,
        "consoleReporter": "spec",
        "useInlineDiffs": false,
        "code": true
      },
      "version": "7.1.3"
    },
    "marge": {
      "options": {
        "reportDir": "cypress/reports/mocha",
        "overwrite": false,
        "html": false,
        "json": true
      },
      "version": "6.2.0"
    }
  }
}