{
  "stats": {
    "suites": 1,
    "tests": 14,
    "passes": 14,
    "pending": 0,
    "failures": 0,
    "start": "2024-04-15T21:11:34.671Z",
    "end": "2024-04-15T21:13:05.470Z",
    "duration": 90799,
    "testsRegistered": 14,
    "passPercent": 100,
    "pendingPercent": 0,
    "other": 0,
    "hasOther": false,
    "skipped": 0,
    "hasSkipped": false
  },
  "results": [
    {
      "uuid": "290595bd-3574-4a95-834d-83d921294ef3",
      "title": "",
      "fullFile": "cypress\\e2e\\user-account\\Update-Reserve-SM-Profile.ts",
      "file": "cypress\\e2e\\user-account\\Update-Reserve-SM-Profile.ts",
      "beforeHooks": [],
      "afterHooks": [],
      "tests": [],
      "suites": [
        {
          "uuid": "fec341ae-e214-4830-8615-265b4d9b08e0",
          "title": "Update Reserve SM Profile",
          "fullFile": "",
          "file": "",
          "beforeHooks": [],
          "afterHooks": [],
          "tests": [
            {
              "title": "Logs in as admin user with edit permissions",
              "fullTitle": "Update Reserve SM Profile Logs in as admin user with edit permissions",
              "timedOut": null,
              "duration": 5093,
              "state": "passed",
              "speed": "medium",
              "pass": true,
              "fail": false,
              "pending": false,
              "context": null,
              "code": "cy.login('Jeremiah', 'TPO-Lee');",
              "err": {},
              "uuid": "3f5f81ac-58ac-4bad-a95c-cb3fa5956189",
              "parentUUID": "fec341ae-e214-4830-8615-265b4d9b08e0",
              "isHook": false,
              "skipped": false
            },
            {
              "title": "Finds Reserve Student",
              "fullTitle": "Update Reserve SM Profile Finds Reserve Student",
              "timedOut": null,
              "duration": 6471,
              "state": "passed",
              "speed": "medium",
              "pass": true,
              "fail": false,
              "pending": false,
              "context": null,
              "code": "cy.VisitMenuPage('Students', 'Search');\ncy.SearchStudent('Cypress', 'ReserveStudent');",
              "err": {},
              "uuid": "4583565b-a333-45cc-9ea1-580326f4b02a",
              "parentUUID": "fec341ae-e214-4830-8615-265b4d9b08e0",
              "isHook": false,
              "skipped": false
            },
            {
              "title": "Update SSN, verify change stuck",
              "fullTitle": "Update Reserve SM Profile Update SSN, verify change stuck",
              "timedOut": null,
              "duration": 9176,
              "state": "passed",
              "speed": "medium",
              "pass": true,
              "fail": false,
              "pending": false,
              "context": null,
              "code": "cy.get('input[formcontrolname=ssn]')\n    .click()\n    .wait(1000)\n    .clear()\n    .type('888788888').wait(1000);\ncy.contains('Update').click().wait(2000);\ncy.get('input[formcontrolname=ssn]').should('have.value', '888788888');\ncy.get('input[formcontrolname=ssn]')\n    .click()\n    .wait(1000)\n    .clear()\n    .type('222551265').wait(1000);\ncy.contains('Update').click().wait(2000);\ncy.contains('Update Successful');",
              "err": {},
              "uuid": "6a7215a7-f785-4e9d-9004-1407e40bac09",
              "parentUUID": "fec341ae-e214-4830-8615-265b4d9b08e0",
              "isHook": false,
              "skipped": false
            },
            {
              "title": "Update Service Component, verify changes stuck",
              "fullTitle": "Update Reserve SM Profile Update Service Component, verify changes stuck",
              "timedOut": null,
              "duration": 4907,
              "state": "passed",
              "speed": "fast",
              "pass": true,
              "fail": false,
              "pending": false,
              "context": null,
              "code": "cy.get('mat-select[formcontrolname=serviceComponentId]').click();\ncy.get('mat-option').contains(' ACTIVE ARMY ').click();\ncy.contains('Update').click().wait(2000);\ncy.contains('ACTIVE ARMY');\ncy.get('mat-select[formcontrolname=serviceComponentId]').click();\ncy.get('mat-option').contains(' ARMY RESERVE ').click();\ncy.contains('Update').click().wait(2000);\ncy.contains('Update Successful');",
              "err": {},
              "uuid": "3925beb9-96b3-4879-8273-33dd7a3a25ff",
              "parentUUID": "fec341ae-e214-4830-8615-265b4d9b08e0",
              "isHook": false,
              "skipped": false
            },
            {
              "title": "Update Record Status, verify changes stuck",
              "fullTitle": "Update Reserve SM Profile Update Record Status, verify changes stuck",
              "timedOut": null,
              "duration": 4918,
              "state": "passed",
              "speed": "fast",
              "pass": true,
              "fail": false,
              "pending": false,
              "context": null,
              "code": "cy.get('mat-select[formcontrolname=studentRecordStatusId]').click();\ncy.get('mat-option').contains(' SEP - Separated ').click();\ncy.contains('Update').click().wait(2000);\ncy.contains('SEP - Separated');\ncy.get('mat-select[formcontrolname=studentRecordStatusId]').click();\ncy.get('mat-option').contains('Active Record').click();\ncy.contains('Update').click().wait(2000);\ncy.contains('Update Successful');",
              "err": {},
              "uuid": "6ec37fc5-48c9-45d5-a6b9-2fddbbc106a7",
              "parentUUID": "fec341ae-e214-4830-8615-265b4d9b08e0",
              "isHook": false,
              "skipped": false
            },
            {
              "title": "Update Date of Birth",
              "fullTitle": "Update Reserve SM Profile Update Date of Birth",
              "timedOut": null,
              "duration": 6792,
              "state": "passed",
              "speed": "medium",
              "pass": true,
              "fail": false,
              "pending": false,
              "context": null,
              "code": "cy.contains('Update').click().wait(2000);\ncy.get('input[formcontrolname=dateOfBirth]')\n    .click()\n    .wait(1000)\n    .clear()\n    .type('1/1/1980').wait(1000);\ncy.contains('Update').click().wait(2000);\ncy.contains('Update Successful');",
              "err": {},
              "uuid": "c9687095-c48e-4e2a-95ca-e95f39769b8e",
              "parentUUID": "fec341ae-e214-4830-8615-265b4d9b08e0",
              "isHook": false,
              "skipped": false
            },
            {
              "title": "Updates Civilian Ed Level, verify changes stuck",
              "fullTitle": "Update Reserve SM Profile Updates Civilian Ed Level, verify changes stuck",
              "timedOut": null,
              "duration": 4961,
              "state": "passed",
              "speed": "fast",
              "pass": true,
              "fail": false,
              "pending": false,
              "context": null,
              "code": "cy.get('mat-select[formcontrolname=civilianEducationLevelId]').click();\ncy.get('mat-option').contains(' BACCALAUREATE ').click();\ncy.contains('Update').click().wait(2000);\ncy.contains('BACCALAUREATE');\ncy.get('mat-select[formcontrolname=civilianEducationLevelId]').click();\ncy.get('mat-option').contains(' ADULT/ALT DIPLOMA ').click();\ncy.contains('Update').click().wait(2000);\ncy.contains('ADULT/ALT DIPLOMA');\ncy.contains('Update Successful');",
              "err": {},
              "uuid": "d61470ee-9b55-4eb2-a97d-15946b0f6dc0",
              "parentUUID": "fec341ae-e214-4830-8615-265b4d9b08e0",
              "isHook": false,
              "skipped": false
            },
            {
              "title": "Updates ETS Date, verify changes stuck",
              "fullTitle": "Update Reserve SM Profile Updates ETS Date, verify changes stuck",
              "timedOut": null,
              "duration": 9295,
              "state": "passed",
              "speed": "medium",
              "pass": true,
              "fail": false,
              "pending": false,
              "context": null,
              "code": "cy.get('input[formcontrolname=etsDate]')\n    .click()\n    .wait(1000)\n    .clear()\n    .type('1/1/2028').wait(1000);\ncy.contains('Update').click().wait(2000);\ncy.get('input[formcontrolname=etsDate]')\n    .click()\n    .wait(1000)\n    .clear()\n    .type('1/1/2027').wait(1000);\ncy.contains('Update').click().wait(2000);\ncy.contains('Update Successful');",
              "err": {},
              "uuid": "0b1ac02a-8651-42e1-8826-e46e3f3ab142",
              "parentUUID": "fec341ae-e214-4830-8615-265b4d9b08e0",
              "isHook": false,
              "skipped": false
            },
            {
              "title": "Updates Military Ed Level, verify changes stuck",
              "fullTitle": "Update Reserve SM Profile Updates Military Ed Level, verify changes stuck",
              "timedOut": null,
              "duration": 5039,
              "state": "passed",
              "speed": "medium",
              "pass": true,
              "fail": false,
              "pending": false,
              "context": null,
              "code": "cy.get('mat-select[formcontrolname=studentMilitaryEducationLevelId]').click();\ncy.get('mat-option').contains(' ALC ').click();\ncy.contains('Update').click().wait(2000);\ncy.contains('ALC');\ncy.get('mat-select[formcontrolname=studentMilitaryEducationLevelId]').click();\ncy.get('mat-option').contains(' BLC ').click();\ncy.contains('Update').click().wait(2000);\ncy.contains('BLC');\ncy.contains('Update Successful');",
              "err": {},
              "uuid": "d0589b9e-125e-4f74-9534-3d6a75e8a504",
              "parentUUID": "fec341ae-e214-4830-8615-265b4d9b08e0",
              "isHook": false,
              "skipped": false
            },
            {
              "title": "Updates Military Ed Level Status, verify changes stuck",
              "fullTitle": "Update Reserve SM Profile Updates Military Ed Level Status, verify changes stuck",
              "timedOut": null,
              "duration": 4886,
              "state": "passed",
              "speed": "fast",
              "pass": true,
              "fail": false,
              "pending": false,
              "context": null,
              "code": "cy.get('mat-select[formcontrolname=studentMilitaryEducationLevelStatusId]').click();\ncy.get('mat-option').contains(' NONE ').click();\ncy.contains('Update').click().wait(2000);\ncy.contains('NONE');\ncy.get('mat-select[formcontrolname=studentMilitaryEducationLevelStatusId]').click();\ncy.get('mat-option').contains(' ENROL ').click();\ncy.contains('Update').click().wait(2000);\ncy.contains('Update Successful');\ncy.contains('ENROL');",
              "err": {},
              "uuid": "32f93cd6-8206-4b2a-ad34-99b022adb8dc",
              "parentUUID": "fec341ae-e214-4830-8615-265b4d9b08e0",
              "isHook": false,
              "skipped": false
            },
            {
              "title": "Updates Primay MOS, verify changes stuck",
              "fullTitle": "Update Reserve SM Profile Updates Primay MOS, verify changes stuck",
              "timedOut": null,
              "duration": 7053,
              "state": "passed",
              "speed": "medium",
              "pass": true,
              "fail": false,
              "pending": false,
              "context": null,
              "code": "cy.get('input[formcontrolname=mos]').click().wait(1000).clear().type('00Z');\ncy.contains('Update').click().wait(2000);\ncy.get('input[formcontrolname=mos]').click().wait(1000).clear().type('12A');\ncy.contains('Update').click().wait(2000);\ncy.contains('Update Successful');",
              "err": {},
              "uuid": "39677811-a511-4f52-9e65-96fdc7cb9efc",
              "parentUUID": "fec341ae-e214-4830-8615-265b4d9b08e0",
              "isHook": false,
              "skipped": false
            },
            {
              "title": "Updates Secondary MOS, verify changes stuck",
              "fullTitle": "Update Reserve SM Profile Updates Secondary MOS, verify changes stuck",
              "timedOut": null,
              "duration": 7025,
              "state": "passed",
              "speed": "medium",
              "pass": true,
              "fail": false,
              "pending": false,
              "context": null,
              "code": "cy.get('input[formcontrolname=mos2]').click().wait(1000).clear().type('00Z');\ncy.contains('Update').click().wait(2000);\ncy.get('input[formcontrolname=mos2]').click().wait(1000).clear().type('11B');\ncy.contains('Update').click().wait(2000);\ncy.contains('Update Successful');",
              "err": {},
              "uuid": "70b98e0e-ee74-452b-b592-b7f11212db7e",
              "parentUUID": "fec341ae-e214-4830-8615-265b4d9b08e0",
              "isHook": false,
              "skipped": false
            },
            {
              "title": "Updates Assigned Unit, verify changes stuck",
              "fullTitle": "Update Reserve SM Profile Updates Assigned Unit, verify changes stuck",
              "timedOut": null,
              "duration": 7216,
              "state": "passed",
              "speed": "medium",
              "pass": true,
              "fail": false,
              "pending": false,
              "context": null,
              "code": "cy.get('input[formcontrolname=assignedUnit]').click().wait(1000).clear().type('W0A001');\ncy.contains('Update').click().wait(2000);\ncy.get('input[formcontrolname=assignedUnit]').click().wait(1000).clear().type('W0A0AA');\ncy.contains('Update').click().wait(2000);\ncy.contains('Update Successful');",
              "err": {},
              "uuid": "f84ac905-73a1-4f69-b9de-688bd96996bd",
              "parentUUID": "fec341ae-e214-4830-8615-265b4d9b08e0",
              "isHook": false,
              "skipped": false
            },
            {
              "title": "Updates Attached Unit, verify changes stuck",
              "fullTitle": "Update Reserve SM Profile Updates Attached Unit, verify changes stuck",
              "timedOut": null,
              "duration": 7320,
              "state": "passed",
              "speed": "medium",
              "pass": true,
              "fail": false,
              "pending": false,
              "context": null,
              "code": "cy.get('input[formcontrolname=attachedUnit]').click().wait(1000).clear().type('W0A001');\ncy.contains('Update').click().wait(2000);\ncy.get('input[formcontrolname=attachedUnit]').click().wait(1000).clear().type('W0A0AA');\ncy.contains('Update').click().wait(2000);\ncy.contains('Update Successful');",
              "err": {},
              "uuid": "6f784dd5-4d15-4a5e-9699-628bd90c0f1c",
              "parentUUID": "fec341ae-e214-4830-8615-265b4d9b08e0",
              "isHook": false,
              "skipped": false
            }
          ],
          "suites": [],
          "passes": [
            "3f5f81ac-58ac-4bad-a95c-cb3fa5956189",
            "4583565b-a333-45cc-9ea1-580326f4b02a",
            "6a7215a7-f785-4e9d-9004-1407e40bac09",
            "3925beb9-96b3-4879-8273-33dd7a3a25ff",
            "6ec37fc5-48c9-45d5-a6b9-2fddbbc106a7",
            "c9687095-c48e-4e2a-95ca-e95f39769b8e",
            "d61470ee-9b55-4eb2-a97d-15946b0f6dc0",
            "0b1ac02a-8651-42e1-8826-e46e3f3ab142",
            "d0589b9e-125e-4f74-9534-3d6a75e8a504",
            "32f93cd6-8206-4b2a-ad34-99b022adb8dc",
            "39677811-a511-4f52-9e65-96fdc7cb9efc",
            "70b98e0e-ee74-452b-b592-b7f11212db7e",
            "f84ac905-73a1-4f69-b9de-688bd96996bd",
            "6f784dd5-4d15-4a5e-9699-628bd90c0f1c"
          ],
          "failures": [],
          "pending": [],
          "skipped": [],
          "duration": 90152,
          "root": false,
          "rootEmpty": false,
          "_timeout": 2000
        }
      ],
      "passes": [],
      "failures": [],
      "pending": [],
      "skipped": [],
      "duration": 0,
      "root": true,
      "rootEmpty": true,
      "_timeout": 2000
    }
  ],
  "meta": {
    "mocha": {
      "version": "7.0.1"
    },
    "mochawesome": {
      "options": {
        "quiet": false,
        "reportFilename": "mochawesome",
        "saveHtml": false,
        "saveJson": true,
        "consoleReporter": "spec",
        "useInlineDiffs": false,
        "code": true
      },
      "version": "7.1.3"
    },
    "marge": {
      "options": {
        "reportDir": "cypress/reports/mocha",
        "overwrite": false,
        "html": false,
        "json": true
      },
      "version": "6.2.0"
    }
  }
}