{
  "stats": {
    "suites": 1,
    "tests": 9,
    "passes": 9,
    "pending": 0,
    "failures": 0,
    "start": "2024-04-15T21:20:48.774Z",
    "end": "2024-04-15T21:21:32.566Z",
    "duration": 43792,
    "testsRegistered": 9,
    "passPercent": 100,
    "pendingPercent": 0,
    "other": 0,
    "hasOther": false,
    "skipped": 0,
    "hasSkipped": false
  },
  "results": [
    {
      "uuid": "ef1bbd0b-75a1-43cc-a872-ef84e450fbfd",
      "title": "",
      "fullFile": "cypress\\e2e\\_TAFunding\\associates-degree-Active.ts",
      "file": "cypress\\e2e\\_TAFunding\\associates-degree-Active.ts",
      "beforeHooks": [],
      "afterHooks": [],
      "tests": [],
      "suites": [
        {
          "uuid": "11e4ff6b-df67-445d-a5bd-d8c804d1cec1",
          "title": "Create Associates Degree Civilian Goal",
          "fullFile": "",
          "file": "",
          "beforeHooks": [],
          "afterHooks": [],
          "tests": [
            {
              "title": "I can navigate to student search page",
              "fullTitle": "Create Associates Degree Civilian Goal I can navigate to student search page",
              "timedOut": null,
              "duration": 5232,
              "state": "passed",
              "speed": "medium",
              "pass": true,
              "fail": false,
              "pending": false,
              "context": null,
              "code": "cy.defaultLogin();\ncy.contains('Students').click();\ncy.contains('Search').click();",
              "err": {},
              "uuid": "eb8d370c-cf6a-4746-ac33-e2c8f1971105",
              "parentUUID": "11e4ff6b-df67-445d-a5bd-d8c804d1cec1",
              "isHook": false,
              "skipped": false
            },
            {
              "title": "I can find cypress test student",
              "fullTitle": "Create Associates Degree Civilian Goal I can find cypress test student",
              "timedOut": null,
              "duration": 5589,
              "state": "passed",
              "speed": "medium",
              "pass": true,
              "fail": false,
              "pending": false,
              "context": null,
              "code": "cy.visit('/student/search').wait(3000);\ncy.getInputControl('userLastName').type('Student');\ncy.getInputControl('userFirstName').type('Cypress');\ncy.wait(500);\ncy.get('button[type=submit]').click();\ncy.wait(1000);\ncy.contains('.row-header', 'Student, Cypress').click();",
              "err": {},
              "uuid": "2113fc29-82dd-456a-a844-993d6772f8a6",
              "parentUUID": "11e4ff6b-df67-445d-a5bd-d8c804d1cec1",
              "isHook": false,
              "skipped": false
            },
            {
              "title": "deletes previous TAR via API",
              "fullTitle": "Create Associates Degree Civilian Goal deletes previous TAR via API",
              "timedOut": null,
              "duration": 429,
              "state": "passed",
              "speed": "fast",
              "pass": true,
              "fail": false,
              "pending": false,
              "context": null,
              "code": "cy.retrieveToken();\ncy.getFundingRequest('420').then((response) => {\n    if (response.body.length > 0) {\n        const TarID = response.body[0].id;\n        cy.deleteFundingRequest('420', TarID);\n    }\n});",
              "err": {},
              "uuid": "3be7f929-bc3f-4496-adc4-56ea0f8ef71d",
              "parentUUID": "11e4ff6b-df67-445d-a5bd-d8c804d1cec1",
              "isHook": false,
              "skipped": false
            },
            {
              "title": "I can navigate to the education goals page, remove previous goal",
              "fullTitle": "Create Associates Degree Civilian Goal I can navigate to the education goals page, remove previous goal",
              "timedOut": null,
              "duration": 9321,
              "state": "passed",
              "speed": "medium",
              "pass": true,
              "fail": false,
              "pending": false,
              "context": null,
              "code": "cy.contains('Education Goals').click();\ncy.wait(500);\ncy.get('app-goals').then((body) => {\n    if (body.find('mat-card').length) {\n        cy.contains('View Details').click();\n        cy.wait(5000);\n        cy.contains('Delete').click();\n        cy.contains('button', 'Yes').click();\n        cy.wait(2000);\n        cy.screenshot();\n    }\n});\ncy.wait(1000);",
              "err": {},
              "uuid": "b28ff695-241d-4822-b62b-6b77e3059a7a",
              "parentUUID": "11e4ff6b-df67-445d-a5bd-d8c804d1cec1",
              "isHook": false,
              "skipped": false
            },
            {
              "title": "I can can navigate to create new goal page",
              "fullTitle": "Create Associates Degree Civilian Goal I can can navigate to create new goal page",
              "timedOut": null,
              "duration": 499,
              "state": "passed",
              "speed": "fast",
              "pass": true,
              "fail": false,
              "pending": false,
              "context": null,
              "code": "cy.contains('Education Goals', { timeout: 30000, matchCase: false }).click();\ncy.contains('Create New Goal', { timeout: 30000, matchCase: false }).click();\ncy.contains('Associates Degree', { timeout: 30000, matchCase: false }).click();",
              "err": {},
              "uuid": "2575e0ce-990f-4e6a-931e-d87ec51b8100",
              "parentUUID": "11e4ff6b-df67-445d-a5bd-d8c804d1cec1",
              "isHook": false,
              "skipped": false
            },
            {
              "title": "I can start creating a goal",
              "fullTitle": "Create Associates Degree Civilian Goal I can start creating a goal",
              "timedOut": null,
              "duration": 8435,
              "state": "passed",
              "speed": "medium",
              "pass": true,
              "fail": false,
              "pending": false,
              "context": null,
              "code": "// Institution\ncy.wait(500);\ncy.getInputControl('institution').wait(1000).type('American Military University');\ncy.wait(2000);\ncy.getInputControl('institution').type('value{downarrow}{enter}').wait(2000)\n    .click({ force: true });\n// Next\ncy.get('#institution').click().wait(2000);",
              "err": {},
              "uuid": "d1be2a70-9dda-4bfe-8938-e04b56ac6f9a",
              "parentUUID": "11e4ff6b-df67-445d-a5bd-d8c804d1cec1",
              "isHook": false,
              "skipped": false
            },
            {
              "title": "Selects a Degree Program",
              "fullTitle": "Create Associates Degree Civilian Goal Selects a Degree Program",
              "timedOut": null,
              "duration": 5579,
              "state": "passed",
              "speed": "medium",
              "pass": true,
              "fail": false,
              "pending": false,
              "context": null,
              "code": "// Degree Program\ncy.get(\"#titleKeyword\").type(\"associate of applied science in health\");\ncy.wait(2000);\ncy.get('.d-flex .flex-column', { timeout: 30000 }).contains('Associate of Applied Science in Health Sciences').click();\n// Next\ncy.get('#degreeprogram').click();\ncy.get('#degreefile').click();\n// Credits\ncy.getInputControl('previouslyCompletedCredits').type('1');\n// Submit\ncy.get('#goalareasubmitgoal').click();\ncy.wait(2000);\n// Confirm\ncy.contains('button', 'Yes').click();",
              "err": {},
              "uuid": "a7f8b02a-1a66-4f16-b3cc-69ccf8c93810",
              "parentUUID": "11e4ff6b-df67-445d-a5bd-d8c804d1cec1",
              "isHook": false,
              "skipped": false
            },
            {
              "title": "I should see correct status for goal",
              "fullTitle": "Create Associates Degree Civilian Goal I should see correct status for goal",
              "timedOut": null,
              "duration": 5859,
              "state": "passed",
              "speed": "medium",
              "pass": true,
              "fail": false,
              "pending": false,
              "context": null,
              "code": "cy.contains('View Details').click();\ncy.wait(5000);\n// Should see correct status\ncy.screenshot();\ncy.contains('Approved', { matchCase: false });",
              "err": {},
              "uuid": "a1818734-2386-47de-b710-e2280ec3181a",
              "parentUUID": "11e4ff6b-df67-445d-a5bd-d8c804d1cec1",
              "isHook": false,
              "skipped": false
            },
            {
              "title": "I can delete goal",
              "fullTitle": "Create Associates Degree Civilian Goal I can delete goal",
              "timedOut": null,
              "duration": 2561,
              "state": "passed",
              "speed": "fast",
              "pass": true,
              "fail": false,
              "pending": false,
              "context": null,
              "code": "cy.contains('Delete').click();\ncy.contains('button', 'Yes').click();\ncy.wait(2000);\ncy.screenshot();",
              "err": {},
              "uuid": "278ad9ac-72d9-4b7d-acbc-b223157bfc2b",
              "parentUUID": "11e4ff6b-df67-445d-a5bd-d8c804d1cec1",
              "isHook": false,
              "skipped": false
            }
          ],
          "suites": [],
          "passes": [
            "eb8d370c-cf6a-4746-ac33-e2c8f1971105",
            "2113fc29-82dd-456a-a844-993d6772f8a6",
            "3be7f929-bc3f-4496-adc4-56ea0f8ef71d",
            "b28ff695-241d-4822-b62b-6b77e3059a7a",
            "2575e0ce-990f-4e6a-931e-d87ec51b8100",
            "d1be2a70-9dda-4bfe-8938-e04b56ac6f9a",
            "a7f8b02a-1a66-4f16-b3cc-69ccf8c93810",
            "a1818734-2386-47de-b710-e2280ec3181a",
            "278ad9ac-72d9-4b7d-acbc-b223157bfc2b"
          ],
          "failures": [],
          "pending": [],
          "skipped": [],
          "duration": 43504,
          "root": false,
          "rootEmpty": false,
          "_timeout": 2000
        }
      ],
      "passes": [],
      "failures": [],
      "pending": [],
      "skipped": [],
      "duration": 0,
      "root": true,
      "rootEmpty": true,
      "_timeout": 2000
    }
  ],
  "meta": {
    "mocha": {
      "version": "7.0.1"
    },
    "mochawesome": {
      "options": {
        "quiet": false,
        "reportFilename": "mochawesome",
        "saveHtml": false,
        "saveJson": true,
        "consoleReporter": "spec",
        "useInlineDiffs": false,
        "code": true
      },
      "version": "7.1.3"
    },
    "marge": {
      "options": {
        "reportDir": "cypress/reports/mocha",
        "overwrite": false,
        "html": false,
        "json": true
      },
      "version": "6.2.0"
    }
  }
}