{
  "stats": {
    "suites": 1,
    "tests": 10,
    "passes": 10,
    "pending": 0,
    "failures": 0,
    "start": "2024-04-15T21:41:00.649Z",
    "end": "2024-04-15T21:41:58.781Z",
    "duration": 58132,
    "testsRegistered": 10,
    "passPercent": 100,
    "pendingPercent": 0,
    "other": 0,
    "hasOther": false,
    "skipped": 0,
    "hasSkipped": false
  },
  "results": [
    {
      "uuid": "fa93e027-248f-43ec-972c-e0f70296d2a7",
      "title": "",
      "fullFile": "cypress\\e2e\\messages\\PMS-Cadet-Messages\\PMS-Cadet-Reply-Resolve.ts",
      "file": "cypress\\e2e\\messages\\PMS-Cadet-Messages\\PMS-Cadet-Reply-Resolve.ts",
      "beforeHooks": [],
      "afterHooks": [],
      "tests": [],
      "suites": [
        {
          "uuid": "3c783d22-f8a7-4236-9434-ad3bb6ee1da0",
          "title": "PMS Replies to Cadet Message Test",
          "fullFile": "",
          "file": "",
          "beforeHooks": [],
          "afterHooks": [],
          "tests": [
            {
              "title": "Log in as PMS/XO, navigate to Messages",
              "fullTitle": "PMS Replies to Cadet Message Test Log in as PMS/XO, navigate to Messages",
              "timedOut": null,
              "duration": 7312,
              "state": "passed",
              "speed": "medium",
              "pass": true,
              "fail": false,
              "pending": false,
              "context": null,
              "code": "cy.visit('/account/impersonate');\ncy.login('Nayla', 'PMS/XO 7 BDE');\ncy.visit('/student/view/3496')\n    .wait(2000);",
              "err": {},
              "uuid": "c4248794-bb2a-48f7-8f77-181496d7b9d5",
              "parentUUID": "3c783d22-f8a7-4236-9434-ad3bb6ee1da0",
              "isHook": false,
              "skipped": false
            },
            {
              "title": "PMS/XO messages Cadet",
              "fullTitle": "PMS Replies to Cadet Message Test PMS/XO messages Cadet",
              "timedOut": null,
              "duration": 10082,
              "state": "passed",
              "speed": "slow",
              "pass": true,
              "fail": false,
              "pending": false,
              "context": null,
              "code": "const d = new Date();\ncy.contains(' Student Messages ').click().wait(2000);\ncy.contains('button', ' Create Message ').click().wait(2000);\ncy.get('[formcontrolname=\"messageThreadSubCategories\"]').click();\ncy.contains('mat-option', ' Grades ').click();\ncy.get('body').click(90, 451);\ncy.contains('mat-form-field', 'Subject').click().type('Cypress Test Message ' + d.toLocaleDateString('en-us'));\ncy.get('.k-iframe')\n    .then(($iframe) => {\n    const $body = $iframe.contents().find('body');\n    cy.wrap($body)\n        .find('.ProseMirror')\n        .type('Test message from PMS/XO regarding grades').wait(1000);\n});\ncy.contains('button', ' Choose File ').click();\n// Supporting Documentation \nconst fixtureFile = 'DummyDoc.pdf';\ncy.get('input[type=\"file\"]').attachFile(fixtureFile);\ncy.contains('button', 'Send').click().wait(1000);",
              "err": {},
              "uuid": "e1f2b111-dd9e-412f-9967-c57eeffc2bb3",
              "parentUUID": "3c783d22-f8a7-4236-9434-ad3bb6ee1da0",
              "isHook": false,
              "skipped": false
            },
            {
              "title": "Navigate to Student Portal",
              "fullTitle": "PMS Replies to Cadet Message Test Navigate to Student Portal",
              "timedOut": null,
              "duration": 6884,
              "state": "passed",
              "speed": "medium",
              "pass": true,
              "fail": false,
              "pending": false,
              "context": null,
              "code": "cy.visit(\"https://dev.bamtech.net/student/account/impersonate\")\n    .wait(3000);\ncy.visit(\"https://dev.bamtech.net/student/account/impersonate\")\n    .wait(2000);",
              "err": {},
              "uuid": "64b6a468-c238-4982-89b3-1d0cdd944822",
              "parentUUID": "3c783d22-f8a7-4236-9434-ad3bb6ee1da0",
              "isHook": false,
              "skipped": false
            },
            {
              "title": "Login as Cadet",
              "fullTitle": "PMS Replies to Cadet Message Test Login as Cadet",
              "timedOut": null,
              "duration": 7631,
              "state": "passed",
              "speed": "medium",
              "pass": true,
              "fail": false,
              "pending": false,
              "context": null,
              "code": "cy.get('#firstName').type('Nayla');\ncy.get('#lastName').type('Cadet 7 BDE');\ncy.wait(2000);\ncy.get('.d-flex .flex-column', { timeout: 50000 }).contains('Nayla Cadet 7 BDE')\n    .click()\n    .wait(5000);",
              "err": {},
              "uuid": "256d58c5-2a9f-4518-a382-f275b820945d",
              "parentUUID": "3c783d22-f8a7-4236-9434-ad3bb6ee1da0",
              "isHook": false,
              "skipped": false
            },
            {
              "title": "Cadet navigates to messages",
              "fullTitle": "PMS Replies to Cadet Message Test Cadet navigates to messages",
              "timedOut": null,
              "duration": 2206,
              "state": "passed",
              "speed": "fast",
              "pass": true,
              "fail": false,
              "pending": false,
              "context": null,
              "code": "cy.contains('Messages')\n    .click()\n    .wait(2000);",
              "err": {},
              "uuid": "8ca67582-34af-4d44-950d-f3d5077c57d7",
              "parentUUID": "3c783d22-f8a7-4236-9434-ad3bb6ee1da0",
              "isHook": false,
              "skipped": false
            },
            {
              "title": "Cadet receives message",
              "fullTitle": "PMS Replies to Cadet Message Test Cadet receives message",
              "timedOut": null,
              "duration": 2166,
              "state": "passed",
              "speed": "fast",
              "pass": true,
              "fail": false,
              "pending": false,
              "context": null,
              "code": "const d = new Date();\ncy.contains('Cypress Test Message ' + d.toLocaleDateString('en-us')).click({ force: true });\ncy.wait(2000);\ncy.contains('Test message from PMS/XO regarding grades');",
              "err": {},
              "uuid": "66957745-6b5c-49da-9268-d7bce3738537",
              "parentUUID": "3c783d22-f8a7-4236-9434-ad3bb6ee1da0",
              "isHook": false,
              "skipped": false
            },
            {
              "title": "Cadet replies to message",
              "fullTitle": "PMS Replies to Cadet Message Test Cadet replies to message",
              "timedOut": null,
              "duration": 6431,
              "state": "passed",
              "speed": "medium",
              "pass": true,
              "fail": false,
              "pending": false,
              "context": null,
              "code": "cy.contains('button', 'Reply').click().wait(2000);\ncy.get('body').click(90, 451);\ncy.get('.k-iframe')\n    .then(($iframe) => {\n    const $body = $iframe.contents().find('body');\n    cy.wrap($body)\n        .find('.ProseMirror')\n        .type('Cadet replying to PMS/XO regarding grades').wait(1000);\n});\ncy.contains('button', 'Send').click().wait(2000);",
              "err": {},
              "uuid": "8478b299-1ba7-48bd-992d-0f86a59dae37",
              "parentUUID": "3c783d22-f8a7-4236-9434-ad3bb6ee1da0",
              "isHook": false,
              "skipped": false
            },
            {
              "title": "Log in as PMS/XO, navigate to Messages",
              "fullTitle": "PMS Replies to Cadet Message Test Log in as PMS/XO, navigate to Messages",
              "timedOut": null,
              "duration": 8753,
              "state": "passed",
              "speed": "medium",
              "pass": true,
              "fail": false,
              "pending": false,
              "context": null,
              "code": "cy.visit('/account/impersonate');\ncy.login('Nayla', 'PMS/XO 7 BDE');\ncy.visit('/messages/personal')\n    .wait(2000);",
              "err": {},
              "uuid": "fa936e25-4557-4484-acd7-0d66ea7ce874",
              "parentUUID": "3c783d22-f8a7-4236-9434-ad3bb6ee1da0",
              "isHook": false,
              "skipped": false
            },
            {
              "title": "PMS/XO finds reply from Cadet",
              "fullTitle": "PMS Replies to Cadet Message Test PMS/XO finds reply from Cadet",
              "timedOut": null,
              "duration": 2161,
              "state": "passed",
              "speed": "fast",
              "pass": true,
              "fail": false,
              "pending": false,
              "context": null,
              "code": "const d = new Date();\ncy.contains('datatable-body-row', 'Cypress Test Message ' + d.toLocaleDateString('en-us'))\n    .click()\n    .wait(2000);\ncy.contains('Cadet replying to PMS/XO regarding grades');",
              "err": {},
              "uuid": "d37f596b-6ff1-4724-922e-32b3947e5c8b",
              "parentUUID": "3c783d22-f8a7-4236-9434-ad3bb6ee1da0",
              "isHook": false,
              "skipped": false
            },
            {
              "title": "PMS/XO resolves reply from Cadet",
              "fullTitle": "PMS Replies to Cadet Message Test PMS/XO resolves reply from Cadet",
              "timedOut": null,
              "duration": 4289,
              "state": "passed",
              "speed": "fast",
              "pass": true,
              "fail": false,
              "pending": false,
              "context": null,
              "code": "cy.contains('button', 'Resolve').click().wait(2000);\ncy.contains(' Resolved ').click().wait(2000);",
              "err": {},
              "uuid": "a24ea305-9943-4fad-9a82-497e82ec6e8c",
              "parentUUID": "3c783d22-f8a7-4236-9434-ad3bb6ee1da0",
              "isHook": false,
              "skipped": false
            }
          ],
          "suites": [],
          "passes": [
            "c4248794-bb2a-48f7-8f77-181496d7b9d5",
            "e1f2b111-dd9e-412f-9967-c57eeffc2bb3",
            "64b6a468-c238-4982-89b3-1d0cdd944822",
            "256d58c5-2a9f-4518-a382-f275b820945d",
            "8ca67582-34af-4d44-950d-f3d5077c57d7",
            "66957745-6b5c-49da-9268-d7bce3738537",
            "8478b299-1ba7-48bd-992d-0f86a59dae37",
            "fa936e25-4557-4484-acd7-0d66ea7ce874",
            "d37f596b-6ff1-4724-922e-32b3947e5c8b",
            "a24ea305-9943-4fad-9a82-497e82ec6e8c"
          ],
          "failures": [],
          "pending": [],
          "skipped": [],
          "duration": 57915,
          "root": false,
          "rootEmpty": false,
          "_timeout": 2000
        }
      ],
      "passes": [],
      "failures": [],
      "pending": [],
      "skipped": [],
      "duration": 0,
      "root": true,
      "rootEmpty": true,
      "_timeout": 2000
    }
  ],
  "meta": {
    "mocha": {
      "version": "7.0.1"
    },
    "mochawesome": {
      "options": {
        "quiet": false,
        "reportFilename": "mochawesome",
        "saveHtml": false,
        "saveJson": true,
        "consoleReporter": "spec",
        "useInlineDiffs": false,
        "code": true
      },
      "version": "7.1.3"
    },
    "marge": {
      "options": {
        "reportDir": "cypress/reports/mocha",
        "overwrite": false,
        "html": false,
        "json": true
      },
      "version": "6.2.0"
    }
  }
}