{
  "stats": {
    "suites": 1,
    "tests": 24,
    "passes": 24,
    "pending": 0,
    "failures": 0,
    "start": "2024-04-15T21:22:22.596Z",
    "end": "2024-04-15T21:24:17.223Z",
    "duration": 114627,
    "testsRegistered": 24,
    "passPercent": 100,
    "pendingPercent": 0,
    "other": 0,
    "hasOther": false,
    "skipped": 0,
    "hasSkipped": false
  },
  "results": [
    {
      "uuid": "57960721-caca-462e-a7ff-53a88e4d1a68",
      "title": "",
      "fullFile": "cypress\\e2e\\_TAFunding\\Civ-Ed-Level-Goal-Check-Active.ts",
      "file": "cypress\\e2e\\_TAFunding\\Civ-Ed-Level-Goal-Check-Active.ts",
      "beforeHooks": [],
      "afterHooks": [],
      "tests": [],
      "suites": [
        {
          "uuid": "b36a97ee-3021-40ca-a2fd-a094d1309f25",
          "title": "Test Various Civ Ed Levels for Active Student Military Goal",
          "fullFile": "",
          "file": "",
          "beforeHooks": [],
          "afterHooks": [],
          "tests": [
            {
              "title": "I can navigate to student search page",
              "fullTitle": "Test Various Civ Ed Levels for Active Student Military Goal I can navigate to student search page",
              "timedOut": null,
              "duration": 5407,
              "state": "passed",
              "speed": "medium",
              "pass": true,
              "fail": false,
              "pending": false,
              "context": null,
              "code": "cy.defaultLogin();\ncy.VisitMenuPage('Student', 'Search');",
              "err": {},
              "uuid": "4f96b1b2-0ca0-4c31-8c97-adf2e9c78bc6",
              "parentUUID": "b36a97ee-3021-40ca-a2fd-a094d1309f25",
              "isHook": false,
              "skipped": false
            },
            {
              "title": "I can find cypress test student",
              "fullTitle": "Test Various Civ Ed Levels for Active Student Military Goal I can find cypress test student",
              "timedOut": null,
              "duration": 2423,
              "state": "passed",
              "speed": "fast",
              "pass": true,
              "fail": false,
              "pending": false,
              "context": null,
              "code": "cy.getInputControl('userLastName').type('ActiveTa Student');\ncy.getInputControl('userFirstName').type('Cypress');\n// cy.get('[data-placeholder=\"Assigned Installation\"]').click().clear()\ncy.wait(500);\ncy.get('button[type=submit]').click();\ncy.wait(1000);\ncy.get('.d-flex .flex-column', { timeout: 30000 }).contains('ActiveTa Student, Cypress').click();",
              "err": {},
              "uuid": "30333ac5-83bf-4625-bae9-ae6bd0539dc1",
              "parentUUID": "b36a97ee-3021-40ca-a2fd-a094d1309f25",
              "isHook": false,
              "skipped": false
            },
            {
              "title": "Delete existing Ed Goal if it exists",
              "fullTitle": "Test Various Civ Ed Levels for Active Student Military Goal Delete existing Ed Goal if it exists",
              "timedOut": null,
              "duration": 233,
              "state": "passed",
              "speed": "fast",
              "pass": true,
              "fail": false,
              "pending": false,
              "context": null,
              "code": "cy.retrieveToken();\ncy.GetEducationGoal('327').then((response) => {\n    response.body.forEach((item) => {\n        const goalId = item.id;\n        if (goalId) {\n            cy.DeleteEducationGoal('327', goalId);\n            cy.log('Goal deleted');\n        }\n        else {\n            cy.log('No goal to delete');\n        }\n    });\n});",
              "err": {},
              "uuid": "98784887-d171-4f4b-9d0a-547ec9068386",
              "parentUUID": "b36a97ee-3021-40ca-a2fd-a094d1309f25",
              "isHook": false,
              "skipped": false
            },
            {
              "title": "I can can navigate to create new ASSOCIATES goal page",
              "fullTitle": "Test Various Civ Ed Levels for Active Student Military Goal I can can navigate to create new ASSOCIATES goal page",
              "timedOut": null,
              "duration": 3343,
              "state": "passed",
              "speed": "fast",
              "pass": true,
              "fail": false,
              "pending": false,
              "context": null,
              "code": "cy.contains('Education Goals').click();\ncy.wait(500);\ncy.contains('Create New Goal', { timeout: 30000, matchCase: false }).click();\ncy.contains('Masters Degree', { timeout: 30000, matchCase: false }).click();\ncy.screenshot();\ncy.contains('Associates Degree', { timeout: 30000, matchCase: false }).click();\ncy.wait(2000);",
              "err": {},
              "uuid": "14b5b4b5-46ff-44a2-a164-dcae21b54582",
              "parentUUID": "b36a97ee-3021-40ca-a2fd-a094d1309f25",
              "isHook": false,
              "skipped": false
            },
            {
              "title": "I can start creating a goal",
              "fullTitle": "Test Various Civ Ed Levels for Active Student Military Goal I can start creating a goal",
              "timedOut": null,
              "duration": 10579,
              "state": "passed",
              "speed": "slow",
              "pass": true,
              "fail": false,
              "pending": false,
              "context": null,
              "code": "// Institution\ncy.get('[formControlName=institution]').type('American Military University');\ncy.wait(1000);\ncy.get('[formControlName=institution]').type('value{downarrow}{enter}')\n    .click({ force: true }).wait(1500);\n// Next\ncy.get('#institution').click().wait(1000);\n// Degree Program\ncy.get('#titleKeyword').type('Business Administration').wait(1500);\ncy.get('.d-flex .flex-column').contains('Business Administration').first().click();\n// Next\ncy.get('#degreeprogram').click().wait(500);\ncy.get('#degreefile').click().wait(500);\n// Credits\ncy.getInputControl('previouslyCompletedCredits').type('1').wait(500);\n// Submit\ncy.get('#goalareasubmitgoal').click();\ncy.wait(2000);\n// Confirm\ncy.contains('button', 'Yes').click();",
              "err": {},
              "uuid": "a52ddb06-0c17-431d-87d3-93b1f24c9751",
              "parentUUID": "b36a97ee-3021-40ca-a2fd-a094d1309f25",
              "isHook": false,
              "skipped": false
            },
            {
              "title": "I should see correct status for goal",
              "fullTitle": "Test Various Civ Ed Levels for Active Student Military Goal I should see correct status for goal",
              "timedOut": null,
              "duration": 6111,
              "state": "passed",
              "speed": "medium",
              "pass": true,
              "fail": false,
              "pending": false,
              "context": null,
              "code": "cy.contains('View Details').click();\ncy.wait(5000);\n// Should see correct status\ncy.screenshot();\ncy.contains('Approved', { matchCase: false });",
              "err": {},
              "uuid": "08f191ed-4946-47a8-a7fa-d88b4a564218",
              "parentUUID": "b36a97ee-3021-40ca-a2fd-a094d1309f25",
              "isHook": false,
              "skipped": false
            },
            {
              "title": "Delete existing Ed Goal if it exists",
              "fullTitle": "Test Various Civ Ed Levels for Active Student Military Goal Delete existing Ed Goal if it exists",
              "timedOut": null,
              "duration": 509,
              "state": "passed",
              "speed": "fast",
              "pass": true,
              "fail": false,
              "pending": false,
              "context": null,
              "code": "cy.retrieveToken();\ncy.GetEducationGoal('327').then((response) => {\n    response.body.forEach((item) => {\n        const goalId = item.id;\n        if (goalId) {\n            cy.DeleteEducationGoal('327', goalId);\n            console.log('Goal deleted');\n        }\n        else {\n            console.log('No goal to delete');\n        }\n    });\n});",
              "err": {},
              "uuid": "ebf1d942-89f8-4fb2-9636-c65597083e8f",
              "parentUUID": "b36a97ee-3021-40ca-a2fd-a094d1309f25",
              "isHook": false,
              "skipped": false
            },
            {
              "title": "I can can create bachelors goal after validating I cannot create masters",
              "fullTitle": "Test Various Civ Ed Levels for Active Student Military Goal I can can create bachelors goal after validating I cannot create masters",
              "timedOut": null,
              "duration": 4545,
              "state": "passed",
              "speed": "fast",
              "pass": true,
              "fail": false,
              "pending": false,
              "context": null,
              "code": "cy.contains('Education Goals').click();\ncy.wait(1500);\ncy.contains('Create New Goal', { timeout: 30000, matchCase: false }).click();\ncy.wait(500);\ncy.contains('Masters Degree', { timeout: 30000, matchCase: false }).click();\ncy.screenshot();\ncy.contains('Bachelors Degree', { timeout: 30000, matchCase: false }).click().wait(1500);\ncy.screenshot();",
              "err": {},
              "uuid": "8f56c664-a600-4079-89fa-e816ea1d3218",
              "parentUUID": "b36a97ee-3021-40ca-a2fd-a094d1309f25",
              "isHook": false,
              "skipped": false
            },
            {
              "title": "I can start creating a goal",
              "fullTitle": "Test Various Civ Ed Levels for Active Student Military Goal I can start creating a goal",
              "timedOut": null,
              "duration": 7826,
              "state": "passed",
              "speed": "medium",
              "pass": true,
              "fail": false,
              "pending": false,
              "context": null,
              "code": "// Institution\ncy.get('[formControlName=institution]').type('American Military University');\ncy.wait(1000);\ncy.get('[formControlName=institution]').type('value{downarrow}{enter}')\n    .click({ force: true });\n// Next\ncy.get('#institution').click().wait(1000);\n// Degree Program\ncy.get('#titleKeyword').type('Business Administration').wait(1500);\ncy.get('.d-flex .flex-column').contains('Business Administration').first().click();\n// Next\ncy.get('#degreeprogram').click();\ncy.get('#degreefile').click();\n// Credits\ncy.getInputControl('previouslyCompletedCredits').type('1');\n// Submit\ncy.get('#goalareasubmitgoal').click();\ncy.wait(2000);\n// Confirm\ncy.contains('button', 'Yes').click();",
              "err": {},
              "uuid": "05553671-86a0-417b-a09e-6a7572f6aee0",
              "parentUUID": "b36a97ee-3021-40ca-a2fd-a094d1309f25",
              "isHook": false,
              "skipped": false
            },
            {
              "title": "I should see correct status for goal",
              "fullTitle": "Test Various Civ Ed Levels for Active Student Military Goal I should see correct status for goal",
              "timedOut": null,
              "duration": 5765,
              "state": "passed",
              "speed": "medium",
              "pass": true,
              "fail": false,
              "pending": false,
              "context": null,
              "code": "cy.contains('View Details').click();\ncy.wait(5000);\n// Should see correct status\ncy.screenshot();\ncy.contains('Approved', { matchCase: false });",
              "err": {},
              "uuid": "68704bc8-8b43-4dcb-9fe9-091d8aa51388",
              "parentUUID": "b36a97ee-3021-40ca-a2fd-a094d1309f25",
              "isHook": false,
              "skipped": false
            },
            {
              "title": "I can update Civ Ed Level to ASSOCIATE",
              "fullTitle": "Test Various Civ Ed Levels for Active Student Military Goal I can update Civ Ed Level to ASSOCIATE",
              "timedOut": null,
              "duration": 3531,
              "state": "passed",
              "speed": "fast",
              "pass": true,
              "fail": false,
              "pending": false,
              "context": null,
              "code": "cy.contains('ActiveTa Student, Cypress').click().wait(1000);\ncy.get('[formcontrolname=civilianEducationLevelId]').click();\ncy.contains(' ASSOCIATE ').click();\ncy.contains('Update').click().wait(2000);",
              "err": {},
              "uuid": "be8a1619-b2cc-4111-a843-f223fd821e9c",
              "parentUUID": "b36a97ee-3021-40ca-a2fd-a094d1309f25",
              "isHook": false,
              "skipped": false
            },
            {
              "title": "Delete existing Ed Goal if it exists",
              "fullTitle": "Test Various Civ Ed Levels for Active Student Military Goal Delete existing Ed Goal if it exists",
              "timedOut": null,
              "duration": 307,
              "state": "passed",
              "speed": "fast",
              "pass": true,
              "fail": false,
              "pending": false,
              "context": null,
              "code": "cy.retrieveToken();\ncy.GetEducationGoal('327').then((response) => {\n    response.body.forEach((item) => {\n        const goalId = item.id;\n        if (goalId) {\n            cy.DeleteEducationGoal('327', goalId);\n            console.log('Goal deleted');\n        }\n        else {\n            console.log('No goal to delete');\n        }\n    });\n});",
              "err": {},
              "uuid": "3ecc26f6-63cb-433a-9edd-4ee9e61d7f2a",
              "parentUUID": "b36a97ee-3021-40ca-a2fd-a094d1309f25",
              "isHook": false,
              "skipped": false
            },
            {
              "title": "I can can navigate to create new goal page, validate I can only create bachelors degree",
              "fullTitle": "Test Various Civ Ed Levels for Active Student Military Goal I can can navigate to create new goal page, validate I can only create bachelors degree",
              "timedOut": null,
              "duration": 5156,
              "state": "passed",
              "speed": "medium",
              "pass": true,
              "fail": false,
              "pending": false,
              "context": null,
              "code": "cy.visit('/student/education-goals/goals').wait(1000);\ncy.wait(500);\ncy.contains('Create New Goal', { timeout: 30000, matchCase: false }).click();\ncy.contains('Associates Degree', { timeout: 30000, matchCase: false }).click();\ncy.screenshot();\ncy.contains('Masters Degree', { timeout: 30000, matchCase: false }).click();\ncy.screenshot();\ncy.contains('Bachelors Degree', { timeout: 30000, matchCase: false }).click();\ncy.wait(1000);",
              "err": {},
              "uuid": "1950006a-7a71-46c8-9f99-bf82e9993074",
              "parentUUID": "b36a97ee-3021-40ca-a2fd-a094d1309f25",
              "isHook": false,
              "skipped": false
            },
            {
              "title": "I can start creating a goal",
              "fullTitle": "Test Various Civ Ed Levels for Active Student Military Goal I can start creating a goal",
              "timedOut": null,
              "duration": 7802,
              "state": "passed",
              "speed": "medium",
              "pass": true,
              "fail": false,
              "pending": false,
              "context": null,
              "code": "// Institution\ncy.get('[formControlName=institution]').type('American Military University');\ncy.wait(1000);\ncy.get('[formControlName=institution]').type('value{downarrow}{enter}')\n    .click({ force: true });\n// Next\ncy.get('#institution').click().wait(1000);\n// Degree Program\ncy.get('#titleKeyword').type('Business Administration').wait(1500);\ncy.get('.d-flex .flex-column').contains('Business Administration').first().click();\n// Next\ncy.get('#degreeprogram').click();\ncy.get('#degreefile').click();\n// Credits\ncy.getInputControl('previouslyCompletedCredits').type('1');\n// Submit\ncy.get('#goalareasubmitgoal').click();\ncy.wait(2000);\n// Confirm\ncy.contains('button', 'Yes').click();",
              "err": {},
              "uuid": "07d21cc5-2601-43ff-8526-5a5980507060",
              "parentUUID": "b36a97ee-3021-40ca-a2fd-a094d1309f25",
              "isHook": false,
              "skipped": false
            },
            {
              "title": "I should see correct status for goal",
              "fullTitle": "Test Various Civ Ed Levels for Active Student Military Goal I should see correct status for goal",
              "timedOut": null,
              "duration": 5806,
              "state": "passed",
              "speed": "medium",
              "pass": true,
              "fail": false,
              "pending": false,
              "context": null,
              "code": "cy.contains('View Details').click();\ncy.wait(5000);\n// Should see correct status\ncy.screenshot();\ncy.contains('Approved', { matchCase: false });",
              "err": {},
              "uuid": "ad4b206c-80c4-4d2f-a0cb-c3eaead461c1",
              "parentUUID": "b36a97ee-3021-40ca-a2fd-a094d1309f25",
              "isHook": false,
              "skipped": false
            },
            {
              "title": "I can update Civ Ed Level to BACCALAUREATE",
              "fullTitle": "Test Various Civ Ed Levels for Active Student Military Goal I can update Civ Ed Level to BACCALAUREATE",
              "timedOut": null,
              "duration": 3579,
              "state": "passed",
              "speed": "fast",
              "pass": true,
              "fail": false,
              "pending": false,
              "context": null,
              "code": "cy.contains('ActiveTa Student, Cypress').click().wait(1000);\ncy.get('[formcontrolname=civilianEducationLevelId]').click();\ncy.contains(' BACCALAUREATE ').click();\ncy.contains('Update').click().wait(2000);",
              "err": {},
              "uuid": "8f04c825-3257-4f43-9e8b-3c67fbc862b6",
              "parentUUID": "b36a97ee-3021-40ca-a2fd-a094d1309f25",
              "isHook": false,
              "skipped": false
            },
            {
              "title": "Delete existing Ed Goal if it exists",
              "fullTitle": "Test Various Civ Ed Levels for Active Student Military Goal Delete existing Ed Goal if it exists",
              "timedOut": null,
              "duration": 258,
              "state": "passed",
              "speed": "fast",
              "pass": true,
              "fail": false,
              "pending": false,
              "context": null,
              "code": "cy.retrieveToken();\ncy.GetEducationGoal('327').then((response) => {\n    response.body.forEach((item) => {\n        const goalId = item.id;\n        if (goalId) {\n            cy.DeleteEducationGoal('327', goalId);\n            console.log('Goal deleted');\n        }\n        else {\n            console.log('No goal to delete');\n        }\n    });\n});",
              "err": {},
              "uuid": "235d72cb-3d04-4857-b870-ed239feeb322",
              "parentUUID": "b36a97ee-3021-40ca-a2fd-a094d1309f25",
              "isHook": false,
              "skipped": false
            },
            {
              "title": "I can validate I can only create a Masters Degree",
              "fullTitle": "Test Various Civ Ed Levels for Active Student Military Goal I can validate I can only create a Masters Degree",
              "timedOut": null,
              "duration": 5220,
              "state": "passed",
              "speed": "medium",
              "pass": true,
              "fail": false,
              "pending": false,
              "context": null,
              "code": "cy.visit('/student/education-goals/goals').wait(1000);\ncy.wait(500);\ncy.contains(' CREATE NEW GOAL ').click();\ncy.contains('Associates Degree', { timeout: 30000, matchCase: false }).click();\ncy.screenshot();\ncy.contains('Bachelors Degree', { timeout: 30000, matchCase: false }).click();\ncy.screenshot();\ncy.contains('Masters Degree', { timeout: 30000, matchCase: false }).click();\ncy.wait(1000);",
              "err": {},
              "uuid": "9a4128ad-fcd6-4110-a681-beeed864ccbc",
              "parentUUID": "b36a97ee-3021-40ca-a2fd-a094d1309f25",
              "isHook": false,
              "skipped": false
            },
            {
              "title": "I can start creating a goal",
              "fullTitle": "Test Various Civ Ed Levels for Active Student Military Goal I can start creating a goal",
              "timedOut": null,
              "duration": 8322,
              "state": "passed",
              "speed": "medium",
              "pass": true,
              "fail": false,
              "pending": false,
              "context": null,
              "code": "// Institution\ncy.wait(500);\ncy.get('[formControlName=institution]').type('American Military University');\ncy.wait(1000);\ncy.get('[formControlName=institution]').type('value{downarrow}{enter}')\n    .click({ force: true });\n// Next\ncy.get('#institution').click().wait(1000);\n// Degree Program\ncy.get('#titleKeyword').type('Business Administration').wait(1500);\ncy.get('.d-flex .flex-column').contains('Business Administration').first().click();\n// Next\ncy.get('#degreeprogram').click();\ncy.get('#degreefile').click();\n// Credits\ncy.getInputControl('previouslyCompletedCredits').type('1');\n// Submit\ncy.get('#goalareasubmitgoal').click();\ncy.wait(2000);\n// Confirm\ncy.contains('button', 'Yes').click();",
              "err": {},
              "uuid": "84dfed9f-fb77-4539-9d44-0f50e2314acc",
              "parentUUID": "b36a97ee-3021-40ca-a2fd-a094d1309f25",
              "isHook": false,
              "skipped": false
            },
            {
              "title": "I should see correct status for goal",
              "fullTitle": "Test Various Civ Ed Levels for Active Student Military Goal I should see correct status for goal",
              "timedOut": null,
              "duration": 5833,
              "state": "passed",
              "speed": "medium",
              "pass": true,
              "fail": false,
              "pending": false,
              "context": null,
              "code": "cy.contains('View Details').click();\ncy.wait(5000);\n// Should see correct status\ncy.screenshot();\ncy.contains('Approved', { matchCase: false });",
              "err": {},
              "uuid": "e45ac89c-24f9-4d38-b5d6-937fc91eb949",
              "parentUUID": "b36a97ee-3021-40ca-a2fd-a094d1309f25",
              "isHook": false,
              "skipped": false
            },
            {
              "title": "I can update Civ Ed Level to Masters",
              "fullTitle": "Test Various Civ Ed Levels for Active Student Military Goal I can update Civ Ed Level to Masters",
              "timedOut": null,
              "duration": 3028,
              "state": "passed",
              "speed": "fast",
              "pass": true,
              "fail": false,
              "pending": false,
              "context": null,
              "code": "cy.contains('ActiveTa Student, Cypress').click().wait(1000);\ncy.get('[formcontrolname=civilianEducationLevelId]').click();\ncy.contains(' MASTERS ').click();\ncy.contains('Update').click();\ncy.wait(1500);",
              "err": {},
              "uuid": "8204a4f8-35b5-4aa2-81d1-396618c46994",
              "parentUUID": "b36a97ee-3021-40ca-a2fd-a094d1309f25",
              "isHook": false,
              "skipped": false
            },
            {
              "title": "Delete existing Ed Goal if it exists",
              "fullTitle": "Test Various Civ Ed Levels for Active Student Military Goal Delete existing Ed Goal if it exists",
              "timedOut": null,
              "duration": 289,
              "state": "passed",
              "speed": "fast",
              "pass": true,
              "fail": false,
              "pending": false,
              "context": null,
              "code": "cy.retrieveToken();\ncy.GetEducationGoal('327').then((response) => {\n    response.body.forEach((item) => {\n        const goalId = item.id;\n        if (goalId) {\n            cy.DeleteEducationGoal('327', goalId);\n            console.log('Goal deleted');\n        }\n        else {\n            console.log('No goal to delete');\n        }\n    });\n});",
              "err": {},
              "uuid": "506aced7-69a8-4dcb-99f4-03079f1ae027",
              "parentUUID": "b36a97ee-3021-40ca-a2fd-a094d1309f25",
              "isHook": false,
              "skipped": false
            },
            {
              "title": "I can can navigate to create new goal page, verify I cannot create lower ed level",
              "fullTitle": "Test Various Civ Ed Levels for Active Student Military Goal I can can navigate to create new goal page, verify I cannot create lower ed level",
              "timedOut": null,
              "duration": 4494,
              "state": "passed",
              "speed": "fast",
              "pass": true,
              "fail": false,
              "pending": false,
              "context": null,
              "code": "cy.visit('/student/education-goals/goals').wait(1000);\ncy.wait(500);\ncy.contains(' CREATE NEW GOAL ').click();\ncy.contains('Associates Degree', { timeout: 30000, matchCase: false }).click();\ncy.screenshot();\ncy.contains('Bachelors Degree', { timeout: 30000, matchCase: false }).click();\ncy.screenshot();\ncy.contains('Masters Degree', { timeout: 30000, matchCase: false }).click();\ncy.screenshot();",
              "err": {},
              "uuid": "862fb9bf-0b5b-4d89-9666-6df8344fbe03",
              "parentUUID": "b36a97ee-3021-40ca-a2fd-a094d1309f25",
              "isHook": false,
              "skipped": false
            },
            {
              "title": "I can update Civ Ed Level to Alt Diploma",
              "fullTitle": "Test Various Civ Ed Levels for Active Student Military Goal I can update Civ Ed Level to Alt Diploma",
              "timedOut": null,
              "duration": 13762,
              "state": "passed",
              "speed": "slow",
              "pass": true,
              "fail": false,
              "pending": false,
              "context": null,
              "code": "cy.defaultLogin();\ncy.VisitMenuPage('Student', 'Search');\ncy.getInputControl('userLastName').type('ActiveTa Student');\ncy.getInputControl('userFirstName').type('Cypress');\ncy.wait(500);\ncy.get('button[type=submit]').click();\ncy.wait(1000);\ncy.get('.d-flex .flex-column', { timeout: 30000 }).contains('ActiveTa Student, Cypress').click();\ncy.wait(4000);\ncy.get('[formcontrolname=civilianEducationLevelId]').click();\ncy.contains('ADULT/ALT DIPLOMA').click();\ncy.contains('Update').click();",
              "err": {},
              "uuid": "6ed85420-2837-4896-b03f-25c15d433f6a",
              "parentUUID": "b36a97ee-3021-40ca-a2fd-a094d1309f25",
              "isHook": false,
              "skipped": false
            }
          ],
          "suites": [],
          "passes": [
            "4f96b1b2-0ca0-4c31-8c97-adf2e9c78bc6",
            "30333ac5-83bf-4625-bae9-ae6bd0539dc1",
            "98784887-d171-4f4b-9d0a-547ec9068386",
            "14b5b4b5-46ff-44a2-a164-dcae21b54582",
            "a52ddb06-0c17-431d-87d3-93b1f24c9751",
            "08f191ed-4946-47a8-a7fa-d88b4a564218",
            "ebf1d942-89f8-4fb2-9636-c65597083e8f",
            "8f56c664-a600-4079-89fa-e816ea1d3218",
            "05553671-86a0-417b-a09e-6a7572f6aee0",
            "68704bc8-8b43-4dcb-9fe9-091d8aa51388",
            "be8a1619-b2cc-4111-a843-f223fd821e9c",
            "3ecc26f6-63cb-433a-9edd-4ee9e61d7f2a",
            "1950006a-7a71-46c8-9f99-bf82e9993074",
            "07d21cc5-2601-43ff-8526-5a5980507060",
            "ad4b206c-80c4-4d2f-a0cb-c3eaead461c1",
            "8f04c825-3257-4f43-9e8b-3c67fbc862b6",
            "235d72cb-3d04-4857-b870-ed239feeb322",
            "9a4128ad-fcd6-4110-a681-beeed864ccbc",
            "84dfed9f-fb77-4539-9d44-0f50e2314acc",
            "e45ac89c-24f9-4d38-b5d6-937fc91eb949",
            "8204a4f8-35b5-4aa2-81d1-396618c46994",
            "506aced7-69a8-4dcb-99f4-03079f1ae027",
            "862fb9bf-0b5b-4d89-9666-6df8344fbe03",
            "6ed85420-2837-4896-b03f-25c15d433f6a"
          ],
          "failures": [],
          "pending": [],
          "skipped": [],
          "duration": 114128,
          "root": false,
          "rootEmpty": false,
          "_timeout": 2000
        }
      ],
      "passes": [],
      "failures": [],
      "pending": [],
      "skipped": [],
      "duration": 0,
      "root": true,
      "rootEmpty": true,
      "_timeout": 2000
    }
  ],
  "meta": {
    "mocha": {
      "version": "7.0.1"
    },
    "mochawesome": {
      "options": {
        "quiet": false,
        "reportFilename": "mochawesome",
        "saveHtml": false,
        "saveJson": true,
        "consoleReporter": "spec",
        "useInlineDiffs": false,
        "code": true
      },
      "version": "7.1.3"
    },
    "marge": {
      "options": {
        "reportDir": "cypress/reports/mocha",
        "overwrite": false,
        "html": false,
        "json": true
      },
      "version": "6.2.0"
    }
  }
}