{
  "stats": {
    "suites": 1,
    "tests": 6,
    "passes": 6,
    "pending": 0,
    "failures": 0,
    "start": "2024-04-15T21:02:24.277Z",
    "end": "2024-04-15T21:02:38.394Z",
    "duration": 14117,
    "testsRegistered": 6,
    "passPercent": 100,
    "pendingPercent": 0,
    "other": 0,
    "hasOther": false,
    "skipped": 0,
    "hasSkipped": false
  },
  "results": [
    {
      "uuid": "3e93363a-d537-49cc-b52f-32f8aec0613b",
      "title": "",
      "fullFile": "cypress\\e2e\\Directory\\Directory-Search.ts",
      "file": "cypress\\e2e\\Directory\\Directory-Search.ts",
      "beforeHooks": [],
      "afterHooks": [],
      "tests": [],
      "suites": [
        {
          "uuid": "1c69efec-fa89-493e-8e7e-f2d4a7ed0666",
          "title": "Directory Search",
          "fullFile": "",
          "file": "",
          "beforeHooks": [],
          "afterHooks": [],
          "tests": [
            {
              "title": "Logins in as Cypress Sysop",
              "fullTitle": "Directory Search Logins in as Cypress Sysop",
              "timedOut": null,
              "duration": 7290,
              "state": "passed",
              "speed": "medium",
              "pass": true,
              "fail": false,
              "pending": false,
              "context": null,
              "code": "cy.defaultLogin();\ncy.wait(2000);",
              "err": {},
              "uuid": "5c7dacb2-801c-474e-be67-f3d224d610f3",
              "parentUUID": "1c69efec-fa89-493e-8e7e-f2d4a7ed0666",
              "isHook": false,
              "skipped": false
            },
            {
              "title": "Navigates to Directory Search",
              "fullTitle": "Directory Search Navigates to Directory Search",
              "timedOut": null,
              "duration": 2145,
              "state": "passed",
              "speed": "fast",
              "pass": true,
              "fail": false,
              "pending": false,
              "context": null,
              "code": "cy.contains('Directory').click().wait(2000);",
              "err": {},
              "uuid": "b58179b1-1bc9-4390-ac85-dd3efb10bd44",
              "parentUUID": "1c69efec-fa89-493e-8e7e-f2d4a7ed0666",
              "isHook": false,
              "skipped": false
            },
            {
              "title": "Interacts with Installation Filter",
              "fullTitle": "Directory Search Interacts with Installation Filter",
              "timedOut": null,
              "duration": 2581,
              "state": "passed",
              "speed": "fast",
              "pass": true,
              "fail": false,
              "pending": false,
              "context": null,
              "code": "cy.getInputControl('installation').click().clear().type('Fort Knox').wait(2000);\ncy.get('.datatable-body-row').first().children()\n    .should('contain', 'Fort Knox Education Center (Knox)');\ncy.getInputControl('installation').click().clear();",
              "err": {},
              "uuid": "603b4686-83d8-469c-a17a-c4b876a171a3",
              "parentUUID": "1c69efec-fa89-493e-8e7e-f2d4a7ed0666",
              "isHook": false,
              "skipped": false
            },
            {
              "title": "Interacts with Region Filter, selects Knox",
              "fullTitle": "Directory Search Interacts with Region Filter, selects Knox",
              "timedOut": null,
              "duration": 1434,
              "state": "passed",
              "speed": "fast",
              "pass": true,
              "fail": false,
              "pending": false,
              "context": null,
              "code": "cy.getMatSelectControl('locationGroup').click()\n    .get('mat-option').contains('Knox').click().wait(1000);\ncy.get('.datatable-body-row')\n    .should('contain', 'Fort Knox Education Center (Knox)');\ncy.contains('Fort Knox Education Center (Knox)').click();",
              "err": {},
              "uuid": "c190219d-0336-46eb-bc43-94ca8bf2b53f",
              "parentUUID": "1c69efec-fa89-493e-8e7e-f2d4a7ed0666",
              "isHook": false,
              "skipped": false
            },
            {
              "title": "Verifies that the correct installation is selected",
              "fullTitle": "Directory Search Verifies that the correct installation is selected",
              "timedOut": null,
              "duration": 517,
              "state": "passed",
              "speed": "fast",
              "pass": true,
              "fail": false,
              "pending": false,
              "context": null,
              "code": "cy.contains('Fort Knox Education Center (Knox)').should('be.visible');\ncy.get('.datatable-body-row').should('have.length.gt', 1);",
              "err": {},
              "uuid": "9bddd5da-ba86-4c8d-8f4c-66b1a1a3eb17",
              "parentUUID": "1c69efec-fa89-493e-8e7e-f2d4a7ed0666",
              "isHook": false,
              "skipped": false
            },
            {
              "title": "Verifies Mailing and Contact Information",
              "fullTitle": "Directory Search Verifies Mailing and Contact Information",
              "timedOut": null,
              "duration": 39,
              "state": "passed",
              "speed": "fast",
              "pass": true,
              "fail": false,
              "pending": false,
              "context": null,
              "code": "cy.get('mat-card')\n    .should('contain', 'Mailing Address')\n    .and('contain', '31 FSS/FSDE')\n    .and('contain', 'Unit 6122')\n    .and('contain', 'APO,')\n    .and('contain', 'AE')\n    .and('contain', '09604-6122');\ncy.get('mat-card')\n    .should('contain', 'Contact Info')\n    .and('contain', 'DSN')\n    .and('contain', '314-632-5440');",
              "err": {},
              "uuid": "dd00c9db-6c16-41fe-b312-4e4d707d7e24",
              "parentUUID": "1c69efec-fa89-493e-8e7e-f2d4a7ed0666",
              "isHook": false,
              "skipped": false
            }
          ],
          "suites": [],
          "passes": [
            "5c7dacb2-801c-474e-be67-f3d224d610f3",
            "b58179b1-1bc9-4390-ac85-dd3efb10bd44",
            "603b4686-83d8-469c-a17a-c4b876a171a3",
            "c190219d-0336-46eb-bc43-94ca8bf2b53f",
            "9bddd5da-ba86-4c8d-8f4c-66b1a1a3eb17",
            "dd00c9db-6c16-41fe-b312-4e4d707d7e24"
          ],
          "failures": [],
          "pending": [],
          "skipped": [],
          "duration": 14006,
          "root": false,
          "rootEmpty": false,
          "_timeout": 2000
        }
      ],
      "passes": [],
      "failures": [],
      "pending": [],
      "skipped": [],
      "duration": 0,
      "root": true,
      "rootEmpty": true,
      "_timeout": 2000
    }
  ],
  "meta": {
    "mocha": {
      "version": "7.0.1"
    },
    "mochawesome": {
      "options": {
        "quiet": false,
        "reportFilename": "mochawesome",
        "saveHtml": false,
        "saveJson": true,
        "consoleReporter": "spec",
        "useInlineDiffs": false,
        "code": true
      },
      "version": "7.1.3"
    },
    "marge": {
      "options": {
        "reportDir": "cypress/reports/mocha",
        "overwrite": false,
        "html": false,
        "json": true
      },
      "version": "6.2.0"
    }
  }
}