{
  "stats": {
    "suites": 1,
    "tests": 8,
    "passes": 8,
    "pending": 0,
    "failures": 0,
    "start": "2024-04-15T21:48:30.423Z",
    "end": "2024-04-15T21:49:40.489Z",
    "duration": 70066,
    "testsRegistered": 8,
    "passPercent": 100,
    "pendingPercent": 0,
    "other": 0,
    "hasOther": false,
    "skipped": 0,
    "hasSkipped": false
  },
  "results": [
    {
      "uuid": "896e498d-f5e8-4abc-8023-ad07ff6e67fd",
      "title": "",
      "fullFile": "cypress\\e2e\\_CIVFunding\\CivilianFunding\\SF182-Search.ts",
      "file": "cypress\\e2e\\_CIVFunding\\CivilianFunding\\SF182-Search.ts",
      "beforeHooks": [],
      "afterHooks": [],
      "tests": [],
      "suites": [
        {
          "uuid": "258dcdac-d999-4f9f-93e6-9a2c60dd7701",
          "title": "Search SF-182 as Training Officer. Search SF-182 as ACCMA RM",
          "fullFile": "",
          "file": "",
          "beforeHooks": [],
          "afterHooks": [],
          "tests": [
            {
              "title": "Login as Training Officer, check permissions",
              "fullTitle": "Search SF-182 as Training Officer. Search SF-182 as ACCMA RM Login as Training Officer, check permissions",
              "timedOut": null,
              "duration": 6554,
              "state": "passed",
              "speed": "medium",
              "pass": true,
              "fail": false,
              "pending": false,
              "context": null,
              "code": "cy.login('Cypress', 'Training Officer');\ncy.contains('#userprofile-menu', 'Cypress Training Officer').click();\ncy.get('#profile-menu').click();\ncy.wait(1500);\ncy.contains('mat-checkbox', ' Search ');\ncy.contains('mat-checkbox', ' Construction, Engineering and Infrastructure ');",
              "err": {},
              "uuid": "738b6009-6087-4620-9de7-b844725c32b4",
              "parentUUID": "258dcdac-d999-4f9f-93e6-9a2c60dd7701",
              "isHook": false,
              "skipped": false
            },
            {
              "title": "Verfies SF-182 Searchability",
              "fullTitle": "Search SF-182 as Training Officer. Search SF-182 as ACCMA RM Verfies SF-182 Searchability",
              "timedOut": null,
              "duration": 4945,
              "state": "passed",
              "speed": "fast",
              "pass": true,
              "fail": false,
              "pending": false,
              "context": null,
              "code": "cy.VisitMenuPage('Civilian Training', 'Search');\ncy.wait(2000);\n//verify that you can only see the one career field group permissioned\ncy.getMatSelectControl('careerFieldGroup').click().should('have.lengthOf', 1).wait(2000);\ncy.get('mat-option').contains(' Construction, Engineering and Infrastructure ').click();\n//verify that you can interact with individual/group permissioned\ncy.getMatSelectControl('individualOrGroup').click();\ncy.get('mat-option').should('contain', 'Group').contains('Individual').click();\ncy.contains('button', ' SEARCH ').click();",
              "err": {},
              "uuid": "1ca8459f-256d-4530-a002-333cd8c08294",
              "parentUUID": "258dcdac-d999-4f9f-93e6-9a2c60dd7701",
              "isHook": false,
              "skipped": false
            },
            {
              "title": "Training Officer views / prints GROUP SF 182",
              "fullTitle": "Search SF-182 as Training Officer. Search SF-182 as ACCMA RM Training Officer views / prints GROUP SF 182",
              "timedOut": null,
              "duration": 7720,
              "state": "passed",
              "speed": "medium",
              "pass": true,
              "fail": false,
              "pending": false,
              "context": null,
              "code": "cy.getMatSelectControl('individualOrGroup').click().wait(1000);\ncy.get('mat-option').should('have.lengthOf', 2).contains('Group').click();\ncy.contains('button', ' SEARCH ').click();\ncy.get(':nth-child(1) > .datatable-body-row > .datatable-row-center > [style=\"max-width: 30px; height: auto;\"]').click({ force: true }).wait(2000);\ncy.contains('Print Record').click({ force: true }).wait(2000);\ncy.contains('View Record').click({ force: true }).wait(2000);",
              "err": {},
              "uuid": "2f704ce0-479f-4845-82a1-a7efd2370c44",
              "parentUUID": "258dcdac-d999-4f9f-93e6-9a2c60dd7701",
              "isHook": false,
              "skipped": false
            },
            {
              "title": "Training Officer views / prints INDIVIDUAL SF 182",
              "fullTitle": "Search SF-182 as Training Officer. Search SF-182 as ACCMA RM Training Officer views / prints INDIVIDUAL SF 182",
              "timedOut": null,
              "duration": 16209,
              "state": "passed",
              "speed": "slow",
              "pass": true,
              "fail": false,
              "pending": false,
              "context": null,
              "code": "cy.contains('button', 'Civilian Training').click({ force: true }).wait(2000);\ncy.contains('Search').click({ force: true }).wait(3000);\ncy.wait(2000);\ncy.getMatSelectControl('careerFieldGroup').click().wait(1000);\ncy.get('mat-option').contains(' Construction, Engineering and Infrastructure ').click();\ncy.getMatSelectControl('individualOrGroup').click().wait(1000);\ncy.get('mat-option').should('have.lengthOf', 2).contains('Individual').click();\ncy.contains('button', ' SEARCH ').click();\ncy.get(':nth-child(1) > .datatable-body-row > .datatable-row-center > [style=\"max-width: 30px; height: auto;\"]').click({ force: true }).wait(2000);\ncy.contains('Print Record').click({ force: true }).wait(2000);\ncy.contains('View Record').click({ force: true }).wait(2000);",
              "err": {},
              "uuid": "4dea33c2-963a-4c55-8ff6-55388f1ef301",
              "parentUUID": "258dcdac-d999-4f9f-93e6-9a2c60dd7701",
              "isHook": false,
              "skipped": false
            },
            {
              "title": "Login as ACCMA RM, check permissions",
              "fullTitle": "Search SF-182 as Training Officer. Search SF-182 as ACCMA RM Login as ACCMA RM, check permissions",
              "timedOut": null,
              "duration": 6611,
              "state": "passed",
              "speed": "medium",
              "pass": true,
              "fail": false,
              "pending": false,
              "context": null,
              "code": "cy.login('Bilal', 'ACCMA RM');\ncy.contains('#userprofile-menu', 'Bilal ACCMA RM').click();\ncy.get('#profile-menu').click();\ncy.wait(1500);\ncy.contains('mat-checkbox', ' Search ');",
              "err": {},
              "uuid": "3bd86dc9-d1e1-4546-bf04-034b06c50668",
              "parentUUID": "258dcdac-d999-4f9f-93e6-9a2c60dd7701",
              "isHook": false,
              "skipped": false
            },
            {
              "title": "Verfies SF-182 Searchability",
              "fullTitle": "Search SF-182 as Training Officer. Search SF-182 as ACCMA RM Verfies SF-182 Searchability",
              "timedOut": null,
              "duration": 3686,
              "state": "passed",
              "speed": "fast",
              "pass": true,
              "fail": false,
              "pending": false,
              "context": null,
              "code": "cy.VisitMenuPage('Civilian Training', 'Search');\ncy.wait(2000);\ncy.getMatSelectControl('careerFieldGroup').click().wait(1000);\ncy.get('mat-option').should('have.lengthOf', 23).contains(' Construction, Engineering and Infrastructure ').click();\ncy.contains('button', ' SEARCH ').click();",
              "err": {},
              "uuid": "20c53e73-438a-4741-91a3-ab583f7f1bd6",
              "parentUUID": "258dcdac-d999-4f9f-93e6-9a2c60dd7701",
              "isHook": false,
              "skipped": false
            },
            {
              "title": "ACCMA RM views / prints GROUP SF 182",
              "fullTitle": "Search SF-182 as Training Officer. Search SF-182 as ACCMA RM ACCMA RM views / prints GROUP SF 182",
              "timedOut": null,
              "duration": 7712,
              "state": "passed",
              "speed": "medium",
              "pass": true,
              "fail": false,
              "pending": false,
              "context": null,
              "code": "cy.getMatSelectControl('individualOrGroup').click().wait(1000);\ncy.get('mat-option').should('have.lengthOf', 2).contains('Group').click();\ncy.contains('button', ' SEARCH ').click();\ncy.get(':nth-child(1) > .datatable-body-row > .datatable-row-center > [style=\"max-width: 30px; height: auto;\"]').click({ force: true }).wait(2000);\ncy.contains('Print Record').click({ force: true }).wait(2000);\ncy.contains('View Record').click({ force: true }).wait(2000);",
              "err": {},
              "uuid": "268e2644-594e-4380-a4b8-8b3dd75916fc",
              "parentUUID": "258dcdac-d999-4f9f-93e6-9a2c60dd7701",
              "isHook": false,
              "skipped": false
            },
            {
              "title": "ACCMA RM views / prints INDIVIDUAL SF 182",
              "fullTitle": "Search SF-182 as Training Officer. Search SF-182 as ACCMA RM ACCMA RM views / prints INDIVIDUAL SF 182",
              "timedOut": null,
              "duration": 16316,
              "state": "passed",
              "speed": "slow",
              "pass": true,
              "fail": false,
              "pending": false,
              "context": null,
              "code": "cy.contains('button', 'Civilian Training').click({ force: true }).wait(2000);\ncy.contains('Search').click({ force: true }).wait(3000);\ncy.wait(2000);\ncy.getMatSelectControl('careerFieldGroup').click().wait(1000);\ncy.get('mat-option').contains(' Construction, Engineering and Infrastructure ').click();\ncy.getMatSelectControl('individualOrGroup').click().wait(1000);\ncy.get('mat-option').should('have.lengthOf', 2).contains('Individual').click();\ncy.contains('button', ' SEARCH ').click();\ncy.get(':nth-child(1) > .datatable-body-row > .datatable-row-center > [style=\"max-width: 30px; height: auto;\"]').click({ force: true }).wait(2000);\ncy.contains('Print Record').click({ force: true }).wait(2000);\ncy.contains('View Record').click({ force: true }).wait(2000);",
              "err": {},
              "uuid": "cb4efc7c-2ecf-4906-85c8-c499bf70378c",
              "parentUUID": "258dcdac-d999-4f9f-93e6-9a2c60dd7701",
              "isHook": false,
              "skipped": false
            }
          ],
          "suites": [],
          "passes": [
            "738b6009-6087-4620-9de7-b844725c32b4",
            "1ca8459f-256d-4530-a002-333cd8c08294",
            "2f704ce0-479f-4845-82a1-a7efd2370c44",
            "4dea33c2-963a-4c55-8ff6-55388f1ef301",
            "3bd86dc9-d1e1-4546-bf04-034b06c50668",
            "20c53e73-438a-4741-91a3-ab583f7f1bd6",
            "268e2644-594e-4380-a4b8-8b3dd75916fc",
            "cb4efc7c-2ecf-4906-85c8-c499bf70378c"
          ],
          "failures": [],
          "pending": [],
          "skipped": [],
          "duration": 69753,
          "root": false,
          "rootEmpty": false,
          "_timeout": 2000
        }
      ],
      "passes": [],
      "failures": [],
      "pending": [],
      "skipped": [],
      "duration": 0,
      "root": true,
      "rootEmpty": true,
      "_timeout": 2000
    }
  ],
  "meta": {
    "mocha": {
      "version": "7.0.1"
    },
    "mochawesome": {
      "options": {
        "quiet": false,
        "reportFilename": "mochawesome",
        "saveHtml": false,
        "saveJson": true,
        "consoleReporter": "spec",
        "useInlineDiffs": false,
        "code": true
      },
      "version": "7.1.3"
    },
    "marge": {
      "options": {
        "reportDir": "cypress/reports/mocha",
        "overwrite": false,
        "html": false,
        "json": true
      },
      "version": "6.2.0"
    }
  }
}