{
  "stats": {
    "suites": 1,
    "tests": 14,
    "passes": 14,
    "pending": 0,
    "failures": 0,
    "start": "2024-04-15T21:54:53.184Z",
    "end": "2024-04-15T21:56:27.024Z",
    "duration": 93840,
    "testsRegistered": 14,
    "passPercent": 100,
    "pendingPercent": 0,
    "other": 0,
    "hasOther": false,
    "skipped": 0,
    "hasSkipped": false
  },
  "results": [
    {
      "uuid": "5c8ada98-408e-474d-811e-4a49b283fcbc",
      "title": "",
      "fullFile": "cypress\\e2e\\_CIVFunding\\CivilianFunding\\TrainingOfficers\\GroupSF-182.ts",
      "file": "cypress\\e2e\\_CIVFunding\\CivilianFunding\\TrainingOfficers\\GroupSF-182.ts",
      "beforeHooks": [],
      "afterHooks": [],
      "tests": [],
      "suites": [
        {
          "uuid": "c88a087a-00d1-47c1-99c7-b03658bb3701",
          "title": "Create a Group SF182",
          "fullFile": "",
          "file": "",
          "beforeHooks": [],
          "afterHooks": [],
          "tests": [
            {
              "title": "Logs in as Training Officer, navigate to group creation page",
              "fullTitle": "Create a Group SF182 Logs in as Training Officer, navigate to group creation page",
              "timedOut": null,
              "duration": 7360,
              "state": "passed",
              "speed": "medium",
              "pass": true,
              "fail": false,
              "pending": false,
              "context": null,
              "code": "cy.login('JJ', 'TrainingOfficer');\ncy.wait(1000);\ncy.visit('/student/funding-requests/create/civilian-group-training');\ncy.wait(1000);",
              "err": {},
              "uuid": "e851aba0-6078-4c92-83bd-2cce75397596",
              "parentUUID": "c88a087a-00d1-47c1-99c7-b03658bb3701",
              "isHook": false,
              "skipped": false
            },
            {
              "title": "I can navigate to Vendor information",
              "fullTitle": "Create a Group SF182 I can navigate to Vendor information",
              "timedOut": null,
              "duration": 644,
              "state": "passed",
              "speed": "fast",
              "pass": true,
              "fail": false,
              "pending": false,
              "context": null,
              "code": "cy.contains('Next').click();\ncy.wait(500);",
              "err": {},
              "uuid": "87de6eb0-d753-4705-9453-d162f9c2aed4",
              "parentUUID": "c88a087a-00d1-47c1-99c7-b03658bb3701",
              "isHook": false,
              "skipped": false
            },
            {
              "title": "I can select my Vendor",
              "fullTitle": "Create a Group SF182 I can select my Vendor",
              "timedOut": null,
              "duration": 3631,
              "state": "passed",
              "speed": "fast",
              "pass": true,
              "fail": false,
              "pending": false,
              "context": null,
              "code": "cy.getInputControl('vendor').type('CAPELLA UNIVERSITY').wait(3000).type('{downarrow}{enter}');",
              "err": {},
              "uuid": "0109442b-a05f-467a-9b72-ffe068f0468f",
              "parentUUID": "c88a087a-00d1-47c1-99c7-b03658bb3701",
              "isHook": false,
              "skipped": false
            },
            {
              "title": "I can select my Campus",
              "fullTitle": "Create a Group SF182 I can select my Campus",
              "timedOut": null,
              "duration": 1236,
              "state": "passed",
              "speed": "fast",
              "pass": true,
              "fail": false,
              "pending": false,
              "context": null,
              "code": "cy.get('input[formControlName=campus]').click();\ncy.get('mat-option')\n    .contains('CAPELLA UNIVERSITY- MAIN CAMPUS')\n    .click();\ncy.wait(1000);",
              "err": {},
              "uuid": "dfa1863a-3371-4a09-a37e-d1aa710ddf0c",
              "parentUUID": "c88a087a-00d1-47c1-99c7-b03658bb3701",
              "isHook": false,
              "skipped": false
            },
            {
              "title": "I can enter my Phone Number",
              "fullTitle": "Create a Group SF182 I can enter my Phone Number",
              "timedOut": null,
              "duration": 467,
              "state": "passed",
              "speed": "fast",
              "pass": true,
              "fail": false,
              "pending": false,
              "context": null,
              "code": "cy.getInputControl('phoneNumber').clear()\n    .type('703-555-1234');",
              "err": {},
              "uuid": "1d56956a-38ef-46c2-9812-6421454a90b5",
              "parentUUID": "c88a087a-00d1-47c1-99c7-b03658bb3701",
              "isHook": false,
              "skipped": false
            },
            {
              "title": "I can enter my email address",
              "fullTitle": "Create a Group SF182 I can enter my email address",
              "timedOut": null,
              "duration": 349,
              "state": "passed",
              "speed": "fast",
              "pass": true,
              "fail": false,
              "pending": false,
              "context": null,
              "code": "cy.getInputControl('emailAddress')\n    .type('test@test.com');",
              "err": {},
              "uuid": "147fcc2b-5eb4-4349-baa9-e0a0715195b5",
              "parentUUID": "c88a087a-00d1-47c1-99c7-b03658bb3701",
              "isHook": false,
              "skipped": false
            },
            {
              "title": "I can enter my POC Number",
              "fullTitle": "Create a Group SF182 I can enter my POC Number",
              "timedOut": null,
              "duration": 313,
              "state": "passed",
              "speed": "fast",
              "pass": true,
              "fail": false,
              "pending": false,
              "context": null,
              "code": "cy.getInputControl('pointOfContact')\n    .type('Joe Test');",
              "err": {},
              "uuid": "28b5ed70-877c-4a59-b9a4-ad0dea90e477",
              "parentUUID": "c88a087a-00d1-47c1-99c7-b03658bb3701",
              "isHook": false,
              "skipped": false
            },
            {
              "title": "I can navigate to Course",
              "fullTitle": "Create a Group SF182 I can navigate to Course",
              "timedOut": null,
              "duration": 1138,
              "state": "passed",
              "speed": "fast",
              "pass": true,
              "fail": false,
              "pending": false,
              "context": null,
              "code": "cy.wait(500);\ncy.get('[id=vendor]')\n    .click();\ncy.wait(500);",
              "err": {},
              "uuid": "53bbd08c-7f26-441a-b363-d85817a27876",
              "parentUUID": "c88a087a-00d1-47c1-99c7-b03658bb3701",
              "isHook": false,
              "skipped": false
            },
            {
              "title": "I can add a course",
              "fullTitle": "Create a Group SF182 I can add a course",
              "timedOut": null,
              "duration": 2724,
              "state": "passed",
              "speed": "fast",
              "pass": true,
              "fail": false,
              "pending": false,
              "context": null,
              "code": "cy.get('[id=addCourseBtn')\n    .eq(0)\n    .click();\ncy.wait(2500);",
              "err": {},
              "uuid": "eb9860f1-09d0-4a12-bfe5-5909d3774457",
              "parentUUID": "c88a087a-00d1-47c1-99c7-b03658bb3701",
              "isHook": false,
              "skipped": false
            },
            {
              "title": "I can add course details",
              "fullTitle": "Create a Group SF182 I can add course details",
              "timedOut": null,
              "duration": 61637,
              "state": "passed",
              "speed": "slow",
              "pass": true,
              "fail": false,
              "pending": false,
              "context": null,
              "code": "var startDate = moment__WEBPACK_IMPORTED_MODULE_0__().add(10, 'days').format(\"M/DD/YYYY\");\nvar endDate = moment__WEBPACK_IMPORTED_MODULE_0__().add(100, 'days').format(\"M/DD/YYYY\");\ncy.contains('Training Start Date').click().type(startDate.toString());\ncy.wait(1500);\ncy.contains('Training Duty Hours').click().type('3').wait(1500);\ncy.contains('mat-label', 'Training Non-Duty Hours').click().type('3').wait(500);\ncy.get('[formcontrolname=civilianTrainingPurposeTypeId]')\n    .click()\n    .wait(500);\ncy.contains('Program/Mission')\n    .click()\n    .wait(500);\ncy.get('[formcontrolname=civilianTrainingTypeId]')\n    .click()\n    .wait(500);\ncy.contains('Training Program Area')\n    .click()\n    .wait(500);\ncy.get('[formcontrolname=civilianTrainingSubTypeId]')\n    .click()\n    .wait(500);\ncy.contains('Legal')\n    .click()\n    .wait(500);\ncy.get('[formcontrolname=civilianTrainingDeliveryTypeId]')\n    .click()\n    .wait(500);\ncy.contains('On the Job')\n    .click()\n    .wait(500);\ncy.get('[formcontrolname=civilianTrainingDesignationTypeId]')\n    .click()\n    .wait(500);\ncy.contains('Undergraduate Credit')\n    .click()\n    .wait(500);\ncy.get('[formcontrolname=trainingAccreditation]')\n    .contains('No')\n    .click()\n    .wait(500);\ncy.getMatSelectControl('civilianTrainingSourceTypeId').type('{downarrow}{enter}');\ncy.get('[formcontrolname=skillLearningObjective]')\n    .type(\"Lorem ipsum dolor sit amet, consectetur adipiscing elit. Sed euismod, sapien vel bibendum bibendum, sapien sapien bibendum sapien, vel bibendum sapien sapien vel sapien. Sed euismod, sapien vel bibendum bibendum, sapien sapien bibendum sapien, vel bibendum sapien sapien vel sapien. Sed euismod, sapien vel bibendum bibendum, sapien sapien bibendum sapien, vel bibendum sapien sapien vel sapien. Sed euismod, sapien vel bibendum bibendum, sapien sapien bibendum sapien, vel bibendum sapien sapien vel sapien. Sed euismod, sapien vel bibendum bibendum, sapien sapien bibendum sapien, vel bibendum sapien sapien vel sapien.\")\n    .wait(500);\ncy.contains('Tuition and Fees')\n    .type(\"10.99\")\n    .wait(500);\ncy.contains('Book and Material Costs')\n    .type(\"25.45\")\n    .wait(1500);\ncy.contains('Non-Government Contribution Cost')\n    .type(\"50.12\")\n    .wait(1500);\ncy.contains('Training End Date').click().type(endDate.toString());",
              "err": {},
              "uuid": "765721fb-b2e2-481e-a84a-b778d9852033",
              "parentUUID": "c88a087a-00d1-47c1-99c7-b03658bb3701",
              "isHook": false,
              "skipped": false
            },
            {
              "title": "I can navigate to the attachments step",
              "fullTitle": "Create a Group SF182 I can navigate to the attachments step",
              "timedOut": null,
              "duration": 123,
              "state": "passed",
              "speed": "fast",
              "pass": true,
              "fail": false,
              "pending": false,
              "context": null,
              "code": "cy.contains('Supporting Documents').click();",
              "err": {},
              "uuid": "2e4e8b95-feb6-4b3e-8558-cdce5ca2a4f2",
              "parentUUID": "c88a087a-00d1-47c1-99c7-b03658bb3701",
              "isHook": false,
              "skipped": false
            },
            {
              "title": "can upload a file",
              "fullTitle": "Create a Group SF182 can upload a file",
              "timedOut": null,
              "duration": 2029,
              "state": "passed",
              "speed": "fast",
              "pass": true,
              "fail": false,
              "pending": false,
              "context": null,
              "code": "cy.get('input[type=\"file\"]').attachFile('DummyDoc.pdf').wait(2000);",
              "err": {},
              "uuid": "8f1849a0-bded-463e-a380-bffb822df6fd",
              "parentUUID": "c88a087a-00d1-47c1-99c7-b03658bb3701",
              "isHook": false,
              "skipped": false
            },
            {
              "title": "can submit SF 182",
              "fullTitle": "Create a Group SF182 can submit SF 182",
              "timedOut": null,
              "duration": 2089,
              "state": "passed",
              "speed": "fast",
              "pass": true,
              "fail": false,
              "pending": false,
              "context": null,
              "code": "cy.get('#submitCourse > .mat-mdc-button-touch-target').click({ force: true }).wait(2000);",
              "err": {},
              "uuid": "3aba91fb-3a1d-4135-95e7-2b1ab3c8a3ff",
              "parentUUID": "c88a087a-00d1-47c1-99c7-b03658bb3701",
              "isHook": false,
              "skipped": false
            },
            {
              "title": "can print / view SF 182",
              "fullTitle": "Create a Group SF182 can print / view SF 182",
              "timedOut": null,
              "duration": 9762,
              "state": "passed",
              "speed": "medium",
              "pass": true,
              "fail": false,
              "pending": false,
              "context": null,
              "code": "cy.contains('button', 'Civilian Training').click({ force: true }).wait(2000);\ncy.contains('View Current Group Trainings').click({ force: true }).wait(3000);\ncy.contains('button', ' Print PDF ').click({ force: true }).wait(2000);\ncy.contains('button', ' View Details ').click({ force: true }).wait(2000);",
              "err": {},
              "uuid": "94dc2781-34fe-426c-8c1f-14f5ff45cf5c",
              "parentUUID": "c88a087a-00d1-47c1-99c7-b03658bb3701",
              "isHook": false,
              "skipped": false
            }
          ],
          "suites": [],
          "passes": [
            "e851aba0-6078-4c92-83bd-2cce75397596",
            "87de6eb0-d753-4705-9453-d162f9c2aed4",
            "0109442b-a05f-467a-9b72-ffe068f0468f",
            "dfa1863a-3371-4a09-a37e-d1aa710ddf0c",
            "1d56956a-38ef-46c2-9812-6421454a90b5",
            "147fcc2b-5eb4-4349-baa9-e0a0715195b5",
            "28b5ed70-877c-4a59-b9a4-ad0dea90e477",
            "53bbd08c-7f26-441a-b363-d85817a27876",
            "eb9860f1-09d0-4a12-bfe5-5909d3774457",
            "765721fb-b2e2-481e-a84a-b778d9852033",
            "2e4e8b95-feb6-4b3e-8558-cdce5ca2a4f2",
            "8f1849a0-bded-463e-a380-bffb822df6fd",
            "3aba91fb-3a1d-4135-95e7-2b1ab3c8a3ff",
            "94dc2781-34fe-426c-8c1f-14f5ff45cf5c"
          ],
          "failures": [],
          "pending": [],
          "skipped": [],
          "duration": 93502,
          "root": false,
          "rootEmpty": false,
          "_timeout": 2000
        }
      ],
      "passes": [],
      "failures": [],
      "pending": [],
      "skipped": [],
      "duration": 0,
      "root": true,
      "rootEmpty": true,
      "_timeout": 2000
    }
  ],
  "meta": {
    "mocha": {
      "version": "7.0.1"
    },
    "mochawesome": {
      "options": {
        "quiet": false,
        "reportFilename": "mochawesome",
        "saveHtml": false,
        "saveJson": true,
        "consoleReporter": "spec",
        "useInlineDiffs": false,
        "code": true
      },
      "version": "7.1.3"
    },
    "marge": {
      "options": {
        "reportDir": "cypress/reports/mocha",
        "overwrite": false,
        "html": false,
        "json": true
      },
      "version": "6.2.0"
    }
  }
}