{
  "stats": {
    "suites": 1,
    "tests": 8,
    "passes": 8,
    "pending": 0,
    "failures": 0,
    "start": "2024-04-15T21:39:36.646Z",
    "end": "2024-04-15T21:40:13.808Z",
    "duration": 37162,
    "testsRegistered": 8,
    "passPercent": 100,
    "pendingPercent": 0,
    "other": 0,
    "hasOther": false,
    "skipped": 0,
    "hasSkipped": false
  },
  "results": [
    {
      "uuid": "312c581e-70c8-41ce-8080-2508019bc597",
      "title": "",
      "fullFile": "cypress\\e2e\\messages\\Cadre-Cadet-Messages\\Cadre-Cadet-Reply.ts",
      "file": "cypress\\e2e\\messages\\Cadre-Cadet-Messages\\Cadre-Cadet-Reply.ts",
      "beforeHooks": [],
      "afterHooks": [],
      "tests": [],
      "suites": [
        {
          "uuid": "de6e9199-2492-4318-be86-7158030d85a4",
          "title": "Cadre Replies to Cadet Message Test",
          "fullFile": "",
          "file": "",
          "beforeHooks": [],
          "afterHooks": [],
          "tests": [
            {
              "title": "Cadet sends message",
              "fullTitle": "Cadre Replies to Cadet Message Test Cadet sends message",
              "timedOut": null,
              "duration": 309,
              "state": "passed",
              "speed": "fast",
              "pass": true,
              "fail": false,
              "pending": false,
              "context": null,
              "code": "const d = new Date();\ncy.retrieveStudentToken(3067);\ncy.CreateStudentMessage('3067', '19', 'Cadet Test Message: ' + d.toLocaleDateString('en-us'), 'Test message from Cadet. Should be visible by Cadre at 1BDE');",
              "err": {},
              "uuid": "a39de461-c337-4143-a6f3-e302b33105cc",
              "parentUUID": "de6e9199-2492-4318-be86-7158030d85a4",
              "isHook": false,
              "skipped": false
            },
            {
              "title": "Log in as Cadre, navigate to Messages",
              "fullTitle": "Cadre Replies to Cadet Message Test Log in as Cadre, navigate to Messages",
              "timedOut": null,
              "duration": 7834,
              "state": "passed",
              "speed": "medium",
              "pass": true,
              "fail": false,
              "pending": false,
              "context": null,
              "code": "cy.visit('/account/impersonate');\ncy.login('Cypress', 'Cadre-1BDE');\ncy.visit('/messages/general')\n    .wait(2000);",
              "err": {},
              "uuid": "3eada091-53ab-4c66-ae15-102fbeb2dc91",
              "parentUUID": "de6e9199-2492-4318-be86-7158030d85a4",
              "isHook": false,
              "skipped": false
            },
            {
              "title": "Cadre finds message from cadet",
              "fullTitle": "Cadre Replies to Cadet Message Test Cadre finds message from cadet",
              "timedOut": null,
              "duration": 4392,
              "state": "passed",
              "speed": "fast",
              "pass": true,
              "fail": false,
              "pending": false,
              "context": null,
              "code": "const d = new Date();\ncy.contains('datatable-body-row', 'Cadet Test Message: ' + d.toLocaleDateString('en-us'))\n    .click()\n    .wait(2000);\ncy.contains('Test message from Cadet. Should be visible by Cadre at 1BDE');\ncy.contains('button', 'Reply')\n    .click()\n    .wait(2000);",
              "err": {},
              "uuid": "a05b346e-2169-476a-910b-11450ac9cabf",
              "parentUUID": "de6e9199-2492-4318-be86-7158030d85a4",
              "isHook": false,
              "skipped": false
            },
            {
              "title": "Cadre replies to message",
              "fullTitle": "Cadre Replies to Cadet Message Test Cadre replies to message",
              "timedOut": null,
              "duration": 3687,
              "state": "passed",
              "speed": "fast",
              "pass": true,
              "fail": false,
              "pending": false,
              "context": null,
              "code": "cy.get('body').click(90, 451);\ncy.get('.k-iframe').then(($iframe) => {\n    const $body = $iframe.contents().find('body');\n    cy.wrap($body)\n        .find('.ProseMirror')\n        .type('Test reply from Cadre. Should be sent to Cypress Cadet-1BDE.');\n});\ncy.contains('Send')\n    .click()\n    .wait(2000);",
              "err": {},
              "uuid": "d8987887-2061-402b-9b7d-b46999c194ce",
              "parentUUID": "de6e9199-2492-4318-be86-7158030d85a4",
              "isHook": false,
              "skipped": false
            },
            {
              "title": "Navigate to Student Portal",
              "fullTitle": "Cadre Replies to Cadet Message Test Navigate to Student Portal",
              "timedOut": null,
              "duration": 8776,
              "state": "passed",
              "speed": "medium",
              "pass": true,
              "fail": false,
              "pending": false,
              "context": null,
              "code": "cy.visit(\"https://dev.bamtech.net/student/account/impersonate\")\n    .wait(3000);\ncy.visit(\"https://dev.bamtech.net/student/account/impersonate\")\n    .wait(2000);",
              "err": {},
              "uuid": "a7286390-7df7-473d-89ee-8226f508558b",
              "parentUUID": "de6e9199-2492-4318-be86-7158030d85a4",
              "isHook": false,
              "skipped": false
            },
            {
              "title": "Login as Cadet",
              "fullTitle": "Cadre Replies to Cadet Message Test Login as Cadet",
              "timedOut": null,
              "duration": 7686,
              "state": "passed",
              "speed": "medium",
              "pass": true,
              "fail": false,
              "pending": false,
              "context": null,
              "code": "cy.get('#firstName').type('Cypress');\ncy.get('#lastName').type('Cadet-1BDE');\ncy.wait(2000);\ncy.get('.d-flex .flex-column', { timeout: 50000 }).contains('Cypress Cadet-1BDE')\n    .click()\n    .wait(5000);",
              "err": {},
              "uuid": "8db478f0-d486-4b5f-8899-cd68a1d32559",
              "parentUUID": "de6e9199-2492-4318-be86-7158030d85a4",
              "isHook": false,
              "skipped": false
            },
            {
              "title": "Navigate to messages",
              "fullTitle": "Cadre Replies to Cadet Message Test Navigate to messages",
              "timedOut": null,
              "duration": 2162,
              "state": "passed",
              "speed": "fast",
              "pass": true,
              "fail": false,
              "pending": false,
              "context": null,
              "code": "cy.contains('Messages')\n    .click()\n    .wait(2000);",
              "err": {},
              "uuid": "e0f3fc0b-2f5e-48f2-a2f2-b4db190e0ab9",
              "parentUUID": "de6e9199-2492-4318-be86-7158030d85a4",
              "isHook": false,
              "skipped": false
            },
            {
              "title": "Cadet receives message",
              "fullTitle": "Cadre Replies to Cadet Message Test Cadet receives message",
              "timedOut": null,
              "duration": 2161,
              "state": "passed",
              "speed": "fast",
              "pass": true,
              "fail": false,
              "pending": false,
              "context": null,
              "code": "const d = new Date();\ncy.contains('datatable-body-row', 'Cadet Test Message: ' + d.toLocaleDateString('en-us')).click();\ncy.wait(2000);\ncy.contains('Test reply from Cadre. Should be sent to Cypress Cadet-1BDE.');",
              "err": {},
              "uuid": "8a1f2900-740f-43f3-a008-871a1e9ad8ea",
              "parentUUID": "de6e9199-2492-4318-be86-7158030d85a4",
              "isHook": false,
              "skipped": false
            }
          ],
          "suites": [],
          "passes": [
            "a39de461-c337-4143-a6f3-e302b33105cc",
            "3eada091-53ab-4c66-ae15-102fbeb2dc91",
            "a05b346e-2169-476a-910b-11450ac9cabf",
            "d8987887-2061-402b-9b7d-b46999c194ce",
            "a7286390-7df7-473d-89ee-8226f508558b",
            "8db478f0-d486-4b5f-8899-cd68a1d32559",
            "e0f3fc0b-2f5e-48f2-a2f2-b4db190e0ab9",
            "8a1f2900-740f-43f3-a008-871a1e9ad8ea"
          ],
          "failures": [],
          "pending": [],
          "skipped": [],
          "duration": 37007,
          "root": false,
          "rootEmpty": false,
          "_timeout": 2000
        }
      ],
      "passes": [],
      "failures": [],
      "pending": [],
      "skipped": [],
      "duration": 0,
      "root": true,
      "rootEmpty": true,
      "_timeout": 2000
    }
  ],
  "meta": {
    "mocha": {
      "version": "7.0.1"
    },
    "mochawesome": {
      "options": {
        "quiet": false,
        "reportFilename": "mochawesome",
        "saveHtml": false,
        "saveJson": true,
        "consoleReporter": "spec",
        "useInlineDiffs": false,
        "code": true
      },
      "version": "7.1.3"
    },
    "marge": {
      "options": {
        "reportDir": "cypress/reports/mocha",
        "overwrite": false,
        "html": false,
        "json": true
      },
      "version": "6.2.0"
    }
  }
}