{
  "stats": {
    "suites": 1,
    "tests": 8,
    "passes": 8,
    "pending": 0,
    "failures": 0,
    "start": "2024-04-15T21:51:39.527Z",
    "end": "2024-04-15T21:51:50.434Z",
    "duration": 10907,
    "testsRegistered": 8,
    "passPercent": 100,
    "pendingPercent": 0,
    "other": 0,
    "hasOther": false,
    "skipped": 0,
    "hasSkipped": false
  },
  "results": [
    {
      "uuid": "efe9a224-539f-4cc1-8dea-0f7f93673868",
      "title": "",
      "fullFile": "cypress\\e2e\\reports\\general reports\\accounting\\baseAccounts.ts",
      "file": "cypress\\e2e\\reports\\general reports\\accounting\\baseAccounts.ts",
      "beforeHooks": [],
      "afterHooks": [],
      "tests": [],
      "suites": [
        {
          "uuid": "1cac424b-42f9-43c3-99fe-792fae21ff9d",
          "title": "Installation Accounts Test",
          "fullFile": "",
          "file": "",
          "beforeHooks": [],
          "afterHooks": [],
          "tests": [
            {
              "title": "I can navigate to accounting report page",
              "fullTitle": "Installation Accounts Test I can navigate to accounting report page",
              "timedOut": null,
              "duration": 5612,
              "state": "passed",
              "speed": "medium",
              "pass": true,
              "fail": false,
              "pending": false,
              "context": null,
              "code": "cy.defaultLogin();\ncy.contains('Reports').click();\ncy.contains('General Reports').click();\ncy.contains('mat-panel-title', 'Accounting').click();",
              "err": {},
              "uuid": "be660258-89cb-4c7c-a880-868fce05e533",
              "parentUUID": "1cac424b-42f9-43c3-99fe-792fae21ff9d",
              "isHook": false,
              "skipped": false
            },
            {
              "title": "I can navigate to Installation Accounts",
              "fullTitle": "Installation Accounts Test I can navigate to Installation Accounts",
              "timedOut": null,
              "duration": 246,
              "state": "passed",
              "speed": "fast",
              "pass": true,
              "fail": false,
              "pending": false,
              "context": null,
              "code": "cy.contains('.reportHeader', 'Installation Accounts').click();\ncy.contains('div', 'Installation Accounts Report');\ncy.contains('span', 'No Records');",
              "err": {},
              "uuid": "5491a7bf-8b8c-418e-909e-4c748229ddb6",
              "parentUUID": "1cac424b-42f9-43c3-99fe-792fae21ff9d",
              "isHook": false,
              "skipped": false
            },
            {
              "title": "I can not export results",
              "fullTitle": "Installation Accounts Test I can not export results",
              "timedOut": null,
              "duration": 20,
              "state": "passed",
              "speed": "fast",
              "pass": true,
              "fail": false,
              "pending": false,
              "context": null,
              "code": "cy.contains('button', 'Export To Excel').should('not.exist');",
              "err": {},
              "uuid": "33d633da-cba3-40e1-98af-d4c68d3293ee",
              "parentUUID": "1cac424b-42f9-43c3-99fe-792fae21ff9d",
              "isHook": false,
              "skipped": false
            },
            {
              "title": "I can can select date range",
              "fullTitle": "Installation Accounts Test I can can select date range",
              "timedOut": null,
              "duration": 746,
              "state": "passed",
              "speed": "fast",
              "pass": true,
              "fail": false,
              "pending": false,
              "context": null,
              "code": "cy.get('mat-radio-button[value=\"range\"]').click();\ncy.getInputControl('start').type('1/11/2022').should('have.value', '1/11/2022');\ncy.getInputControl('end').type('1/11/2022').should('have.value', '1/11/2022');",
              "err": {},
              "uuid": "1e9e96d9-2349-4802-915e-62ffbff92568",
              "parentUUID": "1cac424b-42f9-43c3-99fe-792fae21ff9d",
              "isHook": false,
              "skipped": false
            },
            {
              "title": "I can can select a fiscal year",
              "fullTitle": "Installation Accounts Test I can can select a fiscal year",
              "timedOut": null,
              "duration": 3333,
              "state": "passed",
              "speed": "fast",
              "pass": true,
              "fail": false,
              "pending": false,
              "context": null,
              "code": "cy.get('mat-radio-button[value=\"fiscal\"]').click();\ncy.get('app-fiscal-year').click().wait(3000);\n//cant see fiscal year below\ncy.contains('span', ' 2022 ').click();\ncy.contains('span', '2022');",
              "err": {},
              "uuid": "5e086f34-5d00-4ab3-ad81-286dc055e908",
              "parentUUID": "1cac424b-42f9-43c3-99fe-792fae21ff9d",
              "isHook": false,
              "skipped": false
            },
            {
              "title": "I can run a report",
              "fullTitle": "Installation Accounts Test I can run a report",
              "timedOut": null,
              "duration": 123,
              "state": "passed",
              "speed": "fast",
              "pass": true,
              "fail": false,
              "pending": false,
              "context": null,
              "code": "cy.contains('Run Report').click();\ncy.contains('strong', 'Total Records');",
              "err": {},
              "uuid": "1f66df16-6fb9-4fbf-9c70-b634b3e1778f",
              "parentUUID": "1cac424b-42f9-43c3-99fe-792fae21ff9d",
              "isHook": false,
              "skipped": false
            },
            {
              "title": "I can export results",
              "fullTitle": "Installation Accounts Test I can export results",
              "timedOut": null,
              "duration": 485,
              "state": "passed",
              "speed": "fast",
              "pass": true,
              "fail": false,
              "pending": false,
              "context": null,
              "code": "cy.intercept('POST', '/api/api/reports/excel').as('post');\ncy.contains('button', 'Export To Excel').click();\ncy.wait(\"@post\");\ncy.get('@post').its('request.body').should('have.property', 'payGradeType');",
              "err": {},
              "uuid": "766ab97a-38f7-44c8-9d83-9bb3f7a23fc9",
              "parentUUID": "1cac424b-42f9-43c3-99fe-792fae21ff9d",
              "isHook": false,
              "skipped": false
            },
            {
              "title": "I can navigate back to reports",
              "fullTitle": "Installation Accounts Test I can navigate back to reports",
              "timedOut": null,
              "duration": 189,
              "state": "passed",
              "speed": "fast",
              "pass": true,
              "fail": false,
              "pending": false,
              "context": null,
              "code": "cy.contains('app-back-button', 'arrow_back').within(() => {\n    cy.get('button').click();\n});\ncy.contains('mat-panel-title', 'Accounting');",
              "err": {},
              "uuid": "fb126252-cd0b-4a15-b0a5-787ab7274ab9",
              "parentUUID": "1cac424b-42f9-43c3-99fe-792fae21ff9d",
              "isHook": false,
              "skipped": false
            }
          ],
          "suites": [],
          "passes": [
            "be660258-89cb-4c7c-a880-868fce05e533",
            "5491a7bf-8b8c-418e-909e-4c748229ddb6",
            "33d633da-cba3-40e1-98af-d4c68d3293ee",
            "1e9e96d9-2349-4802-915e-62ffbff92568",
            "5e086f34-5d00-4ab3-ad81-286dc055e908",
            "1f66df16-6fb9-4fbf-9c70-b634b3e1778f",
            "766ab97a-38f7-44c8-9d83-9bb3f7a23fc9",
            "fb126252-cd0b-4a15-b0a5-787ab7274ab9"
          ],
          "failures": [],
          "pending": [],
          "skipped": [],
          "duration": 10754,
          "root": false,
          "rootEmpty": false,
          "_timeout": 2000
        }
      ],
      "passes": [],
      "failures": [],
      "pending": [],
      "skipped": [],
      "duration": 0,
      "root": true,
      "rootEmpty": true,
      "_timeout": 2000
    }
  ],
  "meta": {
    "mocha": {
      "version": "7.0.1"
    },
    "mochawesome": {
      "options": {
        "quiet": false,
        "reportFilename": "mochawesome",
        "saveHtml": false,
        "saveJson": true,
        "consoleReporter": "spec",
        "useInlineDiffs": false,
        "code": true
      },
      "version": "7.1.3"
    },
    "marge": {
      "options": {
        "reportDir": "cypress/reports/mocha",
        "overwrite": false,
        "html": false,
        "json": true
      },
      "version": "6.2.0"
    }
  }
}