{
  "stats": {
    "suites": 1,
    "tests": 1,
    "passes": 1,
    "pending": 0,
    "failures": 0,
    "start": "2024-04-15T21:48:28.354Z",
    "end": "2024-04-15T21:48:28.477Z",
    "duration": 123,
    "testsRegistered": 1,
    "passPercent": 100,
    "pendingPercent": 0,
    "other": 0,
    "hasOther": false,
    "skipped": 0,
    "hasSkipped": false
  },
  "results": [
    {
      "uuid": "7d96b41a-c401-4673-bec7-91be9458f0ea",
      "title": "",
      "fullFile": "cypress\\e2e\\_CIVFunding\\CivilianFunding\\api-Test.ts",
      "file": "cypress\\e2e\\_CIVFunding\\CivilianFunding\\api-Test.ts",
      "beforeHooks": [],
      "afterHooks": [],
      "tests": [],
      "suites": [
        {
          "uuid": "d2450e97-d1c4-4090-a34b-d59ab76eabf2",
          "title": "Test SF-182 via API",
          "fullFile": "",
          "file": "",
          "beforeHooks": [],
          "afterHooks": [],
          "tests": [
            {
              "title": "creates SF-182",
              "fullTitle": "Test SF-182 via API creates SF-182",
              "timedOut": null,
              "duration": 104,
              "state": "passed",
              "speed": "fast",
              "pass": true,
              "fail": false,
              "pending": false,
              "context": null,
              "code": "cy.retrieveToken().then((response) => {\n    return response;\n});",
              "err": {},
              "uuid": "53247b64-ef65-401b-b2f7-c7c5b55ee647",
              "parentUUID": "d2450e97-d1c4-4090-a34b-d59ab76eabf2",
              "isHook": false,
              "skipped": false
            }
          ],
          "suites": [],
          "passes": [
            "53247b64-ef65-401b-b2f7-c7c5b55ee647"
          ],
          "failures": [],
          "pending": [],
          "skipped": [],
          "duration": 104,
          "root": false,
          "rootEmpty": false,
          "_timeout": 2000
        }
      ],
      "passes": [],
      "failures": [],
      "pending": [],
      "skipped": [],
      "duration": 0,
      "root": true,
      "rootEmpty": true,
      "_timeout": 2000
    }
  ],
  "meta": {
    "mocha": {
      "version": "7.0.1"
    },
    "mochawesome": {
      "options": {
        "quiet": false,
        "reportFilename": "mochawesome",
        "saveHtml": false,
        "saveJson": true,
        "consoleReporter": "spec",
        "useInlineDiffs": false,
        "code": true
      },
      "version": "7.1.3"
    },
    "marge": {
      "options": {
        "reportDir": "cypress/reports/mocha",
        "overwrite": false,
        "html": false,
        "json": true
      },
      "version": "6.2.0"
    }
  }
}