{
  "stats": {
    "suites": 1,
    "tests": 6,
    "passes": 6,
    "pending": 0,
    "failures": 0,
    "start": "2024-04-15T21:36:48.139Z",
    "end": "2024-04-15T21:37:11.030Z",
    "duration": 22891,
    "testsRegistered": 6,
    "passPercent": 100,
    "pendingPercent": 0,
    "other": 0,
    "hasOther": false,
    "skipped": 0,
    "hasSkipped": false
  },
  "results": [
    {
      "uuid": "8c935d4e-5ee5-4ac1-8a4b-103fc071f3bb",
      "title": "",
      "fullFile": "cypress\\e2e\\accounting\\manage-accounts\\create-single-use-account.ts",
      "file": "cypress\\e2e\\accounting\\manage-accounts\\create-single-use-account.ts",
      "beforeHooks": [],
      "afterHooks": [],
      "tests": [],
      "suites": [
        {
          "uuid": "440e88b9-e2ff-4cda-801d-0244d98f0524",
          "title": "Create Single Use account tests",
          "fullFile": "",
          "file": "",
          "beforeHooks": [],
          "afterHooks": [],
          "tests": [
            {
              "title": "I can navigate to page",
              "fullTitle": "Create Single Use account tests I can navigate to page",
              "timedOut": null,
              "duration": 5671,
              "state": "passed",
              "speed": "medium",
              "pass": true,
              "fail": false,
              "pending": false,
              "context": null,
              "code": "cy.defaultLogin();\ncy.get('fuse-sidebar').within(() => {\n    cy.contains('Accounting').click();\n    cy.wait(100);\n    cy.contains('Manage Accounts').click();\n});\ncy.contains('Manage Accounts').click();",
              "err": {},
              "uuid": "2005ffe1-987e-443f-81d9-3df3f0557502",
              "parentUUID": "440e88b9-e2ff-4cda-801d-0244d98f0524",
              "isHook": false,
              "skipped": false
            },
            {
              "title": "Create account",
              "fullTitle": "Create Single Use account tests Create account",
              "timedOut": null,
              "duration": 3589,
              "state": "passed",
              "speed": "fast",
              "pass": true,
              "fail": false,
              "pending": false,
              "context": null,
              "code": "cy.wait(3000);\ncy.contains('button', 'Add Account').click();\ncy.url().should('include', 'accounting/accounts/add-account');\ncy.get('mat-select').click()\n    .wait(100)\n    .get('mat-option')\n    .contains('Single Use GPC').click();",
              "err": {},
              "uuid": "7fd5718c-c7b9-418a-aa5e-fcefde18e65f",
              "parentUUID": "440e88b9-e2ff-4cda-801d-0244d98f0524",
              "isHook": false,
              "skipped": false
            },
            {
              "title": "I can add required fields",
              "fullTitle": "Create Single Use account tests I can add required fields",
              "timedOut": null,
              "duration": 5525,
              "state": "passed",
              "speed": "medium",
              "pass": true,
              "fail": false,
              "pending": false,
              "context": null,
              "code": "cy.wait(3500);\ncy.getInputControl('accountName').type('test single account');\ncy.getMatSelectControl('fundingRequestType').click()\n    .wait(100)\n    .get('mat-option')\n    .eq(1).click();\ncy.getInputControl('documentNumber').type('123');\ncy.getInputControl('sfis').type('sfis');\ncy.getInputControl('accountOwner').click()\n    .wait(100)\n    .get('mat-option')\n    .eq(1).click();\ncy.getInputControl('nameOnCard').type('card name');\ncy.contains('button', 'Add').click();",
              "err": {},
              "uuid": "ae169130-bcd9-4719-a3ea-4ffd0315924c",
              "parentUUID": "440e88b9-e2ff-4cda-801d-0244d98f0524",
              "isHook": false,
              "skipped": false
            },
            {
              "title": "I can update record",
              "fullTitle": "Create Single Use account tests I can update record",
              "timedOut": null,
              "duration": 5891,
              "state": "passed",
              "speed": "medium",
              "pass": true,
              "fail": false,
              "pending": false,
              "context": null,
              "code": "cy.wait(3500);\ncy.get('datatable-body-cell').contains('test single account').click();\ncy.wait(500);\ncy.getInputControl('accountName').clear().type('update single account');\ncy.getMatSelectControl('fundingRequestType').click()\n    .wait(100)\n    .get('mat-option')\n    .eq(2).click();\ncy.getInputControl('documentNumber').clear().type('321');\ncy.getInputControl('sfis').clear().type('sifs');\ncy.contains('button', 'Update').click();",
              "err": {},
              "uuid": "e1c75132-b191-4346-8d6d-95afbd296bd1",
              "parentUUID": "440e88b9-e2ff-4cda-801d-0244d98f0524",
              "isHook": false,
              "skipped": false
            },
            {
              "title": "I can delete record",
              "fullTitle": "Create Single Use account tests I can delete record",
              "timedOut": null,
              "duration": 1551,
              "state": "passed",
              "speed": "fast",
              "pass": true,
              "fail": false,
              "pending": false,
              "context": null,
              "code": "cy.wait(500);\ncy.get('datatable-body-cell').contains('update single account').click();\ncy.wait(500);\ncy.contains('button', 'Delete').click();\ncy.wait(100);\ncy.contains('button', 'Yes').click();",
              "err": {},
              "uuid": "2f04d9a1-2618-4155-83de-cfcf8988885e",
              "parentUUID": "440e88b9-e2ff-4cda-801d-0244d98f0524",
              "isHook": false,
              "skipped": false
            },
            {
              "title": "Clean up Accounts via API if needed",
              "fullTitle": "Create Single Use account tests Clean up Accounts via API if needed",
              "timedOut": null,
              "duration": 295,
              "state": "passed",
              "speed": "fast",
              "pass": true,
              "fail": false,
              "pending": false,
              "context": null,
              "code": "cy.retrieveToken();\ncy.GetInvoiceAccounts('2024').then((response) => {\n    response.body.forEach((item) => {\n        const alias = item.alias;\n        const id = item.id;\n        if (alias === 'update single account') {\n            cy.DeleteInvoicingAccount(id);\n            console.log('Account deleted on API Check to see why button did not work');\n        }\n        else\n            console.log('No account to delete');\n    });\n});",
              "err": {},
              "uuid": "5eb3e9d5-ca2f-494e-b849-387976724191",
              "parentUUID": "440e88b9-e2ff-4cda-801d-0244d98f0524",
              "isHook": false,
              "skipped": false
            }
          ],
          "suites": [],
          "passes": [
            "2005ffe1-987e-443f-81d9-3df3f0557502",
            "7fd5718c-c7b9-418a-aa5e-fcefde18e65f",
            "ae169130-bcd9-4719-a3ea-4ffd0315924c",
            "e1c75132-b191-4346-8d6d-95afbd296bd1",
            "2f04d9a1-2618-4155-83de-cfcf8988885e",
            "5eb3e9d5-ca2f-494e-b849-387976724191"
          ],
          "failures": [],
          "pending": [],
          "skipped": [],
          "duration": 22522,
          "root": false,
          "rootEmpty": false,
          "_timeout": 2000
        }
      ],
      "passes": [],
      "failures": [],
      "pending": [],
      "skipped": [],
      "duration": 0,
      "root": true,
      "rootEmpty": true,
      "_timeout": 2000
    }
  ],
  "meta": {
    "mocha": {
      "version": "7.0.1"
    },
    "mochawesome": {
      "options": {
        "quiet": false,
        "reportFilename": "mochawesome",
        "saveHtml": false,
        "saveJson": true,
        "consoleReporter": "spec",
        "useInlineDiffs": false,
        "code": true
      },
      "version": "7.1.3"
    },
    "marge": {
      "options": {
        "reportDir": "cypress/reports/mocha",
        "overwrite": false,
        "html": false,
        "json": true
      },
      "version": "6.2.0"
    }
  }
}