{
  "stats": {
    "suites": 1,
    "tests": 13,
    "passes": 13,
    "pending": 0,
    "failures": 0,
    "start": "2024-04-15T21:31:03.231Z",
    "end": "2024-04-15T21:31:58.119Z",
    "duration": 54888,
    "testsRegistered": 13,
    "passPercent": 100,
    "pendingPercent": 0,
    "other": 0,
    "hasOther": false,
    "skipped": 0,
    "hasSkipped": false
  },
  "results": [
    {
      "uuid": "63d819fe-927e-46e0-a908-48dac81f6472",
      "title": "",
      "fullFile": "cypress\\e2e\\_TAFunding\\mil-ta.ts",
      "file": "cypress\\e2e\\_TAFunding\\mil-ta.ts",
      "beforeHooks": [],
      "afterHooks": [],
      "tests": [],
      "suites": [
        {
          "uuid": "a89d763d-1585-4c2f-a6b3-48b67895d319",
          "title": "Create Mil Tuition Assistance Request",
          "fullFile": "",
          "file": "",
          "beforeHooks": [],
          "afterHooks": [],
          "tests": [
            {
              "title": "I can navigate to student search page",
              "fullTitle": "Create Mil Tuition Assistance Request I can navigate to student search page",
              "timedOut": null,
              "duration": 5177,
              "state": "passed",
              "speed": "medium",
              "pass": true,
              "fail": false,
              "pending": false,
              "context": null,
              "code": "cy.defaultLogin();\ncy.contains('Students').click();\ncy.contains('Search').click();",
              "err": {},
              "uuid": "dbe2a244-5d02-41f3-a527-10a9a3ffe4fb",
              "parentUUID": "a89d763d-1585-4c2f-a6b3-48b67895d319",
              "isHook": false,
              "skipped": false
            },
            {
              "title": "I can find cypress test student",
              "fullTitle": "Create Mil Tuition Assistance Request I can find cypress test student",
              "timedOut": null,
              "duration": 5507,
              "state": "passed",
              "speed": "medium",
              "pass": true,
              "fail": false,
              "pending": false,
              "context": null,
              "code": "cy.SearchStudent('Cypress', 'Student');",
              "err": {},
              "uuid": "73d7afdf-66df-41aa-9829-32a64ef0a68e",
              "parentUUID": "a89d763d-1585-4c2f-a6b3-48b67895d319",
              "isHook": false,
              "skipped": false
            },
            {
              "title": "deletes previous TAR via API",
              "fullTitle": "Create Mil Tuition Assistance Request deletes previous TAR via API",
              "timedOut": null,
              "duration": 320,
              "state": "passed",
              "speed": "fast",
              "pass": true,
              "fail": false,
              "pending": false,
              "context": null,
              "code": "cy.retrieveToken();\ncy.getFundingRequest('420').then((response) => {\n    const TarID = response.body[0].id;\n    cy.deleteFundingRequest('420', TarID);\n});",
              "err": {},
              "uuid": "831a5eaf-f9bb-47e2-9404-84dbb9a52ab7",
              "parentUUID": "a89d763d-1585-4c2f-a6b3-48b67895d319",
              "isHook": false,
              "skipped": false
            },
            {
              "title": "delete previous ed goal via API",
              "fullTitle": "Create Mil Tuition Assistance Request delete previous ed goal via API",
              "timedOut": null,
              "duration": 2306,
              "state": "passed",
              "speed": "fast",
              "pass": true,
              "fail": false,
              "pending": false,
              "context": null,
              "code": "cy.retrieveToken();\ncy.GetEducationGoal('420').then((response) => {\n    const goalId = response.body[0].id;\n    cy.DeleteEducationGoal('420', goalId);\n    cy.wait(2000);\n});",
              "err": {},
              "uuid": "843995d9-f057-47c0-90d2-495a3f3d304c",
              "parentUUID": "a89d763d-1585-4c2f-a6b3-48b67895d319",
              "isHook": false,
              "skipped": false
            },
            {
              "title": "creates a new ed goal via API",
              "fullTitle": "Create Mil Tuition Assistance Request creates a new ed goal via API",
              "timedOut": null,
              "duration": 582,
              "state": "passed",
              "speed": "fast",
              "pass": true,
              "fail": false,
              "pending": false,
              "context": null,
              "code": "cy.retrieveToken();\ncy.CreateBachelorsEducationGoal('420');",
              "err": {},
              "uuid": "c97d1ebb-eb23-4dd8-9109-cdbebf1f5f1f",
              "parentUUID": "a89d763d-1585-4c2f-a6b3-48b67895d319",
              "isHook": false,
              "skipped": false
            },
            {
              "title": "I should see correct status for goal",
              "fullTitle": "Create Mil Tuition Assistance Request I should see correct status for goal",
              "timedOut": null,
              "duration": 9929,
              "state": "passed",
              "speed": "medium",
              "pass": true,
              "fail": false,
              "pending": false,
              "context": null,
              "code": "cy.visit('/student/education-goals/goals').wait(3000);\ncy.contains('View Details').click();\ncy.wait(5000);\n// Should see correct status\ncy.screenshot();\ncy.contains('Approved', { matchCase: false });",
              "err": {},
              "uuid": "2bec08bc-a64f-4e11-9365-b16d6fe8ee03",
              "parentUUID": "a89d763d-1585-4c2f-a6b3-48b67895d319",
              "isHook": false,
              "skipped": false
            },
            {
              "title": "I can navigate to the education goals page",
              "fullTitle": "Create Mil Tuition Assistance Request I can navigate to the education goals page",
              "timedOut": null,
              "duration": 1642,
              "state": "passed",
              "speed": "fast",
              "pass": true,
              "fail": false,
              "pending": false,
              "context": null,
              "code": "cy.wait(500);\ncy.contains('Education Goals').click();\ncy.wait(1000);",
              "err": {},
              "uuid": "28e61d59-592f-4051-96f4-1d58372b4d19",
              "parentUUID": "a89d763d-1585-4c2f-a6b3-48b67895d319",
              "isHook": false,
              "skipped": false
            },
            {
              "title": "I can can navigate to create tuition assistance request page",
              "fullTitle": "Create Mil Tuition Assistance Request I can can navigate to create tuition assistance request page",
              "timedOut": null,
              "duration": 2615,
              "state": "passed",
              "speed": "fast",
              "pass": true,
              "fail": false,
              "pending": false,
              "context": null,
              "code": "cy.contains('Issue Funding', { timeout: 30000 }).click({ multiple: true }).wait(2500);",
              "err": {},
              "uuid": "efc6bf24-1fe9-4fbd-b443-351ca72591ff",
              "parentUUID": "a89d763d-1585-4c2f-a6b3-48b67895d319",
              "isHook": false,
              "skipped": false
            },
            {
              "title": "I can start tuition assistance request application",
              "fullTitle": "Create Mil Tuition Assistance Request I can start tuition assistance request application",
              "timedOut": null,
              "duration": 2126,
              "state": "passed",
              "speed": "fast",
              "pass": true,
              "fail": false,
              "pending": false,
              "context": null,
              "code": "cy.contains('Start Application').click().wait(500);\ncy.get('[type=\"radio\"]').check('false', { force: true });\ncy.get('#demographic').click().wait(500);\ncy.get('[formcontrolname=\"campus\"]').click().type('value{downarrow}{enter}');\ncy.get('#institution').click().wait(500);",
              "err": {},
              "uuid": "453c5fef-c126-451b-b8d3-83987a91ac84",
              "parentUUID": "a89d763d-1585-4c2f-a6b3-48b67895d319",
              "isHook": false,
              "skipped": false
            },
            {
              "title": "Enter end date prior to start date and validate error message",
              "fullTitle": "Create Mil Tuition Assistance Request Enter end date prior to start date and validate error message",
              "timedOut": null,
              "duration": 5943,
              "state": "passed",
              "speed": "medium",
              "pass": true,
              "fail": false,
              "pending": false,
              "context": null,
              "code": "//get more than 60 days away\nconst nextWeekDate = moment__WEBPACK_IMPORTED_MODULE_0__().add(8, 'days').format(\"M/DD/YYYY\");\nconst thistWeekDate = moment__WEBPACK_IMPORTED_MODULE_0__().add(2, 'days').format(\"M/DD/YYYY\");\ncy.get('mat-checkbox').contains('Different Term Dates').click().wait(1000);\n//add course Start Date\ncy.contains('Start Date').click()\n    .type(nextWeekDate).wait(1000);\n//add course End Date\ncy.contains('End Date').click()\n    .type(thistWeekDate).wait(1000);\ncy.contains('Term start date cannot be after term end date.').wait(2000);",
              "err": {},
              "uuid": "5fb7b3b9-9409-494b-9645-6be1490c5201",
              "parentUUID": "a89d763d-1585-4c2f-a6b3-48b67895d319",
              "isHook": false,
              "skipped": false
            },
            {
              "title": "Enter correct term dates",
              "fullTitle": "Create Mil Tuition Assistance Request Enter correct term dates",
              "timedOut": null,
              "duration": 3878,
              "state": "passed",
              "speed": "fast",
              "pass": true,
              "fail": false,
              "pending": false,
              "context": null,
              "code": "//get more than 60 days away\nconst todayDate = moment__WEBPACK_IMPORTED_MODULE_0__().add(90, 'days').format(\"M/DD/YYYY\");\nconst tomorrowDate = moment__WEBPACK_IMPORTED_MODULE_0__().add(92, 'days').format(\"M/DD/YYYY\");\n//cy.get('mat-checkbox').contains('Different Term Dates').click().wait(1000)\n// check for only manual input\n//add course Start Date\ncy.get('#startDateSelector').clear();\ncy.get('#startDateSelector')\n    .type(todayDate);\n//add course End Date\ncy.get('#endDateSelector').clear();\ncy.get('#endDateSelector')\n    .type(tomorrowDate).wait(1000);\ncy.getButton('termDates').click().wait(2000);",
              "err": {},
              "uuid": "602f0429-b30a-488c-a290-64bdc531ac2d",
              "parentUUID": "a89d763d-1585-4c2f-a6b3-48b67895d319",
              "isHook": false,
              "skipped": false
            },
            {
              "title": "I can add a course",
              "fullTitle": "Create Mil Tuition Assistance Request I can add a course",
              "timedOut": null,
              "duration": 8994,
              "state": "passed",
              "speed": "medium",
              "pass": true,
              "fail": false,
              "pending": false,
              "context": null,
              "code": "cy.contains('Add Course').click().wait(1000);\ncy.get('#addCourseBtn').click().wait(7000);\ncy.get('[formcontrolname=creditCost]').eq(0).click().wait(500);\n//cy.get('mat-radio-group').contains('$250 - Military TA Undergraduate').click()\ncy.get('#addCourse').click();",
              "err": {},
              "uuid": "f6806906-709d-4df1-ba9e-9156b885f6bb",
              "parentUUID": "a89d763d-1585-4c2f-a6b3-48b67895d319",
              "isHook": false,
              "skipped": false
            },
            {
              "title": "I should see status pending for tuition assistance request",
              "fullTitle": "Create Mil Tuition Assistance Request I should see status pending for tuition assistance request",
              "timedOut": null,
              "duration": 5577,
              "state": "passed",
              "speed": "medium",
              "pass": true,
              "fail": false,
              "pending": false,
              "context": null,
              "code": "cy.get('#submitCourse').click();\n// this is my comment\ncy.wait(5000);\ncy.contains('APPROVED', { matchCase: false });",
              "err": {},
              "uuid": "0df87b48-e8b9-4b25-9ff2-b969428d1a7d",
              "parentUUID": "a89d763d-1585-4c2f-a6b3-48b67895d319",
              "isHook": false,
              "skipped": false
            }
          ],
          "suites": [],
          "passes": [
            "dbe2a244-5d02-41f3-a527-10a9a3ffe4fb",
            "73d7afdf-66df-41aa-9829-32a64ef0a68e",
            "831a5eaf-f9bb-47e2-9404-84dbb9a52ab7",
            "843995d9-f057-47c0-90d2-495a3f3d304c",
            "c97d1ebb-eb23-4dd8-9109-cdbebf1f5f1f",
            "2bec08bc-a64f-4e11-9365-b16d6fe8ee03",
            "28e61d59-592f-4051-96f4-1d58372b4d19",
            "efc6bf24-1fe9-4fbd-b443-351ca72591ff",
            "453c5fef-c126-451b-b8d3-83987a91ac84",
            "5fb7b3b9-9409-494b-9645-6be1490c5201",
            "602f0429-b30a-488c-a290-64bdc531ac2d",
            "f6806906-709d-4df1-ba9e-9156b885f6bb",
            "0df87b48-e8b9-4b25-9ff2-b969428d1a7d"
          ],
          "failures": [],
          "pending": [],
          "skipped": [],
          "duration": 54596,
          "root": false,
          "rootEmpty": false,
          "_timeout": 2000
        }
      ],
      "passes": [],
      "failures": [],
      "pending": [],
      "skipped": [],
      "duration": 0,
      "root": true,
      "rootEmpty": true,
      "_timeout": 2000
    }
  ],
  "meta": {
    "mocha": {
      "version": "7.0.1"
    },
    "mochawesome": {
      "options": {
        "quiet": false,
        "reportFilename": "mochawesome",
        "saveHtml": false,
        "saveJson": true,
        "consoleReporter": "spec",
        "useInlineDiffs": false,
        "code": true
      },
      "version": "7.1.3"
    },
    "marge": {
      "options": {
        "reportDir": "cypress/reports/mocha",
        "overwrite": false,
        "html": false,
        "json": true
      },
      "version": "6.2.0"
    }
  }
}