{
  "stats": {
    "suites": 1,
    "tests": 14,
    "passes": 14,
    "pending": 0,
    "failures": 0,
    "start": "2024-04-15T22:17:08.601Z",
    "end": "2024-04-15T22:18:36.682Z",
    "duration": 88081,
    "testsRegistered": 14,
    "passPercent": 100,
    "pendingPercent": 0,
    "other": 0,
    "hasOther": false,
    "skipped": 0,
    "hasSkipped": false
  },
  "results": [
    {
      "uuid": "e30c9242-f804-44fc-acbd-e9d9d7ad824d",
      "title": "",
      "fullFile": "cypress\\e2e\\user-account\\Update-Guard-SM-Profile.ts",
      "file": "cypress\\e2e\\user-account\\Update-Guard-SM-Profile.ts",
      "beforeHooks": [],
      "afterHooks": [],
      "tests": [],
      "suites": [
        {
          "uuid": "8cde5c92-a849-4576-b198-73b7b3b64c3d",
          "title": "Update Guard SM Profile",
          "fullFile": "",
          "file": "",
          "beforeHooks": [],
          "afterHooks": [],
          "tests": [
            {
              "title": "Logs in as admin user with edit permissions",
              "fullTitle": "Update Guard SM Profile Logs in as admin user with edit permissions",
              "timedOut": null,
              "duration": 4841,
              "state": "passed",
              "speed": "fast",
              "pass": true,
              "fail": false,
              "pending": false,
              "context": null,
              "code": "cy.login('Jeremiah', 'TPO-Lee');",
              "err": {},
              "uuid": "6bf682e3-918c-4afc-9feb-48e0bd3445e8",
              "parentUUID": "8cde5c92-a849-4576-b198-73b7b3b64c3d",
              "isHook": false,
              "skipped": false
            },
            {
              "title": "Finds Guard Student",
              "fullTitle": "Update Guard SM Profile Finds Guard Student",
              "timedOut": null,
              "duration": 5964,
              "state": "passed",
              "speed": "medium",
              "pass": true,
              "fail": false,
              "pending": false,
              "context": null,
              "code": "cy.VisitMenuPage('Students', 'Search');\ncy.SearchStudent('Cypress', 'NationalGuard');",
              "err": {},
              "uuid": "04ff0ca1-5de0-4d2c-97c3-d4a5d00718b0",
              "parentUUID": "8cde5c92-a849-4576-b198-73b7b3b64c3d",
              "isHook": false,
              "skipped": false
            },
            {
              "title": "Update SSN, verify change stuck",
              "fullTitle": "Update Guard SM Profile Update SSN, verify change stuck",
              "timedOut": null,
              "duration": 9154,
              "state": "passed",
              "speed": "medium",
              "pass": true,
              "fail": false,
              "pending": false,
              "context": null,
              "code": "cy.get('input[formcontrolname=ssn]')\n    .click()\n    .wait(1000)\n    .clear()\n    .type('222551265').wait(1000);\ncy.contains('Update').click().wait(2000);\ncy.get('input[formcontrolname=ssn]').should('have.value', '222551265');\ncy.get('input[formcontrolname=ssn]')\n    .click()\n    .wait(1000)\n    .clear()\n    .type('888788888').wait(1000);\ncy.contains('Update').click().wait(2000);\ncy.contains('Update Successful');",
              "err": {},
              "uuid": "7b86930b-07db-47e9-99eb-77659369981e",
              "parentUUID": "8cde5c92-a849-4576-b198-73b7b3b64c3d",
              "isHook": false,
              "skipped": false
            },
            {
              "title": "Update Service Component, verify changes stuck",
              "fullTitle": "Update Guard SM Profile Update Service Component, verify changes stuck",
              "timedOut": null,
              "duration": 4735,
              "state": "passed",
              "speed": "fast",
              "pass": true,
              "fail": false,
              "pending": false,
              "context": null,
              "code": "cy.get('mat-select[formcontrolname=serviceComponentId]').click();\ncy.get('mat-option').contains(' ACTIVE ARMY ').click();\ncy.contains('Update').click().wait(2000);\ncy.contains('ACTIVE ARMY');\ncy.get('mat-select[formcontrolname=serviceComponentId]').click();\ncy.get('mat-option').contains(' NATIONAL GUARD ').click();\ncy.contains('Update').click().wait(2000);\ncy.contains('Update Successful');",
              "err": {},
              "uuid": "49959db5-ec6b-492a-824b-c4210ab380b2",
              "parentUUID": "8cde5c92-a849-4576-b198-73b7b3b64c3d",
              "isHook": false,
              "skipped": false
            },
            {
              "title": "Update Record Status, verify changes stuck",
              "fullTitle": "Update Guard SM Profile Update Record Status, verify changes stuck",
              "timedOut": null,
              "duration": 4698,
              "state": "passed",
              "speed": "fast",
              "pass": true,
              "fail": false,
              "pending": false,
              "context": null,
              "code": "cy.get('mat-select[formcontrolname=studentRecordStatusId]').click();\ncy.get('mat-option').contains(' SEP - Separated ').click();\ncy.contains('Update').click().wait(2000);\ncy.contains('SEP - Separated');\ncy.get('mat-select[formcontrolname=studentRecordStatusId]').click();\ncy.get('mat-option').contains('Active Record').click();\ncy.contains('Update').click().wait(2000);\ncy.contains('Update Successful');",
              "err": {},
              "uuid": "4b592352-3adf-407f-939a-f992038b9c3e",
              "parentUUID": "8cde5c92-a849-4576-b198-73b7b3b64c3d",
              "isHook": false,
              "skipped": false
            },
            {
              "title": "Update Date of Birth",
              "fullTitle": "Update Guard SM Profile Update Date of Birth",
              "timedOut": null,
              "duration": 6662,
              "state": "passed",
              "speed": "medium",
              "pass": true,
              "fail": false,
              "pending": false,
              "context": null,
              "code": "cy.contains('Update').click().wait(2000);\ncy.get('input[formcontrolname=dateOfBirth]')\n    .click()\n    .wait(1000)\n    .clear()\n    .type('1/1/1980').wait(1000);\ncy.contains('Update').click().wait(2000);\ncy.contains('Update Successful');",
              "err": {},
              "uuid": "a4f6b3ad-ff30-4647-8b0b-511c004fc788",
              "parentUUID": "8cde5c92-a849-4576-b198-73b7b3b64c3d",
              "isHook": false,
              "skipped": false
            },
            {
              "title": "Updates Civilian Ed Level, verify changes stuck",
              "fullTitle": "Update Guard SM Profile Updates Civilian Ed Level, verify changes stuck",
              "timedOut": null,
              "duration": 4782,
              "state": "passed",
              "speed": "fast",
              "pass": true,
              "fail": false,
              "pending": false,
              "context": null,
              "code": "cy.get('mat-select[formcontrolname=civilianEducationLevelId]').click();\ncy.get('mat-option').contains(' BACCALAUREATE ').click();\ncy.contains('Update').click().wait(2000);\ncy.contains('BACCALAUREATE');\ncy.get('mat-select[formcontrolname=civilianEducationLevelId]').click();\ncy.get('mat-option').contains(' ADULT/ALT DIPLOMA ').click();\ncy.contains('Update').click().wait(2000);\ncy.contains('ADULT/ALT DIPLOMA');\ncy.contains('Update Successful');",
              "err": {},
              "uuid": "862ab83b-9c33-4203-94b0-def30e73b29e",
              "parentUUID": "8cde5c92-a849-4576-b198-73b7b3b64c3d",
              "isHook": false,
              "skipped": false
            },
            {
              "title": "Updates ETS Date, verify changes stuck",
              "fullTitle": "Update Guard SM Profile Updates ETS Date, verify changes stuck",
              "timedOut": null,
              "duration": 9095,
              "state": "passed",
              "speed": "medium",
              "pass": true,
              "fail": false,
              "pending": false,
              "context": null,
              "code": "cy.get('input[formcontrolname=etsDate]')\n    .click()\n    .wait(1000)\n    .clear()\n    .type('1/1/2028').wait(1000);\ncy.contains('Update').click().wait(2000);\ncy.get('input[formcontrolname=etsDate]')\n    .click()\n    .wait(1000)\n    .clear()\n    .type('1/1/2027').wait(1000);\ncy.contains('Update').click().wait(2000);\ncy.contains('Update Successful');",
              "err": {},
              "uuid": "07b0404e-4858-44a4-8b7c-0b2c96a40ca1",
              "parentUUID": "8cde5c92-a849-4576-b198-73b7b3b64c3d",
              "isHook": false,
              "skipped": false
            },
            {
              "title": "Updates Military Ed Level, verify changes stuck",
              "fullTitle": "Update Guard SM Profile Updates Military Ed Level, verify changes stuck",
              "timedOut": null,
              "duration": 4749,
              "state": "passed",
              "speed": "fast",
              "pass": true,
              "fail": false,
              "pending": false,
              "context": null,
              "code": "cy.get('mat-select[formcontrolname=studentMilitaryEducationLevelId]').click();\ncy.get('mat-option').contains(' ALC ').click();\ncy.contains('Update').click().wait(2000);\ncy.contains('ALC');\ncy.get('mat-select[formcontrolname=studentMilitaryEducationLevelId]').click();\ncy.get('mat-option').contains(' BLC ').click();\ncy.contains('Update').click().wait(2000);\ncy.contains('BLC');\ncy.contains('Update Successful');",
              "err": {},
              "uuid": "d6d6cbda-453b-43bd-aace-80e2875da297",
              "parentUUID": "8cde5c92-a849-4576-b198-73b7b3b64c3d",
              "isHook": false,
              "skipped": false
            },
            {
              "title": "Updates Military Ed Level Status, verify changes stuck",
              "fullTitle": "Update Guard SM Profile Updates Military Ed Level Status, verify changes stuck",
              "timedOut": null,
              "duration": 4729,
              "state": "passed",
              "speed": "fast",
              "pass": true,
              "fail": false,
              "pending": false,
              "context": null,
              "code": "cy.get('mat-select[formcontrolname=studentMilitaryEducationLevelStatusId]').click();\ncy.get('mat-option').contains(' NONE ').click();\ncy.contains('Update').click().wait(2000);\ncy.contains('NONE');\ncy.get('mat-select[formcontrolname=studentMilitaryEducationLevelStatusId]').click();\ncy.get('mat-option').contains(' ENROL ').click();\ncy.contains('Update').click().wait(2000);\ncy.contains('Update Successful');\ncy.contains('ENROL');",
              "err": {},
              "uuid": "59f67d5e-ccdd-4235-8a00-5ce7e531eee6",
              "parentUUID": "8cde5c92-a849-4576-b198-73b7b3b64c3d",
              "isHook": false,
              "skipped": false
            },
            {
              "title": "Updates Primay MOS, verify changes stuck",
              "fullTitle": "Update Guard SM Profile Updates Primay MOS, verify changes stuck",
              "timedOut": null,
              "duration": 6985,
              "state": "passed",
              "speed": "medium",
              "pass": true,
              "fail": false,
              "pending": false,
              "context": null,
              "code": "cy.get('input[formcontrolname=mos]').click().wait(1000).clear().type('00Z');\ncy.contains('Update').click().wait(2000);\ncy.get('input[formcontrolname=mos]').click().wait(1000).clear().type('12A');\ncy.contains('Update').click().wait(2000);\ncy.contains('Update Successful');",
              "err": {},
              "uuid": "3d1672b9-9346-4867-ab1c-ef9fa514a345",
              "parentUUID": "8cde5c92-a849-4576-b198-73b7b3b64c3d",
              "isHook": false,
              "skipped": false
            },
            {
              "title": "Updates Secondary MOS, verify changes stuck",
              "fullTitle": "Update Guard SM Profile Updates Secondary MOS, verify changes stuck",
              "timedOut": null,
              "duration": 7024,
              "state": "passed",
              "speed": "medium",
              "pass": true,
              "fail": false,
              "pending": false,
              "context": null,
              "code": "cy.get('input[formcontrolname=mos2]').click().wait(1000).clear().type('00Z');\ncy.contains('Update').click().wait(2000);\ncy.get('input[formcontrolname=mos2]').click().wait(1000).clear().type('11B');\ncy.contains('Update').click().wait(2000);\ncy.contains('Update Successful');",
              "err": {},
              "uuid": "113427bc-e180-4a20-af30-65b7d7515a8c",
              "parentUUID": "8cde5c92-a849-4576-b198-73b7b3b64c3d",
              "isHook": false,
              "skipped": false
            },
            {
              "title": "Updates Assigned Unit, verify changes stuck",
              "fullTitle": "Update Guard SM Profile Updates Assigned Unit, verify changes stuck",
              "timedOut": null,
              "duration": 7042,
              "state": "passed",
              "speed": "medium",
              "pass": true,
              "fail": false,
              "pending": false,
              "context": null,
              "code": "cy.get('input[formcontrolname=assignedUnit]').click().wait(1000).clear().type('W0A001');\ncy.contains('Update').click().wait(2000);\ncy.get('input[formcontrolname=assignedUnit]').click().wait(1000).clear().type('W0A0AA');\ncy.contains('Update').click().wait(2000);\ncy.contains('Update Successful');",
              "err": {},
              "uuid": "0e06f8ed-ad69-467f-a7fa-4c65d3ae9706",
              "parentUUID": "8cde5c92-a849-4576-b198-73b7b3b64c3d",
              "isHook": false,
              "skipped": false
            },
            {
              "title": "Updates Attached Unit, verify changes stuck",
              "fullTitle": "Update Guard SM Profile Updates Attached Unit, verify changes stuck",
              "timedOut": null,
              "duration": 7025,
              "state": "passed",
              "speed": "medium",
              "pass": true,
              "fail": false,
              "pending": false,
              "context": null,
              "code": "cy.get('input[formcontrolname=attachedUnit]').click().wait(1000).clear().type('W0A001');\ncy.contains('Update').click().wait(2000);\ncy.get('input[formcontrolname=attachedUnit]').click().wait(1000).clear().type('W0A0AA');\ncy.contains('Update').click().wait(2000);\ncy.contains('Update Successful');",
              "err": {},
              "uuid": "722595e8-7f2d-4cc3-8343-e0c94c56d842",
              "parentUUID": "8cde5c92-a849-4576-b198-73b7b3b64c3d",
              "isHook": false,
              "skipped": false
            }
          ],
          "suites": [],
          "passes": [
            "6bf682e3-918c-4afc-9feb-48e0bd3445e8",
            "04ff0ca1-5de0-4d2c-97c3-d4a5d00718b0",
            "7b86930b-07db-47e9-99eb-77659369981e",
            "49959db5-ec6b-492a-824b-c4210ab380b2",
            "4b592352-3adf-407f-939a-f992038b9c3e",
            "a4f6b3ad-ff30-4647-8b0b-511c004fc788",
            "862ab83b-9c33-4203-94b0-def30e73b29e",
            "07b0404e-4858-44a4-8b7c-0b2c96a40ca1",
            "d6d6cbda-453b-43bd-aace-80e2875da297",
            "59f67d5e-ccdd-4235-8a00-5ce7e531eee6",
            "3d1672b9-9346-4867-ab1c-ef9fa514a345",
            "113427bc-e180-4a20-af30-65b7d7515a8c",
            "0e06f8ed-ad69-467f-a7fa-4c65d3ae9706",
            "722595e8-7f2d-4cc3-8343-e0c94c56d842"
          ],
          "failures": [],
          "pending": [],
          "skipped": [],
          "duration": 87485,
          "root": false,
          "rootEmpty": false,
          "_timeout": 2000
        }
      ],
      "passes": [],
      "failures": [],
      "pending": [],
      "skipped": [],
      "duration": 0,
      "root": true,
      "rootEmpty": true,
      "_timeout": 2000
    }
  ],
  "meta": {
    "mocha": {
      "version": "7.0.1"
    },
    "mochawesome": {
      "options": {
        "quiet": false,
        "reportFilename": "mochawesome",
        "saveHtml": false,
        "saveJson": true,
        "consoleReporter": "spec",
        "useInlineDiffs": false,
        "code": true
      },
      "version": "7.1.3"
    },
    "marge": {
      "options": {
        "reportDir": "cypress/reports/mocha",
        "overwrite": false,
        "html": false,
        "json": true
      },
      "version": "6.2.0"
    }
  }
}