{
  "stats": {
    "suites": 1,
    "tests": 8,
    "passes": 8,
    "pending": 0,
    "failures": 0,
    "start": "2024-04-15T21:40:15.787Z",
    "end": "2024-04-15T21:40:48.385Z",
    "duration": 32598,
    "testsRegistered": 8,
    "passPercent": 100,
    "pendingPercent": 0,
    "other": 0,
    "hasOther": false,
    "skipped": 0,
    "hasSkipped": false
  },
  "results": [
    {
      "uuid": "668578a2-54e7-4ba8-91a1-aedd1cad1f61",
      "title": "",
      "fullFile": "cypress\\e2e\\messages\\Cadre-Cadet-Messages\\Cadre-Cadet-Resolve.ts",
      "file": "cypress\\e2e\\messages\\Cadre-Cadet-Messages\\Cadre-Cadet-Resolve.ts",
      "beforeHooks": [],
      "afterHooks": [],
      "tests": [],
      "suites": [
        {
          "uuid": "6d2d4de6-df22-47fd-ab77-0ce1c8c35537",
          "title": "Cadre Replies to Cadet Message Test",
          "fullFile": "",
          "file": "",
          "beforeHooks": [],
          "afterHooks": [],
          "tests": [
            {
              "title": "Cadet sends message",
              "fullTitle": "Cadre Replies to Cadet Message Test Cadet sends message",
              "timedOut": null,
              "duration": 170,
              "state": "passed",
              "speed": "fast",
              "pass": true,
              "fail": false,
              "pending": false,
              "context": null,
              "code": "const d = new Date();\ncy.retrieveStudentToken(3067);\ncy.CreateStudentMessage('3067', '19', 'Cadet Test Message: ' + d.toLocaleDateString('en-us'), 'Test message from Cadet. Should be visible by Cadre at 1BDE');",
              "err": {},
              "uuid": "3bb1f8ee-92e8-465a-82e0-297587a5ff9b",
              "parentUUID": "6d2d4de6-df22-47fd-ab77-0ce1c8c35537",
              "isHook": false,
              "skipped": false
            },
            {
              "title": "Log in as Cadre, navigate to Messages",
              "fullTitle": "Cadre Replies to Cadet Message Test Log in as Cadre, navigate to Messages",
              "timedOut": null,
              "duration": 8424,
              "state": "passed",
              "speed": "medium",
              "pass": true,
              "fail": false,
              "pending": false,
              "context": null,
              "code": "cy.visit('/account/impersonate');\ncy.login('Cypress', 'Cadre-1BDE');\ncy.visit('/messages/general')\n    .wait(2000);",
              "err": {},
              "uuid": "9362736d-015e-4bb9-aa8a-45413268313e",
              "parentUUID": "6d2d4de6-df22-47fd-ab77-0ce1c8c35537",
              "isHook": false,
              "skipped": false
            },
            {
              "title": "Cadre finds message from cadet",
              "fullTitle": "Cadre Replies to Cadet Message Test Cadre finds message from cadet",
              "timedOut": null,
              "duration": 2223,
              "state": "passed",
              "speed": "fast",
              "pass": true,
              "fail": false,
              "pending": false,
              "context": null,
              "code": "const d = new Date();\ncy.contains('datatable-body-row', 'Cadet Test Message: ' + d.toLocaleDateString('en-us'))\n    .click()\n    .wait(2000);\ncy.contains('Test message from Cadet. Should be visible by Cadre at 1BDE');",
              "err": {},
              "uuid": "a653e7fb-cc6d-4082-b723-fe64d20e568b",
              "parentUUID": "6d2d4de6-df22-47fd-ab77-0ce1c8c35537",
              "isHook": false,
              "skipped": false
            },
            {
              "title": "Cadre resolves message",
              "fullTitle": "Cadre Replies to Cadet Message Test Cadre resolves message",
              "timedOut": null,
              "duration": 4248,
              "state": "passed",
              "speed": "fast",
              "pass": true,
              "fail": false,
              "pending": false,
              "context": null,
              "code": "cy.contains('button', 'Resolve')\n    .click()\n    .wait(2000);\ncy.contains('button', 'Resolved')\n    .click()\n    .wait(2000);",
              "err": {},
              "uuid": "9eee3e46-1460-4cb9-b12f-673db8d3e809",
              "parentUUID": "6d2d4de6-df22-47fd-ab77-0ce1c8c35537",
              "isHook": false,
              "skipped": false
            },
            {
              "title": "Navigate to Student Portal",
              "fullTitle": "Cadre Replies to Cadet Message Test Navigate to Student Portal",
              "timedOut": null,
              "duration": 7420,
              "state": "passed",
              "speed": "medium",
              "pass": true,
              "fail": false,
              "pending": false,
              "context": null,
              "code": "cy.visit(\"https://dev.bamtech.net/student/account/impersonate\")\n    .wait(3000);\ncy.visit(\"https://dev.bamtech.net/student/account/impersonate\")\n    .wait(2000);",
              "err": {},
              "uuid": "98459f38-a3bc-4328-955f-d8f7769c9ed5",
              "parentUUID": "6d2d4de6-df22-47fd-ab77-0ce1c8c35537",
              "isHook": false,
              "skipped": false
            },
            {
              "title": "Login as Cadet",
              "fullTitle": "Cadre Replies to Cadet Message Test Login as Cadet",
              "timedOut": null,
              "duration": 7689,
              "state": "passed",
              "speed": "medium",
              "pass": true,
              "fail": false,
              "pending": false,
              "context": null,
              "code": "cy.get('#firstName').type('Cypress');\ncy.get('#lastName').type('Cadet-1BDE');\ncy.wait(2000);\ncy.get('.d-flex .flex-column', { timeout: 50000 }).contains('Cypress Cadet-1BDE')\n    .click()\n    .wait(5000);",
              "err": {},
              "uuid": "8fb3e3e2-eda5-4fbf-9605-9f531efcea0b",
              "parentUUID": "6d2d4de6-df22-47fd-ab77-0ce1c8c35537",
              "isHook": false,
              "skipped": false
            },
            {
              "title": "Navigate to messages",
              "fullTitle": "Cadre Replies to Cadet Message Test Navigate to messages",
              "timedOut": null,
              "duration": 2160,
              "state": "passed",
              "speed": "fast",
              "pass": true,
              "fail": false,
              "pending": false,
              "context": null,
              "code": "cy.contains('Messages')\n    .click()\n    .wait(2000);",
              "err": {},
              "uuid": "56f9e6ea-70f6-45af-b8e4-4d22a42448d3",
              "parentUUID": "6d2d4de6-df22-47fd-ab77-0ce1c8c35537",
              "isHook": false,
              "skipped": false
            },
            {
              "title": "Cadet receives message",
              "fullTitle": "Cadre Replies to Cadet Message Test Cadet receives message",
              "timedOut": null,
              "duration": 136,
              "state": "passed",
              "speed": "fast",
              "pass": true,
              "fail": false,
              "pending": false,
              "context": null,
              "code": "const d = new Date();\nconst formattedDate = moment__WEBPACK_IMPORTED_MODULE_0__(d).format('ddd MM/DD/yyyy');\ncy.contains(formattedDate)\n    .parent('div')\n    .within(() => {\n    cy.get('mat-icon')\n        .contains('check');\n});",
              "err": {},
              "uuid": "d6d93821-7ec2-40ea-9d69-455451d3ebc1",
              "parentUUID": "6d2d4de6-df22-47fd-ab77-0ce1c8c35537",
              "isHook": false,
              "skipped": false
            }
          ],
          "suites": [],
          "passes": [
            "3bb1f8ee-92e8-465a-82e0-297587a5ff9b",
            "9362736d-015e-4bb9-aa8a-45413268313e",
            "a653e7fb-cc6d-4082-b723-fe64d20e568b",
            "9eee3e46-1460-4cb9-b12f-673db8d3e809",
            "98459f38-a3bc-4328-955f-d8f7769c9ed5",
            "8fb3e3e2-eda5-4fbf-9605-9f531efcea0b",
            "56f9e6ea-70f6-45af-b8e4-4d22a42448d3",
            "d6d93821-7ec2-40ea-9d69-455451d3ebc1"
          ],
          "failures": [],
          "pending": [],
          "skipped": [],
          "duration": 32470,
          "root": false,
          "rootEmpty": false,
          "_timeout": 2000
        }
      ],
      "passes": [],
      "failures": [],
      "pending": [],
      "skipped": [],
      "duration": 0,
      "root": true,
      "rootEmpty": true,
      "_timeout": 2000
    }
  ],
  "meta": {
    "mocha": {
      "version": "7.0.1"
    },
    "mochawesome": {
      "options": {
        "quiet": false,
        "reportFilename": "mochawesome",
        "saveHtml": false,
        "saveJson": true,
        "consoleReporter": "spec",
        "useInlineDiffs": false,
        "code": true
      },
      "version": "7.1.3"
    },
    "marge": {
      "options": {
        "reportDir": "cypress/reports/mocha",
        "overwrite": false,
        "html": false,
        "json": true
      },
      "version": "6.2.0"
    }
  }
}