{
  "stats": {
    "suites": 1,
    "tests": 21,
    "passes": 21,
    "pending": 0,
    "failures": 0,
    "start": "2024-04-15T21:17:32.104Z",
    "end": "2024-04-15T21:19:32.880Z",
    "duration": 120776,
    "testsRegistered": 21,
    "passPercent": 100,
    "pendingPercent": 0,
    "other": 0,
    "hasOther": false,
    "skipped": 0,
    "hasSkipped": false
  },
  "results": [
    {
      "uuid": "741c0c2b-11c5-4fdd-9958-20fa65afb304",
      "title": "",
      "fullFile": "cypress\\e2e\\_CAFunding\\Credentialing-Assitance-nonMOS.ts",
      "file": "cypress\\e2e\\_CAFunding\\Credentialing-Assitance-nonMOS.ts",
      "beforeHooks": [],
      "afterHooks": [],
      "tests": [],
      "suites": [
        {
          "uuid": "8502f3f6-15c8-4936-b983-fc8ab111bb80",
          "title": "Create Credentialing Assitance non MOS Related Goal",
          "fullFile": "",
          "file": "",
          "beforeHooks": [],
          "afterHooks": [],
          "tests": [
            {
              "title": "I can navigate to student search page",
              "fullTitle": "Create Credentialing Assitance non MOS Related Goal I can navigate to student search page",
              "timedOut": null,
              "duration": 9410,
              "state": "passed",
              "speed": "medium",
              "pass": true,
              "fail": false,
              "pending": false,
              "context": null,
              "code": "cy.defaultLogin();\ncy.wait(2000);\ncy.VisitMenuPage('Student', 'Search');\ncy.wait(2000);",
              "err": {},
              "uuid": "5bcdccc3-9586-45bc-8b72-1d266bd69d61",
              "parentUUID": "8502f3f6-15c8-4936-b983-fc8ab111bb80",
              "isHook": false,
              "skipped": false
            },
            {
              "title": "I can find cypress test student",
              "fullTitle": "Create Credentialing Assitance non MOS Related Goal I can find cypress test student",
              "timedOut": null,
              "duration": 8359,
              "state": "passed",
              "speed": "medium",
              "pass": true,
              "fail": false,
              "pending": false,
              "context": null,
              "code": "cy.SearchStudent('Cypress', 'Active NonMOS');\ncy.wait(1000);\ncy.contains(' Funding Requests ').click().wait(1500);",
              "err": {},
              "uuid": "e155c8cb-4d09-4ea9-8b95-5d24440447ff",
              "parentUUID": "8502f3f6-15c8-4936-b983-fc8ab111bb80",
              "isHook": false,
              "skipped": false
            },
            {
              "title": "Can delete all funding requests",
              "fullTitle": "Create Credentialing Assitance non MOS Related Goal Can delete all funding requests",
              "timedOut": null,
              "duration": 163,
              "state": "passed",
              "speed": "fast",
              "pass": true,
              "fail": false,
              "pending": false,
              "context": null,
              "code": "const studentID = '1652';\ncy.retrieveToken().then((response) => { });\ncy.DeleteAllFundingRequests(studentID);",
              "err": {},
              "uuid": "3d3ed577-2e98-401a-8a69-291454d0941d",
              "parentUUID": "8502f3f6-15c8-4936-b983-fc8ab111bb80",
              "isHook": false,
              "skipped": false
            },
            {
              "title": "Delete all education goals",
              "fullTitle": "Create Credentialing Assitance non MOS Related Goal Delete all education goals",
              "timedOut": null,
              "duration": 475,
              "state": "passed",
              "speed": "fast",
              "pass": true,
              "fail": false,
              "pending": false,
              "context": null,
              "code": "const studentID = '1652';\ncy.retrieveToken().then((response) => { });\ncy.DeleteAllEducationGoals(studentID);",
              "err": {},
              "uuid": "8dc37d5a-81ca-4051-a248-42d0b2b810e9",
              "parentUUID": "8502f3f6-15c8-4936-b983-fc8ab111bb80",
              "isHook": false,
              "skipped": false
            },
            {
              "title": "I can can navigate to create new goal page",
              "fullTitle": "Create Credentialing Assitance non MOS Related Goal I can can navigate to create new goal page",
              "timedOut": null,
              "duration": 1264,
              "state": "passed",
              "speed": "fast",
              "pass": true,
              "fail": false,
              "pending": false,
              "context": null,
              "code": "cy.contains('Education Goals').click();\ncy.wait(500);\ncy.contains('Create New Goal', { timeout: 30000, matchCase: false }).click();\ncy.contains('Credentialing Assistance - Non MOS Related ', { timeout: 30000, matchCase: false }).click();",
              "err": {},
              "uuid": "a633a471-41fd-4af5-b58e-9a51589523ea",
              "parentUUID": "8502f3f6-15c8-4936-b983-fc8ab111bb80",
              "isHook": false,
              "skipped": false
            },
            {
              "title": "I can start creating a goal",
              "fullTitle": "Create Credentialing Assitance non MOS Related Goal I can start creating a goal",
              "timedOut": null,
              "duration": 2149,
              "state": "passed",
              "speed": "fast",
              "pass": true,
              "fail": false,
              "pending": false,
              "context": null,
              "code": "// Institution\ncy.getInputControl('titleKeyword').type('AWS Certified DevOps Engineer - Professional');\ncy.wait(1000);\ncy.contains('AWS Certified DevOps Engineer - Professional').click();\n// Next\ncy.get('#credential').click({ force: true });\ncy.contains('button', 'Yes').click();",
              "err": {},
              "uuid": "d651130a-30e5-43c1-8367-6eb3c60d4ee5",
              "parentUUID": "8502f3f6-15c8-4936-b983-fc8ab111bb80",
              "isHook": false,
              "skipped": false
            },
            {
              "title": "I should see correct status for goal",
              "fullTitle": "Create Credentialing Assitance non MOS Related Goal I should see correct status for goal",
              "timedOut": null,
              "duration": 7569,
              "state": "passed",
              "speed": "medium",
              "pass": true,
              "fail": false,
              "pending": false,
              "context": null,
              "code": "cy.contains('View Details').click();\ncy.wait(5000);\n// Should see correct status\ncy.screenshot();\ncy.contains('Approved', { matchCase: false }).wait(1000);",
              "err": {},
              "uuid": "5ec66e1c-364e-4f57-849a-4d68478bed04",
              "parentUUID": "8502f3f6-15c8-4936-b983-fc8ab111bb80",
              "isHook": false,
              "skipped": false
            },
            {
              "title": "I can navigate to student search page",
              "fullTitle": "Create Credentialing Assitance non MOS Related Goal I can navigate to student search page",
              "timedOut": null,
              "duration": 9002,
              "state": "passed",
              "speed": "medium",
              "pass": true,
              "fail": false,
              "pending": false,
              "context": null,
              "code": "cy.defaultLogin();\ncy.wait(2000);\ncy.VisitMenuPage('Student', 'Search');\ncy.wait(2000);",
              "err": {},
              "uuid": "38dee918-8150-4be2-a3a4-780c7ed044de",
              "parentUUID": "8502f3f6-15c8-4936-b983-fc8ab111bb80",
              "isHook": false,
              "skipped": false
            },
            {
              "title": "I can find ReserveTa Student student",
              "fullTitle": "Create Credentialing Assitance non MOS Related Goal I can find ReserveTa Student student",
              "timedOut": null,
              "duration": 8240,
              "state": "passed",
              "speed": "medium",
              "pass": true,
              "fail": false,
              "pending": false,
              "context": null,
              "code": "cy.SearchStudent('Cypress', 'Reserve NonMOS');\ncy.wait(1000);\ncy.contains(' Funding Requests ').click().wait(1500);",
              "err": {},
              "uuid": "b25ffeb9-099b-427c-9faa-378626665d93",
              "parentUUID": "8502f3f6-15c8-4936-b983-fc8ab111bb80",
              "isHook": false,
              "skipped": false
            },
            {
              "title": "Can delete all funding requests",
              "fullTitle": "Create Credentialing Assitance non MOS Related Goal Can delete all funding requests",
              "timedOut": null,
              "duration": 143,
              "state": "passed",
              "speed": "fast",
              "pass": true,
              "fail": false,
              "pending": false,
              "context": null,
              "code": "const studentID = '3507';\ncy.retrieveToken().then((response) => { });\ncy.DeleteAllFundingRequests(studentID);",
              "err": {},
              "uuid": "1365549d-cdf0-45c5-81a6-85c6c1260658",
              "parentUUID": "8502f3f6-15c8-4936-b983-fc8ab111bb80",
              "isHook": false,
              "skipped": false
            },
            {
              "title": "Delete all education goals",
              "fullTitle": "Create Credentialing Assitance non MOS Related Goal Delete all education goals",
              "timedOut": null,
              "duration": 318,
              "state": "passed",
              "speed": "fast",
              "pass": true,
              "fail": false,
              "pending": false,
              "context": null,
              "code": "const studentID = '3507';\ncy.retrieveToken().then((response) => { });\ncy.DeleteAllEducationGoals(studentID);",
              "err": {},
              "uuid": "951f4ae6-af07-4e2f-82ec-76ccf52e4a86",
              "parentUUID": "8502f3f6-15c8-4936-b983-fc8ab111bb80",
              "isHook": false,
              "skipped": false
            },
            {
              "title": "I can can navigate to create new goal page",
              "fullTitle": "Create Credentialing Assitance non MOS Related Goal I can can navigate to create new goal page",
              "timedOut": null,
              "duration": 18049,
              "state": "passed",
              "speed": "slow",
              "pass": true,
              "fail": false,
              "pending": false,
              "context": null,
              "code": "cy.wait(1000);\ncy.contains('Education Goals').click();\ncy.wait(1500);\ncy.contains('Create New Goal', { timeout: 30000, matchCase: false }).click();\ncy.contains('Credentialing Assistance - Non MOS Related ', { timeout: 30000, matchCase: false }).click();\ncy.wait(15000);",
              "err": {},
              "uuid": "7ae0e764-be09-4015-9b7e-3cb7344d9eea",
              "parentUUID": "8502f3f6-15c8-4936-b983-fc8ab111bb80",
              "isHook": false,
              "skipped": false
            },
            {
              "title": "I can start creating a goal",
              "fullTitle": "Create Credentialing Assitance non MOS Related Goal I can start creating a goal",
              "timedOut": null,
              "duration": 4175,
              "state": "passed",
              "speed": "fast",
              "pass": true,
              "fail": false,
              "pending": false,
              "context": null,
              "code": "// Institution\ncy.getInputControl('titleKeyword').type('CISSP');\ncy.wait(1000);\ncy.contains('Certified Information Systems Security Professional (CISSP)').click();\ncy.wait(1000);\n// Next\ncy.get('#credential').click({ force: true });\ncy.contains('button', 'Yes').click();\ncy.wait(1500);",
              "err": {},
              "uuid": "85f48ba9-ba80-4e3f-8054-9d721090b236",
              "parentUUID": "8502f3f6-15c8-4936-b983-fc8ab111bb80",
              "isHook": false,
              "skipped": false
            },
            {
              "title": "I should see correct status for goal",
              "fullTitle": "Create Credentialing Assitance non MOS Related Goal I should see correct status for goal",
              "timedOut": null,
              "duration": 3521,
              "state": "passed",
              "speed": "fast",
              "pass": true,
              "fail": false,
              "pending": false,
              "context": null,
              "code": "cy.contains('View Details').click();\ncy.wait(3000);\n// Should see correct status\ncy.screenshot();\ncy.contains('Approved', { matchCase: false });",
              "err": {},
              "uuid": "8b2efce6-8572-4ffe-b0de-b7a1f20d1e77",
              "parentUUID": "8502f3f6-15c8-4936-b983-fc8ab111bb80",
              "isHook": false,
              "skipped": false
            },
            {
              "title": "I can navigate to ANGTA Student search page",
              "fullTitle": "Create Credentialing Assitance non MOS Related Goal I can navigate to ANGTA Student search page",
              "timedOut": null,
              "duration": 8209,
              "state": "passed",
              "speed": "medium",
              "pass": true,
              "fail": false,
              "pending": false,
              "context": null,
              "code": "cy.defaultLogin();\ncy.wait(2000);\ncy.VisitMenuPage('Student', 'Search');\ncy.wait(1500);",
              "err": {},
              "uuid": "8e28d688-c49b-4586-8837-45b92dd4185f",
              "parentUUID": "8502f3f6-15c8-4936-b983-fc8ab111bb80",
              "isHook": false,
              "skipped": false
            },
            {
              "title": "I can find cypress test student",
              "fullTitle": "Create Credentialing Assitance non MOS Related Goal I can find cypress test student",
              "timedOut": null,
              "duration": 8146,
              "state": "passed",
              "speed": "medium",
              "pass": true,
              "fail": false,
              "pending": false,
              "context": null,
              "code": "cy.SearchStudent('Cypress', 'AngTa Student');\ncy.wait(1000);\ncy.contains(' Funding Requests ').click().wait(1500);",
              "err": {},
              "uuid": "83526d18-1f95-450c-ace0-befef95be896",
              "parentUUID": "8502f3f6-15c8-4936-b983-fc8ab111bb80",
              "isHook": false,
              "skipped": false
            },
            {
              "title": "Can delete all funding requests",
              "fullTitle": "Create Credentialing Assitance non MOS Related Goal Can delete all funding requests",
              "timedOut": null,
              "duration": 139,
              "state": "passed",
              "speed": "fast",
              "pass": true,
              "fail": false,
              "pending": false,
              "context": null,
              "code": "const studentID = '232';\ncy.retrieveToken().then((response) => { });\ncy.DeleteAllFundingRequests(studentID);",
              "err": {},
              "uuid": "142f478f-e22f-4fcd-ac46-2bf6f8a8b076",
              "parentUUID": "8502f3f6-15c8-4936-b983-fc8ab111bb80",
              "isHook": false,
              "skipped": false
            },
            {
              "title": "Delete all education goals",
              "fullTitle": "Create Credentialing Assitance non MOS Related Goal Delete all education goals",
              "timedOut": null,
              "duration": 287,
              "state": "passed",
              "speed": "fast",
              "pass": true,
              "fail": false,
              "pending": false,
              "context": null,
              "code": "const studentID = '232';\ncy.retrieveToken().then((response) => { });\ncy.DeleteAllEducationGoals(studentID);",
              "err": {},
              "uuid": "c6ce12f4-7202-4d54-916f-878c39d936dc",
              "parentUUID": "8502f3f6-15c8-4936-b983-fc8ab111bb80",
              "isHook": false,
              "skipped": false
            },
            {
              "title": "I can can navigate to create new goal page",
              "fullTitle": "Create Credentialing Assitance non MOS Related Goal I can can navigate to create new goal page",
              "timedOut": null,
              "duration": 21889,
              "state": "passed",
              "speed": "slow",
              "pass": true,
              "fail": false,
              "pending": false,
              "context": null,
              "code": "cy.contains('Education Goals').click();\ncy.wait(3500);\ncy.contains('Create New Goal', { timeout: 30000, matchCase: false }).click().wait(3000);\ncy.contains('Credentialing Assistance - Non MOS Related ', { timeout: 30000, matchCase: false }).click();\ncy.wait(15000);",
              "err": {},
              "uuid": "c7f4ccd5-d356-41c9-97b0-30755959b1c0",
              "parentUUID": "8502f3f6-15c8-4936-b983-fc8ab111bb80",
              "isHook": false,
              "skipped": false
            },
            {
              "title": "I can start creating a goal",
              "fullTitle": "Create Credentialing Assitance non MOS Related Goal I can start creating a goal",
              "timedOut": null,
              "duration": 3157,
              "state": "passed",
              "speed": "fast",
              "pass": true,
              "fail": false,
              "pending": false,
              "context": null,
              "code": "// Institution\ncy.getInputControl('titleKeyword').type('CompTIA');\ncy.wait(1000);\ncy.contains('CompTIA A+').click();\n// Next\ncy.get('#credential').click({ force: true });\ncy.contains('button', 'Yes').click();\ncy.wait(1500);",
              "err": {},
              "uuid": "440c9834-252e-4b4b-8018-d7660405c4d5",
              "parentUUID": "8502f3f6-15c8-4936-b983-fc8ab111bb80",
              "isHook": false,
              "skipped": false
            },
            {
              "title": "I should see correct status for goal",
              "fullTitle": "Create Credentialing Assitance non MOS Related Goal I should see correct status for goal",
              "timedOut": null,
              "duration": 5630,
              "state": "passed",
              "speed": "medium",
              "pass": true,
              "fail": false,
              "pending": false,
              "context": null,
              "code": "cy.contains('View Details').click();\ncy.wait(5000);\n// Should see correct status\ncy.screenshot();\ncy.contains('Approved', { matchCase: false });",
              "err": {},
              "uuid": "26ac4cdf-0048-4722-9530-db8ac28d67d0",
              "parentUUID": "8502f3f6-15c8-4936-b983-fc8ab111bb80",
              "isHook": false,
              "skipped": false
            }
          ],
          "suites": [],
          "passes": [
            "5bcdccc3-9586-45bc-8b72-1d266bd69d61",
            "e155c8cb-4d09-4ea9-8b95-5d24440447ff",
            "3d3ed577-2e98-401a-8a69-291454d0941d",
            "8dc37d5a-81ca-4051-a248-42d0b2b810e9",
            "a633a471-41fd-4af5-b58e-9a51589523ea",
            "d651130a-30e5-43c1-8367-6eb3c60d4ee5",
            "5ec66e1c-364e-4f57-849a-4d68478bed04",
            "38dee918-8150-4be2-a3a4-780c7ed044de",
            "b25ffeb9-099b-427c-9faa-378626665d93",
            "1365549d-cdf0-45c5-81a6-85c6c1260658",
            "951f4ae6-af07-4e2f-82ec-76ccf52e4a86",
            "7ae0e764-be09-4015-9b7e-3cb7344d9eea",
            "85f48ba9-ba80-4e3f-8054-9d721090b236",
            "8b2efce6-8572-4ffe-b0de-b7a1f20d1e77",
            "8e28d688-c49b-4586-8837-45b92dd4185f",
            "83526d18-1f95-450c-ace0-befef95be896",
            "142f478f-e22f-4fcd-ac46-2bf6f8a8b076",
            "c6ce12f4-7202-4d54-916f-878c39d936dc",
            "c7f4ccd5-d356-41c9-97b0-30755959b1c0",
            "440c9834-252e-4b4b-8018-d7660405c4d5",
            "26ac4cdf-0048-4722-9530-db8ac28d67d0"
          ],
          "failures": [],
          "pending": [],
          "skipped": [],
          "duration": 120294,
          "root": false,
          "rootEmpty": false,
          "_timeout": 2000
        }
      ],
      "passes": [],
      "failures": [],
      "pending": [],
      "skipped": [],
      "duration": 0,
      "root": true,
      "rootEmpty": true,
      "_timeout": 2000
    }
  ],
  "meta": {
    "mocha": {
      "version": "7.0.1"
    },
    "mochawesome": {
      "options": {
        "quiet": false,
        "reportFilename": "mochawesome",
        "saveHtml": false,
        "saveJson": true,
        "consoleReporter": "spec",
        "useInlineDiffs": false,
        "code": true
      },
      "version": "7.1.3"
    },
    "marge": {
      "options": {
        "reportDir": "cypress/reports/mocha",
        "overwrite": false,
        "html": false,
        "json": true
      },
      "version": "6.2.0"
    }
  }
}